<?xml version="1.0" encoding="UTF-8"?>
<testsuite xmlns:xsi="http://www.w3.org/2001/XMLSchema-instance" xsi:noNamespaceSchemaLocation="https://maven.apache.org/surefire/maven-surefire-plugin/xsd/surefire-test-report.xsd" name="org.apache.hadoop.ozone.freon.TestFreonWithPipelineDestroy" time="14.982" tests="1" errors="1" skipped="0" failures="0">
  <properties>
[...]
</properties>
  <testcase name="testRestart" classname="org.apache.hadoop.ozone.freon.TestFreonWithPipelineDestroy" time="5.263">
    <error message="Unexpected Storage Container Exception: org.apache.hadoop.hdds.scm.container.common.helpers.StorageContainerException: ContainerID 3 does not exist" type="java.io.IOException">java.io.IOException: Unexpected Storage Container Exception: org.apache.hadoop.hdds.scm.container.common.helpers.StorageContainerException: ContainerID 3 does not exist
	at org.apache.hadoop.hdds.scm.storage.BlockOutputStream.setIoException(BlockOutputStream.java:548)
	at org.apache.hadoop.hdds.scm.storage.BlockOutputStream.validateResponse(BlockOutputStream.java:539)
	at org.apache.hadoop.hdds.scm.storage.BlockOutputStream.lambda$writeChunkToContainer$2(BlockOutputStream.java:614)
	at java.util.concurrent.CompletableFuture.uniApply(CompletableFuture.java:602)
	at java.util.concurrent.CompletableFuture$UniApply.tryFire(CompletableFuture.java:577)
	at java.util.concurrent.CompletableFuture$Completion.run(CompletableFuture.java:442)
	at java.util.concurrent.ThreadPoolExecutor.runWorker(ThreadPoolExecutor.java:1149)
	at java.util.concurrent.ThreadPoolExecutor$Worker.run(ThreadPoolExecutor.java:624)
	at java.lang.Thread.run(Thread.java:748)
Caused by: org.apache.hadoop.hdds.scm.container.common.helpers.StorageContainerException: ContainerID 3 does not exist
	at org.apache.hadoop.hdds.scm.storage.ContainerProtocolCalls.validateContainerResponse(ContainerProtocolCalls.java:536)
	at org.apache.hadoop.hdds.scm.storage.BlockOutputStream.validateResponse(BlockOutputStream.java:536)
	... 7 more
</error>
    <system-out><![CDATA[2019-06-13 12:00:14,938 WARN  server.ServerUtils (ServerUtils.java:getScmDbDir(145)) - ozone.scm.db.dirs is not configured. We recommend adding this setting. Falling back to ozone.metadata.dirs instead.
2019-06-13 12:00:15,038 WARN  server.ServerUtils (ServerUtils.java:getScmDbDir(145)) - ozone.scm.db.dirs is not configured. We recommend adding this setting. Falling back to ozone.metadata.dirs instead.
2019-06-13 12:00:15,042 WARN  server.ServerUtils (ServerUtils.java:getScmDbDir(145)) - ozone.scm.db.dirs is not configured. We recommend adding this setting. Falling back to ozone.metadata.dirs instead.
2019-06-13 12:00:15,061 INFO  util.log (Log.java:initialized(192)) - Logging initialized @821ms
2019-06-13 12:00:15,171 INFO  db.DBStoreBuilder (DBStoreBuilder.java:addTable(110)) - using custom profile for table: deletedBlocks
2019-06-13 12:00:15,171 INFO  db.DBStoreBuilder (DBStoreBuilder.java:processTables(161)) - Using default column profile:DBProfile.DISK for Table:deletedBlocks
2019-06-13 12:00:15,172 INFO  db.DBStoreBuilder (DBStoreBuilder.java:addTable(110)) - using custom profile for table: validCerts
2019-06-13 12:00:15,172 INFO  db.DBStoreBuilder (DBStoreBuilder.java:processTables(161)) - Using default column profile:DBProfile.DISK for Table:validCerts
2019-06-13 12:00:15,172 INFO  db.DBStoreBuilder (DBStoreBuilder.java:addTable(110)) - using custom profile for table: revokedCerts
2019-06-13 12:00:15,172 INFO  db.DBStoreBuilder (DBStoreBuilder.java:processTables(161)) - Using default column profile:DBProfile.DISK for Table:revokedCerts
2019-06-13 12:00:15,186 INFO  db.DBStoreBuilder (DBStoreBuilder.java:addTable(110)) - using custom profile for table: default
2019-06-13 12:00:15,187 INFO  db.DBStoreBuilder (DBStoreBuilder.java:processTables(167)) - Using default column profile:DBProfile.DISK for Table:default
2019-06-13 12:00:15,188 INFO  db.DBStoreBuilder (DBStoreBuilder.java:getDbProfile(198)) - Using default options. DBProfile.DISK
2019-06-13 12:00:15,279 INFO  node.SCMNodeManager (SCMNodeManager.java:<init>(108)) - Entering startup safe mode.
2019-06-13 12:00:15,347 INFO  net.NodeSchemaLoader (NodeSchemaLoader.java:loadSchemaFromFile(125)) - Loading file from sun.misc.CompoundEnumeration@31c88ec8
2019-06-13 12:00:15,349 INFO  net.NodeSchemaLoader (NodeSchemaLoader.java:loadSchema(171)) - Loading network topology layer schema file
2019-06-13 12:00:15,398 WARN  server.ServerUtils (ServerUtils.java:getScmDbDir(145)) - ozone.scm.db.dirs is not configured. We recommend adding this setting. Falling back to ozone.metadata.dirs instead.
2019-06-13 12:00:15,420 INFO  pipeline.SCMPipelineManager (SCMPipelineManager.java:initializePipelineState(126)) - No pipeline exists in current db
2019-06-13 12:00:15,421 WARN  server.ServerUtils (ServerUtils.java:getScmDbDir(145)) - ozone.scm.db.dirs is not configured. We recommend adding this setting. Falling back to ozone.metadata.dirs instead.
2019-06-13 12:00:15,474 WARN  events.EventQueue (EventQueue.java:fireEvent(175)) - No event handler registered for event TypedEvent{payloadType=SafeModeStatus, name='SafeModeStatus'}
2019-06-13 12:00:15,769 INFO  ipc.CallQueueManager (CallQueueManager.java:<init>(84)) - Using callQueue: class java.util.concurrent.LinkedBlockingQueue, queueCapacity: 2000, scheduler: class org.apache.hadoop.ipc.DefaultRpcScheduler, ipcBackoff: false.
2019-06-13 12:00:15,792 INFO  ipc.Server (Server.java:run(1074)) - Starting Socket Reader #1 for port 37207
2019-06-13 12:00:15,811 INFO  ipc.CallQueueManager (CallQueueManager.java:<init>(84)) - Using callQueue: class java.util.concurrent.LinkedBlockingQueue, queueCapacity: 2000, scheduler: class org.apache.hadoop.ipc.DefaultRpcScheduler, ipcBackoff: false.
2019-06-13 12:00:15,812 INFO  ipc.Server (Server.java:run(1074)) - Starting Socket Reader #1 for port 43795
2019-06-13 12:00:15,817 INFO  ipc.CallQueueManager (CallQueueManager.java:<init>(84)) - Using callQueue: class java.util.concurrent.LinkedBlockingQueue, queueCapacity: 2000, scheduler: class org.apache.hadoop.ipc.DefaultRpcScheduler, ipcBackoff: false.
2019-06-13 12:00:15,818 INFO  ipc.Server (Server.java:run(1074)) - Starting Socket Reader #1 for port 38915
2019-06-13 12:00:15,836 INFO  hdfs.DFSUtil (DFSUtil.java:httpServerTemplateForNNAndJN(1641)) - Starting Web-server for scm at: http://0.0.0.0:0
2019-06-13 12:00:15,956 INFO  server.AuthenticationFilter (AuthenticationFilter.java:constructSecretProvider(240)) - Unable to initialize FileSignerSecretProvider, falling back to use random secrets.
2019-06-13 12:00:15,968 WARN  http.HttpRequestLog (HttpRequestLog.java:getRequestLog(97)) - Jetty request log can only be enabled using Log4j
2019-06-13 12:00:15,974 INFO  http.HttpServer2 (HttpServer2.java:addGlobalFilter(975)) - Added global filter 'safety' (class=org.apache.hadoop.http.HttpServer2$QuotingInputFilter)
2019-06-13 12:00:15,976 INFO  http.HttpServer2 (HttpServer2.java:addFilter(948)) - Added filter static_user_filter (class=org.apache.hadoop.http.lib.StaticUserWebFilter$StaticUserFilter) to context scm
2019-06-13 12:00:15,977 INFO  http.HttpServer2 (HttpServer2.java:addFilter(958)) - Added filter static_user_filter (class=org.apache.hadoop.http.lib.StaticUserWebFilter$StaticUserFilter) to context logs
2019-06-13 12:00:15,977 INFO  http.HttpServer2 (HttpServer2.java:addFilter(958)) - Added filter static_user_filter (class=org.apache.hadoop.http.lib.StaticUserWebFilter$StaticUserFilter) to context static
2019-06-13 12:00:15,995 INFO  server.StorageContainerManager (StorageContainerManager.java:start(752)) - StorageContainerLocationProtocol RPC server is listening at /0.0.0.0:38915
2019-06-13 12:00:16,033 WARN  impl.MetricsConfig (MetricsConfig.java:loadFirst(134)) - Cannot locate configuration: tried hadoop-metrics2-storagecontainermanager.properties,hadoop-metrics2.properties
2019-06-13 12:00:16,044 INFO  impl.MetricsSystemImpl (MetricsSystemImpl.java:startTimer(374)) - Scheduled Metric snapshot period at 10 second(s).
2019-06-13 12:00:16,044 INFO  impl.MetricsSystemImpl (MetricsSystemImpl.java:start(191)) - StorageContainerManager metrics system started
2019-06-13 12:00:16,213 INFO  server.SCMClientProtocolServer (SCMClientProtocolServer.java:start(149)) - RPC server for Client  is listening at /0.0.0.0:38915
2019-06-13 12:00:16,214 INFO  ipc.Server (Server.java:run(1314)) - IPC Server Responder: starting
2019-06-13 12:00:16,217 INFO  ipc.Server (Server.java:run(1153)) - IPC Server listener on 38915: starting
2019-06-13 12:00:16,219 INFO  server.StorageContainerManager (StorageContainerManager.java:start(761)) - ScmBlockLocationProtocol RPC server is listening at /0.0.0.0:43795
2019-06-13 12:00:16,220 INFO  server.SCMBlockProtocolServer (SCMBlockProtocolServer.java:start(137)) - RPC server for Block Protocol is listening at /0.0.0.0:43795
2019-06-13 12:00:16,220 INFO  ipc.Server (Server.java:run(1314)) - IPC Server Responder: starting
2019-06-13 12:00:16,220 INFO  ipc.Server (Server.java:run(1153)) - IPC Server listener on 43795: starting
2019-06-13 12:00:16,222 INFO  server.StorageContainerManager (StorageContainerManager.java:start(765)) - ScmDatanodeProtocl RPC server is listening at /0.0.0.0:37207
2019-06-13 12:00:16,222 INFO  server.SCMDatanodeProtocolServer (SCMDatanodeProtocolServer.java:start(191)) - RPC server for DataNodes is listening at /0.0.0.0:37207
2019-06-13 12:00:16,222 INFO  ipc.Server (Server.java:run(1314)) - IPC Server Responder: starting
2019-06-13 12:00:16,223 INFO  ipc.Server (Server.java:run(1153)) - IPC Server listener on 37207: starting
2019-06-13 12:00:16,227 INFO  http.HttpServer2 (HttpServer2.java:bindListener(1191)) - Jetty bound to port 36621
2019-06-13 12:00:16,228 INFO  server.Server (Server.java:doStart(351)) - jetty-9.3.24.v20180605, build timestamp: 2018-06-05T17:11:56Z, git hash: 84205aa28f11a4f31f2a3b86d1bba2cc8ab69827
2019-06-13 12:00:16,260 INFO  handler.ContextHandler (ContextHandler.java:doStart(781)) - Started o.e.j.s.ServletContextHandler@6bc407fd{/logs,file:///opt/src/hadoop-ozone/tools/target/log,AVAILABLE}
2019-06-13 12:00:16,262 INFO  handler.ContextHandler (ContextHandler.java:doStart(781)) - Started o.e.j.s.ServletContextHandler@17d88132{/static,file:///opt/src/hadoop-hdds/server-scm/target/classes/webapps/static/,AVAILABLE}
2019-06-13 12:00:16,296 INFO  handler.ContextHandler (ContextHandler.java:doStart(781)) - Started o.e.j.w.WebAppContext@16ecee1{/,file:///opt/src/hadoop-hdds/server-scm/target/classes/webapps/scm/,AVAILABLE}{/scm}
2019-06-13 12:00:16,301 INFO  server.AbstractConnector (AbstractConnector.java:doStart(278)) - Started ServerConnector@1d8062d2{HTTP/1.1,[http/1.1]}{0.0.0.0:36621}
2019-06-13 12:00:16,302 INFO  server.Server (Server.java:doStart(419)) - Started @2062ms
2019-06-13 12:00:16,303 INFO  server.BaseHttpServer (BaseHttpServer.java:updateConnectorAddress(207)) - HTTP server of SCM is listening at http://0.0.0.0:36621
2019-06-13 12:00:16,327 WARN  scm.ScmUtils (ScmUtils.java:getDBPath(63)) - ozone.om.db.dirs is not configured. We recommend adding this setting. Falling back to ozone.metadata.dirs instead.
2019-06-13 12:00:16,328 INFO  util.JvmPauseMonitor (JvmPauseMonitor.java:run(188)) - Starting JVM pause monitor
2019-06-13 12:00:16,421 WARN  scm.ScmUtils (ScmUtils.java:getDBPath(63)) - ozone.om.db.dirs is not configured. We recommend adding this setting. Falling back to ozone.metadata.dirs instead.
2019-06-13 12:00:16,422 INFO  om.OzoneManager (OzoneManager.java:setOMNodeDetails(519)) - OM Service ID is not set. Setting it to the default ID: omServiceIdDefault
2019-06-13 12:00:16,423 INFO  om.OzoneManager (OzoneManager.java:setOMNodeDetails(525)) - OM Node ID is not set. Setting it to the OmStorage's OmID: 6e224ba9-e9b5-4001-ba9f-d2071d2e6493
2019-06-13 12:00:16,424 WARN  scm.HddsServerUtil (HddsServerUtil.java:getDefaultRatisDirectory(354)) - Storage directory for Ratis is not configured. It is a good idea to map this to an SSD disk. Falling back to ozone.metadata.dirs
2019-06-13 12:00:16,424 WARN  scm.HddsServerUtil (HddsServerUtil.java:getDefaultRatisDirectory(354)) - Storage directory for Ratis is not configured. It is a good idea to map this to an SSD disk. Falling back to ozone.metadata.dirs
2019-06-13 12:00:16,425 INFO  om.OzoneManager (OzoneManager.java:loadOMHAConfigs(476)) - Found matching OM address with OMServiceId: null, OMNodeId: null, RPC Address: localhost:0 and Ratis port: 9872
2019-06-13 12:00:16,682 WARN  scm.ScmUtils (ScmUtils.java:getDBPath(63)) - ozone.om.db.dirs is not configured. We recommend adding this setting. Falling back to ozone.metadata.dirs instead.
2019-06-13 12:00:16,687 INFO  db.DBStoreBuilder (DBStoreBuilder.java:addTable(110)) - using custom profile for table: userTable
2019-06-13 12:00:16,687 INFO  db.DBStoreBuilder (DBStoreBuilder.java:processTables(161)) - Using default column profile:DBProfile.DISK for Table:userTable
2019-06-13 12:00:16,687 INFO  db.DBStoreBuilder (DBStoreBuilder.java:addTable(110)) - using custom profile for table: volumeTable
2019-06-13 12:00:16,687 INFO  db.DBStoreBuilder (DBStoreBuilder.java:processTables(161)) - Using default column profile:DBProfile.DISK for Table:volumeTable
2019-06-13 12:00:16,688 INFO  db.DBStoreBuilder (DBStoreBuilder.java:addTable(110)) - using custom profile for table: bucketTable
2019-06-13 12:00:16,688 INFO  db.DBStoreBuilder (DBStoreBuilder.java:processTables(161)) - Using default column profile:DBProfile.DISK for Table:bucketTable
2019-06-13 12:00:16,688 INFO  db.DBStoreBuilder (DBStoreBuilder.java:addTable(110)) - using custom profile for table: keyTable
2019-06-13 12:00:16,688 INFO  db.DBStoreBuilder (DBStoreBuilder.java:processTables(161)) - Using default column profile:DBProfile.DISK for Table:keyTable
2019-06-13 12:00:16,689 INFO  db.DBStoreBuilder (DBStoreBuilder.java:addTable(110)) - using custom profile for table: deletedTable
2019-06-13 12:00:16,689 INFO  db.DBStoreBuilder (DBStoreBuilder.java:processTables(161)) - Using default column profile:DBProfile.DISK for Table:deletedTable
2019-06-13 12:00:16,689 INFO  db.DBStoreBuilder (DBStoreBuilder.java:addTable(110)) - using custom profile for table: openKeyTable
2019-06-13 12:00:16,690 INFO  db.DBStoreBuilder (DBStoreBuilder.java:processTables(161)) - Using default column profile:DBProfile.DISK for Table:openKeyTable
2019-06-13 12:00:16,690 INFO  db.DBStoreBuilder (DBStoreBuilder.java:addTable(110)) - using custom profile for table: s3Table
2019-06-13 12:00:16,690 INFO  db.DBStoreBuilder (DBStoreBuilder.java:processTables(161)) - Using default column profile:DBProfile.DISK for Table:s3Table
2019-06-13 12:00:16,690 INFO  db.DBStoreBuilder (DBStoreBuilder.java:addTable(110)) - using custom profile for table: multipartInfoTable
2019-06-13 12:00:16,691 INFO  db.DBStoreBuilder (DBStoreBuilder.java:processTables(161)) - Using default column profile:DBProfile.DISK for Table:multipartInfoTable
2019-06-13 12:00:16,691 INFO  db.DBStoreBuilder (DBStoreBuilder.java:addTable(110)) - using custom profile for table: dTokenTable
2019-06-13 12:00:16,691 INFO  db.DBStoreBuilder (DBStoreBuilder.java:processTables(161)) - Using default column profile:DBProfile.DISK for Table:dTokenTable
2019-06-13 12:00:16,691 INFO  db.DBStoreBuilder (DBStoreBuilder.java:addTable(110)) - using custom profile for table: s3SecretTable
2019-06-13 12:00:16,692 INFO  db.DBStoreBuilder (DBStoreBuilder.java:processTables(161)) - Using default column profile:DBProfile.DISK for Table:s3SecretTable
2019-06-13 12:00:16,692 INFO  db.DBStoreBuilder (DBStoreBuilder.java:addTable(110)) - using custom profile for table: prefixTable
2019-06-13 12:00:16,692 INFO  db.DBStoreBuilder (DBStoreBuilder.java:processTables(161)) - Using default column profile:DBProfile.DISK for Table:prefixTable
2019-06-13 12:00:16,693 INFO  db.DBStoreBuilder (DBStoreBuilder.java:addTable(110)) - using custom profile for table: default
2019-06-13 12:00:16,693 INFO  db.DBStoreBuilder (DBStoreBuilder.java:processTables(167)) - Using default column profile:DBProfile.DISK for Table:default
2019-06-13 12:00:16,693 INFO  db.DBStoreBuilder (DBStoreBuilder.java:getDbProfile(198)) - Using default options. DBProfile.DISK
2019-06-13 12:00:17,120 INFO  ipc.CallQueueManager (CallQueueManager.java:<init>(84)) - Using callQueue: class java.util.concurrent.LinkedBlockingQueue, queueCapacity: 2000, scheduler: class org.apache.hadoop.ipc.DefaultRpcScheduler, ipcBackoff: false.
2019-06-13 12:00:17,121 INFO  ipc.Server (Server.java:run(1074)) - Starting Socket Reader #1 for port 43067
2019-06-13 12:00:17,144 WARN  scm.ScmUtils (ScmUtils.java:getDBPath(63)) - ozone.om.db.dirs is not configured. We recommend adding this setting. Falling back to ozone.metadata.dirs instead.
2019-06-13 12:00:17,144 INFO  om.OzoneManager (OzoneManager.java:start(1217)) - OzoneManager RPC server is listening at localhost/127.0.0.1:43067
2019-06-13 12:00:17,145 INFO  impl.MetricsSystemImpl (MetricsSystemImpl.java:init(158)) - OzoneManager metrics system started (again)
2019-06-13 12:00:17,145 INFO  ipc.Server (Server.java:run(1314)) - IPC Server Responder: starting
2019-06-13 12:00:17,145 INFO  ipc.Server (Server.java:run(1153)) - IPC Server listener on 43067: starting
2019-06-13 12:00:17,191 INFO  hdfs.DFSUtil (DFSUtil.java:httpServerTemplateForNNAndJN(1641)) - Starting Web-server for ozoneManager at: http://0.0.0.0:0
2019-06-13 12:00:17,193 INFO  server.AuthenticationFilter (AuthenticationFilter.java:constructSecretProvider(240)) - Unable to initialize FileSignerSecretProvider, falling back to use random secrets.
2019-06-13 12:00:17,194 WARN  http.HttpRequestLog (HttpRequestLog.java:getRequestLog(97)) - Jetty request log can only be enabled using Log4j
2019-06-13 12:00:17,196 INFO  http.HttpServer2 (HttpServer2.java:addGlobalFilter(975)) - Added global filter 'safety' (class=org.apache.hadoop.http.HttpServer2$QuotingInputFilter)
2019-06-13 12:00:17,197 INFO  http.HttpServer2 (HttpServer2.java:addFilter(948)) - Added filter static_user_filter (class=org.apache.hadoop.http.lib.StaticUserWebFilter$StaticUserFilter) to context ozoneManager
2019-06-13 12:00:17,197 INFO  http.HttpServer2 (HttpServer2.java:addFilter(958)) - Added filter static_user_filter (class=org.apache.hadoop.http.lib.StaticUserWebFilter$StaticUserFilter) to context static
2019-06-13 12:00:17,197 INFO  http.HttpServer2 (HttpServer2.java:addFilter(958)) - Added filter static_user_filter (class=org.apache.hadoop.http.lib.StaticUserWebFilter$StaticUserFilter) to context logs
2019-06-13 12:00:17,199 INFO  http.HttpServer2 (HttpServer2.java:bindListener(1191)) - Jetty bound to port 38049
2019-06-13 12:00:17,199 INFO  server.Server (Server.java:doStart(351)) - jetty-9.3.24.v20180605, build timestamp: 2018-06-05T17:11:56Z, git hash: 84205aa28f11a4f31f2a3b86d1bba2cc8ab69827
2019-06-13 12:00:17,206 INFO  handler.ContextHandler (ContextHandler.java:doStart(781)) - Started o.e.j.s.ServletContextHandler@315df4bb{/logs,file:///opt/src/hadoop-ozone/tools/target/log,AVAILABLE}
2019-06-13 12:00:17,207 INFO  handler.ContextHandler (ContextHandler.java:doStart(781)) - Started o.e.j.s.ServletContextHandler@5cad8b7d{/static,file:///opt/src/hadoop-ozone/ozone-manager/target/classes/webapps/static/,AVAILABLE}
2019-06-13 12:00:17,214 INFO  handler.ContextHandler (ContextHandler.java:doStart(781)) - Started o.e.j.w.WebAppContext@e27ba81{/,file:///opt/src/hadoop-ozone/ozone-manager/target/classes/webapps/ozoneManager/,AVAILABLE}{/ozoneManager}
2019-06-13 12:00:17,214 INFO  server.AbstractConnector (AbstractConnector.java:doStart(278)) - Started ServerConnector@54336c81{HTTP/1.1,[http/1.1]}{0.0.0.0:38049}
2019-06-13 12:00:17,214 INFO  server.Server (Server.java:doStart(419)) - Started @2975ms
2019-06-13 12:00:17,215 INFO  server.BaseHttpServer (BaseHttpServer.java:updateConnectorAddress(207)) - HTTP server of OZONEMANAGER is listening at http://0.0.0.0:38049
2019-06-13 12:00:17,322 INFO  impl.MetricsSystemImpl (MetricsSystemImpl.java:init(158)) - HddsDatanode metrics system started (again)
2019-06-13 12:00:17,458 INFO  ozone.HddsDatanodeService (HddsDatanodeService.java:start(185)) - HddsDatanodeService host:ozone-nffxw-2485691434 ip:192.168.105.140
2019-06-13 12:00:17,486 INFO  volume.HddsVolume (HddsVolume.java:<init>(176)) - Creating Volume: /opt/src/hadoop-ozone/tools/target/test-dir/MiniOzoneClusterImpl-bf4136f1-1e72-443f-b417-ff8bd564dd52/datanode-0/data/containers/hdds of  storage type : DISK and capacity : 104021790720
2019-06-13 12:00:17,488 INFO  volume.VolumeSet (VolumeSet.java:initializeVolumeSet(170)) - Added Volume : /opt/src/hadoop-ozone/tools/target/test-dir/MiniOzoneClusterImpl-bf4136f1-1e72-443f-b417-ff8bd564dd52/datanode-0/data/containers/hdds to VolumeSet
2019-06-13 12:00:17,491 INFO  volume.ThrottledAsyncChecker (ThrottledAsyncChecker.java:schedule(140)) - Scheduling a check for org.apache.hadoop.ozone.container.common.volume.HddsVolume@c68a5f8
2019-06-13 12:00:17,509 INFO  volume.HddsVolumeChecker (HddsVolumeChecker.java:checkAllVolumes(203)) - Scheduled health check for volume org.apache.hadoop.ozone.container.common.volume.HddsVolume@c68a5f8
2019-06-13 12:00:17,555 INFO  ratis.XceiverServerRatis (XceiverServerRatis.java:newXceiverServerRatis(401)) - Found a free port for the server : 37889
2019-06-13 12:00:17,616 INFO  impl.RaftServerProxy (ConfUtils.java:logGet(43)) - raft.rpc.type = GRPC (default)
2019-06-13 12:00:17,627 INFO  grpc.GrpcConfigKeys$Server (ConfUtils.java:logGet(43)) - raft.grpc.server.port = 37889 (custom)
2019-06-13 12:00:17,628 INFO  server.GrpcService (ConfUtils.java:logGet(43)) - raft.grpc.message.size.max = 33570816 (custom)
2019-06-13 12:00:17,630 INFO  server.RaftServerConfigKeys (ConfUtils.java:logGet(43)) - raft.server.log.appender.buffer.byte-limit = 33554432 (custom)
2019-06-13 12:00:17,630 INFO  server.GrpcService (ConfUtils.java:logGet(43)) - raft.grpc.flow.control.window = 1MB (=1048576) (default)
2019-06-13 12:00:17,631 INFO  server.RaftServerConfigKeys (ConfUtils.java:logGet(43)) - raft.server.rpc.request.timeout = 3000ms (default)
2019-06-13 12:00:17,771 INFO  server.RaftServerConfigKeys (ConfUtils.java:logGet(43)) - raft.server.storage.dir = [/opt/src/hadoop-ozone/tools/target/test-dir/MiniOzoneClusterImpl-bf4136f1-1e72-443f-b417-ff8bd564dd52/datanode-0/data/ratis] (custom)
2019-06-13 12:00:17,778 INFO  server.XceiverServerGrpc (XceiverServerGrpc.java:<init>(97)) - Found a free port for the server : 45609
2019-06-13 12:00:17,806 INFO  replication.SimpleContainerDownloader (SimpleContainerDownloader.java:<init>(72)) - Starting container downloader service to copy containers to replicate.
2019-06-13 12:00:17,817 INFO  hdfs.DFSUtil (DFSUtil.java:httpServerTemplateForNNAndJN(1641)) - Starting Web-server for hddsDatanode at: http://0.0.0.0:0
2019-06-13 12:00:17,818 INFO  server.AuthenticationFilter (AuthenticationFilter.java:constructSecretProvider(240)) - Unable to initialize FileSignerSecretProvider, falling back to use random secrets.
2019-06-13 12:00:17,819 WARN  http.HttpRequestLog (HttpRequestLog.java:getRequestLog(97)) - Jetty request log can only be enabled using Log4j
2019-06-13 12:00:17,821 INFO  http.HttpServer2 (HttpServer2.java:addGlobalFilter(975)) - Added global filter 'safety' (class=org.apache.hadoop.http.HttpServer2$QuotingInputFilter)
2019-06-13 12:00:17,822 INFO  http.HttpServer2 (HttpServer2.java:addFilter(948)) - Added filter static_user_filter (class=org.apache.hadoop.http.lib.StaticUserWebFilter$StaticUserFilter) to context hddsDatanode
2019-06-13 12:00:17,822 INFO  http.HttpServer2 (HttpServer2.java:addFilter(958)) - Added filter static_user_filter (class=org.apache.hadoop.http.lib.StaticUserWebFilter$StaticUserFilter) to context logs
2019-06-13 12:00:17,822 INFO  http.HttpServer2 (HttpServer2.java:addFilter(958)) - Added filter static_user_filter (class=org.apache.hadoop.http.lib.StaticUserWebFilter$StaticUserFilter) to context static
2019-06-13 12:00:17,823 INFO  http.HttpServer2 (HttpServer2.java:bindListener(1191)) - Jetty bound to port 37447
2019-06-13 12:00:17,823 INFO  server.Server (Server.java:doStart(351)) - jetty-9.3.24.v20180605, build timestamp: 2018-06-05T17:11:56Z, git hash: 84205aa28f11a4f31f2a3b86d1bba2cc8ab69827
2019-06-13 12:00:17,825 INFO  handler.ContextHandler (ContextHandler.java:doStart(781)) - Started o.e.j.s.ServletContextHandler@33f98231{/logs,file:///opt/src/hadoop-ozone/tools/target/log,AVAILABLE}
2019-06-13 12:00:17,825 INFO  handler.ContextHandler (ContextHandler.java:doStart(781)) - Started o.e.j.s.ServletContextHandler@557286ad{/static,file:///opt/src/hadoop-hdds/container-service/target/classes/webapps/static,AVAILABLE}
2019-06-13 12:00:17,828 INFO  handler.ContextHandler (ContextHandler.java:doStart(781)) - Started o.e.j.w.WebAppContext@2f2d52ef{/,file:///opt/src/hadoop-hdds/container-service/target/classes/webapps/hddsDatanode/,AVAILABLE}{/hddsDatanode}
2019-06-13 12:00:17,829 INFO  server.AbstractConnector (AbstractConnector.java:doStart(278)) - Started ServerConnector@f2ce6b{HTTP/1.1,[http/1.1]}{0.0.0.0:37447}
2019-06-13 12:00:17,829 INFO  server.Server (Server.java:doStart(419)) - Started @3589ms
2019-06-13 12:00:17,858 INFO  server.BaseHttpServer (BaseHttpServer.java:updateConnectorAddress(207)) - HTTP server of HDDSDATANODE is listening at http://0.0.0.0:37447
2019-06-13 12:00:18,640 INFO  ozone.HddsDatanodeService (HddsDatanodeService.java:startPlugins(396)) - Started plug-in org.apache.hadoop.ozone.web.OzoneHddsDatanodeService@7c011174
2019-06-13 12:00:18,642 INFO  impl.MetricsSystemImpl (MetricsSystemImpl.java:init(158)) - HddsDatanode metrics system started (again)
2019-06-13 12:00:18,646 INFO  ozone.HddsDatanodeService (HddsDatanodeService.java:start(185)) - HddsDatanodeService host:ozone-nffxw-2485691434 ip:192.168.105.140
2019-06-13 12:00:18,670 INFO  util.JvmPauseMonitor (JvmPauseMonitor.java:run(188)) - Starting JVM pause monitor
2019-06-13 12:00:18,673 INFO  volume.HddsVolume (HddsVolume.java:<init>(176)) - Creating Volume: /opt/src/hadoop-ozone/tools/target/test-dir/MiniOzoneClusterImpl-bf4136f1-1e72-443f-b417-ff8bd564dd52/datanode-1/data/containers/hdds of  storage type : DISK and capacity : 104021790720
2019-06-13 12:00:18,674 INFO  volume.VolumeSet (VolumeSet.java:initializeVolumeSet(170)) - Added Volume : /opt/src/hadoop-ozone/tools/target/test-dir/MiniOzoneClusterImpl-bf4136f1-1e72-443f-b417-ff8bd564dd52/datanode-1/data/containers/hdds to VolumeSet
2019-06-13 12:00:18,674 INFO  volume.ThrottledAsyncChecker (ThrottledAsyncChecker.java:schedule(140)) - Scheduling a check for org.apache.hadoop.ozone.container.common.volume.HddsVolume@64920dc2
2019-06-13 12:00:18,678 INFO  volume.HddsVolumeChecker (HddsVolumeChecker.java:checkAllVolumes(203)) - Scheduled health check for volume org.apache.hadoop.ozone.container.common.volume.HddsVolume@64920dc2
2019-06-13 12:00:18,689 INFO  ratis.XceiverServerRatis (XceiverServerRatis.java:newXceiverServerRatis(401)) - Found a free port for the server : 43071
2019-06-13 12:00:18,690 INFO  impl.RaftServerProxy (ConfUtils.java:logGet(43)) - raft.rpc.type = GRPC (default)
2019-06-13 12:00:18,691 INFO  grpc.GrpcConfigKeys$Server (ConfUtils.java:logGet(43)) - raft.grpc.server.port = 43071 (custom)
2019-06-13 12:00:18,691 INFO  server.GrpcService (ConfUtils.java:logGet(43)) - raft.grpc.message.size.max = 33570816 (custom)
2019-06-13 12:00:18,691 INFO  server.RaftServerConfigKeys (ConfUtils.java:logGet(43)) - raft.server.log.appender.buffer.byte-limit = 33554432 (custom)
2019-06-13 12:00:18,691 INFO  server.GrpcService (ConfUtils.java:logGet(43)) - raft.grpc.flow.control.window = 1MB (=1048576) (default)
2019-06-13 12:00:18,692 INFO  server.RaftServerConfigKeys (ConfUtils.java:logGet(43)) - raft.server.rpc.request.timeout = 3000ms (default)
2019-06-13 12:00:18,692 INFO  server.RaftServerConfigKeys (ConfUtils.java:logGet(43)) - raft.server.storage.dir = [/opt/src/hadoop-ozone/tools/target/test-dir/MiniOzoneClusterImpl-bf4136f1-1e72-443f-b417-ff8bd564dd52/datanode-1/data/ratis] (custom)
2019-06-13 12:00:18,693 INFO  server.XceiverServerGrpc (XceiverServerGrpc.java:<init>(97)) - Found a free port for the server : 39473
2019-06-13 12:00:18,693 INFO  replication.SimpleContainerDownloader (SimpleContainerDownloader.java:<init>(72)) - Starting container downloader service to copy containers to replicate.
2019-06-13 12:00:18,694 INFO  hdfs.DFSUtil (DFSUtil.java:httpServerTemplateForNNAndJN(1641)) - Starting Web-server for hddsDatanode at: http://0.0.0.0:0
2019-06-13 12:00:18,696 INFO  server.AuthenticationFilter (AuthenticationFilter.java:constructSecretProvider(240)) - Unable to initialize FileSignerSecretProvider, falling back to use random secrets.
2019-06-13 12:00:18,697 WARN  http.HttpRequestLog (HttpRequestLog.java:getRequestLog(97)) - Jetty request log can only be enabled using Log4j
2019-06-13 12:00:18,699 INFO  http.HttpServer2 (HttpServer2.java:addGlobalFilter(975)) - Added global filter 'safety' (class=org.apache.hadoop.http.HttpServer2$QuotingInputFilter)
2019-06-13 12:00:18,700 INFO  http.HttpServer2 (HttpServer2.java:addFilter(948)) - Added filter static_user_filter (class=org.apache.hadoop.http.lib.StaticUserWebFilter$StaticUserFilter) to context hddsDatanode
2019-06-13 12:00:18,700 INFO  http.HttpServer2 (HttpServer2.java:addFilter(958)) - Added filter static_user_filter (class=org.apache.hadoop.http.lib.StaticUserWebFilter$StaticUserFilter) to context static
2019-06-13 12:00:18,700 INFO  http.HttpServer2 (HttpServer2.java:addFilter(958)) - Added filter static_user_filter (class=org.apache.hadoop.http.lib.StaticUserWebFilter$StaticUserFilter) to context logs
2019-06-13 12:00:18,701 INFO  http.HttpServer2 (HttpServer2.java:bindListener(1191)) - Jetty bound to port 37377
2019-06-13 12:00:18,701 INFO  server.Server (Server.java:doStart(351)) - jetty-9.3.24.v20180605, build timestamp: 2018-06-05T17:11:56Z, git hash: 84205aa28f11a4f31f2a3b86d1bba2cc8ab69827
2019-06-13 12:00:18,711 INFO  handler.ContextHandler (ContextHandler.java:doStart(781)) - Started o.e.j.s.ServletContextHandler@27329d2a{/logs,file:///opt/src/hadoop-ozone/tools/target/log,AVAILABLE}
2019-06-13 12:00:18,711 INFO  handler.ContextHandler (ContextHandler.java:doStart(781)) - Started o.e.j.s.ServletContextHandler@2f894ad9{/static,file:///opt/src/hadoop-hdds/container-service/target/classes/webapps/static,AVAILABLE}
2019-06-13 12:00:18,717 INFO  handler.ContextHandler (ContextHandler.java:doStart(781)) - Started o.e.j.w.WebAppContext@5d5b9ecb{/,file:///opt/src/hadoop-hdds/container-service/target/classes/webapps/hddsDatanode/,AVAILABLE}{/hddsDatanode}
2019-06-13 12:00:18,723 INFO  server.AbstractConnector (AbstractConnector.java:doStart(278)) - Started ServerConnector@1ee27d73{HTTP/1.1,[http/1.1]}{0.0.0.0:37377}
2019-06-13 12:00:18,723 INFO  server.Server (Server.java:doStart(419)) - Started @4483ms
2019-06-13 12:00:18,724 INFO  server.BaseHttpServer (BaseHttpServer.java:updateConnectorAddress(207)) - HTTP server of HDDSDATANODE is listening at http://0.0.0.0:37377
2019-06-13 12:00:18,760 INFO  datanode.InitDatanodeState (InitDatanodeState.java:persistContainerDatanodeDetails(140)) - DatanodeDetails is persisted to /opt/src/hadoop-ozone/tools/target/test-dir/MiniOzoneClusterImpl-bf4136f1-1e72-443f-b417-ff8bd564dd52/datanode-0/meta/datanode.id
2019-06-13 12:00:18,903 INFO  ozone.HddsDatanodeService (HddsDatanodeService.java:startPlugins(396)) - Started plug-in org.apache.hadoop.ozone.web.OzoneHddsDatanodeService@52b46d52
2019-06-13 12:00:18,903 INFO  impl.MetricsSystemImpl (MetricsSystemImpl.java:init(158)) - HddsDatanode metrics system started (again)
2019-06-13 12:00:18,904 INFO  ozone.HddsDatanodeService (HddsDatanodeService.java:start(185)) - HddsDatanodeService host:ozone-nffxw-2485691434 ip:192.168.105.140
2019-06-13 12:00:18,909 INFO  util.JvmPauseMonitor (JvmPauseMonitor.java:run(188)) - Starting JVM pause monitor
2019-06-13 12:00:18,915 INFO  volume.HddsVolume (HddsVolume.java:<init>(176)) - Creating Volume: /opt/src/hadoop-ozone/tools/target/test-dir/MiniOzoneClusterImpl-bf4136f1-1e72-443f-b417-ff8bd564dd52/datanode-2/data/containers/hdds of  storage type : DISK and capacity : 104021790720
2019-06-13 12:00:18,915 INFO  volume.VolumeSet (VolumeSet.java:initializeVolumeSet(170)) - Added Volume : /opt/src/hadoop-ozone/tools/target/test-dir/MiniOzoneClusterImpl-bf4136f1-1e72-443f-b417-ff8bd564dd52/datanode-2/data/containers/hdds to VolumeSet
2019-06-13 12:00:18,915 INFO  volume.ThrottledAsyncChecker (ThrottledAsyncChecker.java:schedule(140)) - Scheduling a check for org.apache.hadoop.ozone.container.common.volume.HddsVolume@11d045b4
2019-06-13 12:00:18,918 INFO  volume.HddsVolumeChecker (HddsVolumeChecker.java:checkAllVolumes(203)) - Scheduled health check for volume org.apache.hadoop.ozone.container.common.volume.HddsVolume@11d045b4
2019-06-13 12:00:18,919 INFO  datanode.InitDatanodeState (InitDatanodeState.java:persistContainerDatanodeDetails(140)) - DatanodeDetails is persisted to /opt/src/hadoop-ozone/tools/target/test-dir/MiniOzoneClusterImpl-bf4136f1-1e72-443f-b417-ff8bd564dd52/datanode-1/meta/datanode.id
2019-06-13 12:00:18,931 INFO  ratis.XceiverServerRatis (XceiverServerRatis.java:newXceiverServerRatis(401)) - Found a free port for the server : 36055
2019-06-13 12:00:18,932 INFO  impl.RaftServerProxy (ConfUtils.java:logGet(43)) - raft.rpc.type = GRPC (default)
2019-06-13 12:00:18,932 INFO  grpc.GrpcConfigKeys$Server (ConfUtils.java:logGet(43)) - raft.grpc.server.port = 36055 (custom)
2019-06-13 12:00:18,932 INFO  server.GrpcService (ConfUtils.java:logGet(43)) - raft.grpc.message.size.max = 33570816 (custom)
2019-06-13 12:00:18,933 INFO  server.RaftServerConfigKeys (ConfUtils.java:logGet(43)) - raft.server.log.appender.buffer.byte-limit = 33554432 (custom)
2019-06-13 12:00:18,933 INFO  server.GrpcService (ConfUtils.java:logGet(43)) - raft.grpc.flow.control.window = 1MB (=1048576) (default)
2019-06-13 12:00:18,933 INFO  server.RaftServerConfigKeys (ConfUtils.java:logGet(43)) - raft.server.rpc.request.timeout = 3000ms (default)
2019-06-13 12:00:18,933 INFO  server.RaftServerConfigKeys (ConfUtils.java:logGet(43)) - raft.server.storage.dir = [/opt/src/hadoop-ozone/tools/target/test-dir/MiniOzoneClusterImpl-bf4136f1-1e72-443f-b417-ff8bd564dd52/datanode-2/data/ratis] (custom)
2019-06-13 12:00:18,934 INFO  server.XceiverServerGrpc (XceiverServerGrpc.java:<init>(97)) - Found a free port for the server : 35013
2019-06-13 12:00:18,934 INFO  replication.SimpleContainerDownloader (SimpleContainerDownloader.java:<init>(72)) - Starting container downloader service to copy containers to replicate.
2019-06-13 12:00:18,935 INFO  hdfs.DFSUtil (DFSUtil.java:httpServerTemplateForNNAndJN(1641)) - Starting Web-server for hddsDatanode at: http://0.0.0.0:0
2019-06-13 12:00:18,936 INFO  server.AuthenticationFilter (AuthenticationFilter.java:constructSecretProvider(240)) - Unable to initialize FileSignerSecretProvider, falling back to use random secrets.
2019-06-13 12:00:18,937 WARN  http.HttpRequestLog (HttpRequestLog.java:getRequestLog(97)) - Jetty request log can only be enabled using Log4j
2019-06-13 12:00:18,939 INFO  http.HttpServer2 (HttpServer2.java:addGlobalFilter(975)) - Added global filter 'safety' (class=org.apache.hadoop.http.HttpServer2$QuotingInputFilter)
2019-06-13 12:00:18,939 INFO  http.HttpServer2 (HttpServer2.java:addFilter(948)) - Added filter static_user_filter (class=org.apache.hadoop.http.lib.StaticUserWebFilter$StaticUserFilter) to context hddsDatanode
2019-06-13 12:00:18,939 INFO  http.HttpServer2 (HttpServer2.java:addFilter(958)) - Added filter static_user_filter (class=org.apache.hadoop.http.lib.StaticUserWebFilter$StaticUserFilter) to context static
2019-06-13 12:00:18,939 INFO  http.HttpServer2 (HttpServer2.java:addFilter(958)) - Added filter static_user_filter (class=org.apache.hadoop.http.lib.StaticUserWebFilter$StaticUserFilter) to context logs
2019-06-13 12:00:18,940 INFO  http.HttpServer2 (HttpServer2.java:bindListener(1191)) - Jetty bound to port 36897
2019-06-13 12:00:18,940 INFO  server.Server (Server.java:doStart(351)) - jetty-9.3.24.v20180605, build timestamp: 2018-06-05T17:11:56Z, git hash: 84205aa28f11a4f31f2a3b86d1bba2cc8ab69827
2019-06-13 12:00:18,943 INFO  handler.ContextHandler (ContextHandler.java:doStart(781)) - Started o.e.j.s.ServletContextHandler@2db33feb{/logs,file:///opt/src/hadoop-ozone/tools/target/log,AVAILABLE}
2019-06-13 12:00:18,943 INFO  handler.ContextHandler (ContextHandler.java:doStart(781)) - Started o.e.j.s.ServletContextHandler@58658f63{/static,file:///opt/src/hadoop-hdds/container-service/target/classes/webapps/static,AVAILABLE}
2019-06-13 12:00:18,946 INFO  handler.ContextHandler (ContextHandler.java:doStart(781)) - Started o.e.j.w.WebAppContext@18b74ea{/,file:///opt/src/hadoop-hdds/container-service/target/classes/webapps/hddsDatanode/,AVAILABLE}{/hddsDatanode}
2019-06-13 12:00:18,947 INFO  server.AbstractConnector (AbstractConnector.java:doStart(278)) - Started ServerConnector@14924f41{HTTP/1.1,[http/1.1]}{0.0.0.0:36897}
2019-06-13 12:00:18,947 INFO  server.Server (Server.java:doStart(419)) - Started @4707ms
2019-06-13 12:00:18,948 INFO  server.BaseHttpServer (BaseHttpServer.java:updateConnectorAddress(207)) - HTTP server of HDDSDATANODE is listening at http://0.0.0.0:36897
2019-06-13 12:00:19,081 INFO  ozone.HddsDatanodeService (HddsDatanodeService.java:startPlugins(396)) - Started plug-in org.apache.hadoop.ozone.web.OzoneHddsDatanodeService@220c9a63
2019-06-13 12:00:19,082 INFO  ozone.MiniOzoneClusterImpl (MiniOzoneClusterImpl.java:lambda$waitForClusterToBeReady$0(142)) - Waiting for cluster to be ready. Got 0 of 3 DN Heartbeats.
2019-06-13 12:00:19,085 INFO  util.JvmPauseMonitor (JvmPauseMonitor.java:run(188)) - Starting JVM pause monitor
2019-06-13 12:00:19,087 INFO  datanode.InitDatanodeState (InitDatanodeState.java:persistContainerDatanodeDetails(140)) - DatanodeDetails is persisted to /opt/src/hadoop-ozone/tools/target/test-dir/MiniOzoneClusterImpl-bf4136f1-1e72-443f-b417-ff8bd564dd52/datanode-2/meta/datanode.id
2019-06-13 12:00:20,082 INFO  ozone.MiniOzoneClusterImpl (MiniOzoneClusterImpl.java:lambda$waitForClusterToBeReady$0(142)) - Waiting for cluster to be ready. Got 0 of 3 DN Heartbeats.
2019-06-13 12:00:20,686 INFO  ozoneimpl.OzoneContainer (OzoneContainer.java:start(186)) - Attempting to start container services.
2019-06-13 12:00:20,686 INFO  ozoneimpl.OzoneContainer (OzoneContainer.java:startContainerScrub(160)) - Background container scrubber has been disabled by hdds.containerscrub.enabled
2019-06-13 12:00:20,686 INFO  ratis.XceiverServerRatis (XceiverServerRatis.java:start(418)) - Starting XceiverServerRatis 8f93a11a-abd1-4c35-8676-f7c3af4a95a5 at port 37889
2019-06-13 12:00:20,697 INFO  impl.RaftServerProxy (RaftServerProxy.java:lambda$start$3(299)) - 8f93a11a-abd1-4c35-8676-f7c3af4a95a5: start RPC server
2019-06-13 12:00:20,830 INFO  server.GrpcService (GrpcService.java:startImpl(148)) - 8f93a11a-abd1-4c35-8676-f7c3af4a95a5: GrpcService started, listening on 0.0.0.0/0.0.0.0:37889
2019-06-13 12:00:20,915 INFO  ozoneimpl.OzoneContainer (OzoneContainer.java:start(186)) - Attempting to start container services.
2019-06-13 12:00:20,917 INFO  ozoneimpl.OzoneContainer (OzoneContainer.java:startContainerScrub(160)) - Background container scrubber has been disabled by hdds.containerscrub.enabled
2019-06-13 12:00:20,917 INFO  ratis.XceiverServerRatis (XceiverServerRatis.java:start(418)) - Starting XceiverServerRatis 5e50a83f-2494-481c-8e7b-49ba785a0bf4 at port 43071
2019-06-13 12:00:20,945 INFO  impl.RaftServerProxy (RaftServerProxy.java:lambda$start$3(299)) - 5e50a83f-2494-481c-8e7b-49ba785a0bf4: start RPC server
2019-06-13 12:00:20,948 INFO  server.GrpcService (GrpcService.java:startImpl(148)) - 5e50a83f-2494-481c-8e7b-49ba785a0bf4: GrpcService started, listening on 0.0.0.0/0.0.0.0:43071
2019-06-13 12:00:21,083 INFO  ozone.MiniOzoneClusterImpl (MiniOzoneClusterImpl.java:lambda$waitForClusterToBeReady$0(142)) - Waiting for cluster to be ready. Got 0 of 3 DN Heartbeats.
2019-06-13 12:00:21,090 INFO  ozoneimpl.OzoneContainer (OzoneContainer.java:start(186)) - Attempting to start container services.
2019-06-13 12:00:21,091 INFO  ozoneimpl.OzoneContainer (OzoneContainer.java:startContainerScrub(160)) - Background container scrubber has been disabled by hdds.containerscrub.enabled
2019-06-13 12:00:21,091 INFO  ratis.XceiverServerRatis (XceiverServerRatis.java:start(418)) - Starting XceiverServerRatis 2821de00-9d0d-4246-83d7-66909b24e70b at port 36055
2019-06-13 12:00:21,100 INFO  impl.RaftServerProxy (RaftServerProxy.java:lambda$start$3(299)) - 2821de00-9d0d-4246-83d7-66909b24e70b: start RPC server
2019-06-13 12:00:21,102 INFO  server.GrpcService (GrpcService.java:startImpl(148)) - 2821de00-9d0d-4246-83d7-66909b24e70b: GrpcService started, listening on 0.0.0.0/0.0.0.0:36055
2019-06-13 12:00:22,083 INFO  ozone.MiniOzoneClusterImpl (MiniOzoneClusterImpl.java:lambda$waitForClusterToBeReady$0(142)) - Waiting for cluster to be ready. Got 0 of 3 DN Heartbeats.
2019-06-13 12:00:22,684 INFO  node.SCMNodeManager (SCMNodeManager.java:register(234)) - Registered Data node : 8f93a11a-abd1-4c35-8676-f7c3af4a95a5{ip: 192.168.105.140, host: ozone-nffxw-2485691434, networkLocation: /default-rack, certSerialId: null}
2019-06-13 12:00:22,688 INFO  safemode.SCMSafeModeManager (DataNodeSafeModeRule.java:process(71)) - SCM in safe mode. 1 DataNodes registered, 1 required.
2019-06-13 12:00:22,688 INFO  safemode.SCMSafeModeManager (SCMSafeModeManager.java:validateSafeModeExitRules(177)) - ScmSafeModeManager, all rules are successfully validated
2019-06-13 12:00:22,688 INFO  safemode.SCMSafeModeManager (SCMSafeModeManager.java:exitSafeMode(193)) - SCM exiting safe mode.
2019-06-13 12:00:22,912 INFO  node.SCMNodeManager (SCMNodeManager.java:register(234)) - Registered Data node : 5e50a83f-2494-481c-8e7b-49ba785a0bf4{ip: 192.168.105.140, host: ozone-nffxw-2485691434, networkLocation: /default-rack, certSerialId: null}
2019-06-13 12:00:23,039 INFO  impl.RaftServerProxy (RaftServerProxy.java:addNew(89)) - 8f93a11a-abd1-4c35-8676-f7c3af4a95a5: addNew group-81002F4BAEB8:[8f93a11a-abd1-4c35-8676-f7c3af4a95a5:192.168.105.140:37889] returns group-81002F4BAEB8:java.util.concurrent.CompletableFuture@24fb7dab[Not completed]
2019-06-13 12:00:23,044 INFO  impl.RaftServerImpl (RaftServerImpl.java:<init>(91)) - 8f93a11a-abd1-4c35-8676-f7c3af4a95a5: new RaftServerImpl for group-81002F4BAEB8:[8f93a11a-abd1-4c35-8676-f7c3af4a95a5:192.168.105.140:37889] with ContainerStateMachine:uninitialized
2019-06-13 12:00:23,045 INFO  server.RaftServerConfigKeys (ConfUtils.java:logGet(43)) - raft.server.rpc.timeout.min = 1s (custom)
2019-06-13 12:00:23,045 INFO  server.RaftServerConfigKeys (ConfUtils.java:logGet(43)) - raft.server.rpc.timeout.max = 1200ms (custom)
2019-06-13 12:00:23,045 INFO  server.RaftServerConfigKeys (ConfUtils.java:logGet(43)) - raft.server.rpcslowness.timeout = 120s (custom)
2019-06-13 12:00:23,045 INFO  server.RaftServerConfigKeys (ConfUtils.java:logGet(43)) - raft.server.log.appender.install.snapshot.enabled = true (default)
2019-06-13 12:00:23,050 INFO  impl.RaftServerImpl (ServerState.java:<init>(101)) - 8f93a11a-abd1-4c35-8676-f7c3af4a95a5:group-81002F4BAEB8 ConfigurationManager, init=-1: [8f93a11a-abd1-4c35-8676-f7c3af4a95a5:192.168.105.140:37889], old=null, confs=<EMPTY_MAP>
2019-06-13 12:00:23,050 INFO  server.RaftServerConfigKeys (ConfUtils.java:logGet(43)) - raft.server.storage.dir = [/opt/src/hadoop-ozone/tools/target/test-dir/MiniOzoneClusterImpl-bf4136f1-1e72-443f-b417-ff8bd564dd52/datanode-0/data/ratis] (custom)
2019-06-13 12:00:23,055 INFO  storage.RaftStorageDirectory (RaftStorageDirectory.java:analyzeStorage(246)) - The storage directory /opt/src/hadoop-ozone/tools/target/test-dir/MiniOzoneClusterImpl-bf4136f1-1e72-443f-b417-ff8bd564dd52/datanode-0/data/ratis/c8de6c6a-6c3b-403d-9179-81002f4baeb8 does not exist. Creating ...
2019-06-13 12:00:23,060 INFO  storage.RaftStorageDirectory (RaftStorageDirectory.java:tryLock(328)) - Lock on /opt/src/hadoop-ozone/tools/target/test-dir/MiniOzoneClusterImpl-bf4136f1-1e72-443f-b417-ff8bd564dd52/datanode-0/data/ratis/c8de6c6a-6c3b-403d-9179-81002f4baeb8/in_use.lock acquired by nodename 29817@ozone-nffxw-2485691434
2019-06-13 12:00:23,063 INFO  storage.RaftStorage (RaftStorage.java:format(75)) - Storage directory /opt/src/hadoop-ozone/tools/target/test-dir/MiniOzoneClusterImpl-bf4136f1-1e72-443f-b417-ff8bd564dd52/datanode-0/data/ratis/c8de6c6a-6c3b-403d-9179-81002f4baeb8 has been successfully formatted.
2019-06-13 12:00:23,064 INFO  ratis.ContainerStateMachine (ContainerStateMachine.java:loadSnapshot(199)) - The snapshot info is null.Setting the last applied index to:(t:0, i:~)
2019-06-13 12:00:23,064 INFO  server.RaftServerConfigKeys (ConfUtils.java:logGet(43)) - raft.server.leader.election.timeout = 120s (custom)
2019-06-13 12:00:23,066 INFO  server.RaftServerConfigKeys (ConfUtils.java:logGet(43)) - raft.server.log.use.memory = false (default)
2019-06-13 12:00:23,067 INFO  server.RaftServerConfigKeys (ConfUtils.java:logGet(43)) - raft.server.log.appender.buffer.byte-limit = 33554432 (custom)
2019-06-13 12:00:23,070 INFO  server.RaftServerConfigKeys (ConfUtils.java:logGet(43)) - raft.server.log.segment.size.max = 16384 (custom)
2019-06-13 12:00:23,073 INFO  server.RaftServerConfigKeys (ConfUtils.java:logGet(43)) - raft.server.log.segment.cache.num.max = 2 (custom)
2019-06-13 12:00:23,075 INFO  storage.RaftLogWorker (RaftLogWorker.java:<init>(123)) - new 8f93a11a-abd1-4c35-8676-f7c3af4a95a5-RaftLogWorker for Storage Directory /opt/src/hadoop-ozone/tools/target/test-dir/MiniOzoneClusterImpl-bf4136f1-1e72-443f-b417-ff8bd564dd52/datanode-0/data/ratis/c8de6c6a-6c3b-403d-9179-81002f4baeb8
2019-06-13 12:00:23,075 INFO  server.RaftServerConfigKeys (ConfUtils.java:logGet(43)) - raft.server.log.queue.byte-limit = 2147483647 (custom)
2019-06-13 12:00:23,076 INFO  server.RaftServerConfigKeys (ConfUtils.java:logGet(43)) - raft.server.log.queue.element-limit = 1024 (custom)
2019-06-13 12:00:23,077 INFO  server.RaftServerConfigKeys (ConfUtils.java:logGet(43)) - raft.server.log.segment.size.max = 16384 (custom)
2019-06-13 12:00:23,078 INFO  server.RaftServerConfigKeys (ConfUtils.java:logGet(43)) - raft.server.log.preallocated.size = 16384 (custom)
2019-06-13 12:00:23,078 INFO  server.RaftServerConfigKeys (ConfUtils.java:logGet(43)) - raft.server.log.write.buffer.size = 33554432 (custom)
2019-06-13 12:00:23,078 INFO  server.RaftServerConfigKeys (ConfUtils.java:logGet(43)) - raft.server.log.force.sync.num = 128 (default)
2019-06-13 12:00:23,079 INFO  server.RaftServerConfigKeys (ConfUtils.java:logGet(43)) - raft.server.log.statemachine.data.sync = true (default)
2019-06-13 12:00:23,079 INFO  server.RaftServerConfigKeys (ConfUtils.java:logGet(43)) - raft.server.log.statemachine.data.sync.timeout = 10s (default)
2019-06-13 12:00:23,080 INFO  server.RaftServerConfigKeys (ConfUtils.java:logGet(43)) - raft.server.log.statemachine.data.sync.timeout.retry = -1 (default)
2019-06-13 12:00:23,082 INFO  server.RaftServerConfigKeys (ConfUtils.java:logGet(43)) - raft.server.log.statemachine.data.caching.enabled = true (custom)
2019-06-13 12:00:23,084 INFO  ozone.MiniOzoneClusterImpl (MiniOzoneClusterImpl.java:lambda$waitForClusterToBeReady$0(142)) - Waiting for cluster to be ready. Got 2 of 3 DN Heartbeats.
2019-06-13 12:00:23,086 INFO  server.RaftServerConfigKeys (ConfUtils.java:logGet(43)) - raft.server.snapshot.auto.trigger.enabled = true (custom)
2019-06-13 12:00:23,087 INFO  server.RaftServerConfigKeys (ConfUtils.java:logGet(43)) - raft.server.snapshot.auto.trigger.threshold = 10000 (custom)
2019-06-13 12:00:23,087 INFO  server.RaftServerConfigKeys (ConfUtils.java:logGet(43)) - raft.server.retrycache.expirytime = 600000ms (custom)
2019-06-13 12:00:23,088 INFO  node.SCMNodeManager (SCMNodeManager.java:register(234)) - Registered Data node : 2821de00-9d0d-4246-83d7-66909b24e70b{ip: 192.168.105.140, host: ozone-nffxw-2485691434, networkLocation: /default-rack, certSerialId: null}
2019-06-13 12:00:23,104 INFO  impl.RaftServerImpl (RaftServerImpl.java:start(173)) - 8f93a11a-abd1-4c35-8676-f7c3af4a95a5: start group-81002F4BAEB8
2019-06-13 12:00:23,105 INFO  impl.RaftServerImpl (RaftServerImpl.java:setRole(164)) - 8f93a11a-abd1-4c35-8676-f7c3af4a95a5:group-81002F4BAEB8 changes role from null to FOLLOWER at term 0 for startAsFollower
2019-06-13 12:00:23,106 INFO  impl.RoleInfo (RoleInfo.java:updateAndGet(143)) - 8f93a11a-abd1-4c35-8676-f7c3af4a95a5: start FollowerState
2019-06-13 12:00:23,108 INFO  util.JmxRegister (JmxRegister.java:tryRegister(44)) - Successfully registered JMX Bean with object name Ratis:service=RaftServer,group=group-81002F4BAEB8,id=8f93a11a-abd1-4c35-8676-f7c3af4a95a5
2019-06-13 12:00:23,261 INFO  pipeline.PipelineStateManager (PipelineStateManager.java:addPipeline(56)) - Created pipeline Pipeline[ Id: c8de6c6a-6c3b-403d-9179-81002f4baeb8, Nodes: 8f93a11a-abd1-4c35-8676-f7c3af4a95a5{ip: 192.168.105.140, host: ozone-nffxw-2485691434, networkLocation: /default-rack, certSerialId: null}, Type:RATIS, Factor:ONE, State:OPEN]
2019-06-13 12:00:23,275 INFO  impl.RaftServerProxy (RaftServerProxy.java:addNew(89)) - 2821de00-9d0d-4246-83d7-66909b24e70b: addNew group-E6A74926EBB4:[2821de00-9d0d-4246-83d7-66909b24e70b:192.168.105.140:36055] returns group-E6A74926EBB4:java.util.concurrent.CompletableFuture@75dbc03b[Not completed]
2019-06-13 12:00:23,276 INFO  impl.RaftServerImpl (RaftServerImpl.java:<init>(91)) - 2821de00-9d0d-4246-83d7-66909b24e70b: new RaftServerImpl for group-E6A74926EBB4:[2821de00-9d0d-4246-83d7-66909b24e70b:192.168.105.140:36055] with ContainerStateMachine:uninitialized
2019-06-13 12:00:23,276 INFO  server.RaftServerConfigKeys (ConfUtils.java:logGet(43)) - raft.server.rpc.timeout.min = 1s (custom)
2019-06-13 12:00:23,276 INFO  server.RaftServerConfigKeys (ConfUtils.java:logGet(43)) - raft.server.rpc.timeout.max = 1200ms (custom)
2019-06-13 12:00:23,277 INFO  server.RaftServerConfigKeys (ConfUtils.java:logGet(43)) - raft.server.rpcslowness.timeout = 120s (custom)
2019-06-13 12:00:23,277 INFO  server.RaftServerConfigKeys (ConfUtils.java:logGet(43)) - raft.server.log.appender.install.snapshot.enabled = true (default)
2019-06-13 12:00:23,277 INFO  impl.RaftServerImpl (ServerState.java:<init>(101)) - 2821de00-9d0d-4246-83d7-66909b24e70b:group-E6A74926EBB4 ConfigurationManager, init=-1: [2821de00-9d0d-4246-83d7-66909b24e70b:192.168.105.140:36055], old=null, confs=<EMPTY_MAP>
2019-06-13 12:00:23,277 INFO  server.RaftServerConfigKeys (ConfUtils.java:logGet(43)) - raft.server.storage.dir = [/opt/src/hadoop-ozone/tools/target/test-dir/MiniOzoneClusterImpl-bf4136f1-1e72-443f-b417-ff8bd564dd52/datanode-2/data/ratis] (custom)
2019-06-13 12:00:23,277 INFO  storage.RaftStorageDirectory (RaftStorageDirectory.java:analyzeStorage(246)) - The storage directory /opt/src/hadoop-ozone/tools/target/test-dir/MiniOzoneClusterImpl-bf4136f1-1e72-443f-b417-ff8bd564dd52/datanode-2/data/ratis/1d8a63e3-073f-42d0-8be9-e6a74926ebb4 does not exist. Creating ...
2019-06-13 12:00:23,280 INFO  storage.RaftStorageDirectory (RaftStorageDirectory.java:tryLock(328)) - Lock on /opt/src/hadoop-ozone/tools/target/test-dir/MiniOzoneClusterImpl-bf4136f1-1e72-443f-b417-ff8bd564dd52/datanode-2/data/ratis/1d8a63e3-073f-42d0-8be9-e6a74926ebb4/in_use.lock acquired by nodename 29817@ozone-nffxw-2485691434
2019-06-13 12:00:23,282 INFO  storage.RaftStorage (RaftStorage.java:format(75)) - Storage directory /opt/src/hadoop-ozone/tools/target/test-dir/MiniOzoneClusterImpl-bf4136f1-1e72-443f-b417-ff8bd564dd52/datanode-2/data/ratis/1d8a63e3-073f-42d0-8be9-e6a74926ebb4 has been successfully formatted.
2019-06-13 12:00:23,282 INFO  ratis.ContainerStateMachine (ContainerStateMachine.java:loadSnapshot(199)) - The snapshot info is null.Setting the last applied index to:(t:0, i:~)
2019-06-13 12:00:23,282 INFO  server.RaftServerConfigKeys (ConfUtils.java:logGet(43)) - raft.server.leader.election.timeout = 120s (custom)
2019-06-13 12:00:23,282 INFO  server.RaftServerConfigKeys (ConfUtils.java:logGet(43)) - raft.server.log.use.memory = false (default)
2019-06-13 12:00:23,282 INFO  server.RaftServerConfigKeys (ConfUtils.java:logGet(43)) - raft.server.log.appender.buffer.byte-limit = 33554432 (custom)
2019-06-13 12:00:23,283 INFO  server.RaftServerConfigKeys (ConfUtils.java:logGet(43)) - raft.server.log.segment.size.max = 16384 (custom)
2019-06-13 12:00:23,283 INFO  server.RaftServerConfigKeys (ConfUtils.java:logGet(43)) - raft.server.log.segment.cache.num.max = 2 (custom)
2019-06-13 12:00:23,283 INFO  storage.RaftLogWorker (RaftLogWorker.java:<init>(123)) - new 2821de00-9d0d-4246-83d7-66909b24e70b-RaftLogWorker for Storage Directory /opt/src/hadoop-ozone/tools/target/test-dir/MiniOzoneClusterImpl-bf4136f1-1e72-443f-b417-ff8bd564dd52/datanode-2/data/ratis/1d8a63e3-073f-42d0-8be9-e6a74926ebb4
2019-06-13 12:00:23,283 INFO  server.RaftServerConfigKeys (ConfUtils.java:logGet(43)) - raft.server.log.queue.byte-limit = 2147483647 (custom)
2019-06-13 12:00:23,283 INFO  server.RaftServerConfigKeys (ConfUtils.java:logGet(43)) - raft.server.log.queue.element-limit = 1024 (custom)
2019-06-13 12:00:23,283 INFO  server.RaftServerConfigKeys (ConfUtils.java:logGet(43)) - raft.server.log.segment.size.max = 16384 (custom)
2019-06-13 12:00:23,283 INFO  server.RaftServerConfigKeys (ConfUtils.java:logGet(43)) - raft.server.log.preallocated.size = 16384 (custom)
2019-06-13 12:00:23,283 INFO  server.RaftServerConfigKeys (ConfUtils.java:logGet(43)) - raft.server.log.write.buffer.size = 33554432 (custom)
2019-06-13 12:00:23,283 INFO  server.RaftServerConfigKeys (ConfUtils.java:logGet(43)) - raft.server.log.force.sync.num = 128 (default)
2019-06-13 12:00:23,283 INFO  server.RaftServerConfigKeys (ConfUtils.java:logGet(43)) - raft.server.log.statemachine.data.sync = true (default)
2019-06-13 12:00:23,283 INFO  server.RaftServerConfigKeys (ConfUtils.java:logGet(43)) - raft.server.log.statemachine.data.sync.timeout = 10s (default)
2019-06-13 12:00:23,284 INFO  server.RaftServerConfigKeys (ConfUtils.java:logGet(43)) - raft.server.log.statemachine.data.sync.timeout.retry = -1 (default)
2019-06-13 12:00:23,284 INFO  server.RaftServerConfigKeys (ConfUtils.java:logGet(43)) - raft.server.log.statemachine.data.caching.enabled = true (custom)
2019-06-13 12:00:23,284 INFO  server.RaftServerConfigKeys (ConfUtils.java:logGet(43)) - raft.server.snapshot.auto.trigger.enabled = true (custom)
2019-06-13 12:00:23,284 INFO  server.RaftServerConfigKeys (ConfUtils.java:logGet(43)) - raft.server.snapshot.auto.trigger.threshold = 10000 (custom)
2019-06-13 12:00:23,284 INFO  server.RaftServerConfigKeys (ConfUtils.java:logGet(43)) - raft.server.retrycache.expirytime = 600000ms (custom)
2019-06-13 12:00:23,284 INFO  impl.RaftServerImpl (RaftServerImpl.java:start(173)) - 2821de00-9d0d-4246-83d7-66909b24e70b: start group-E6A74926EBB4
2019-06-13 12:00:23,284 INFO  impl.RaftServerImpl (RaftServerImpl.java:setRole(164)) - 2821de00-9d0d-4246-83d7-66909b24e70b:group-E6A74926EBB4 changes role from null to FOLLOWER at term 0 for startAsFollower
2019-06-13 12:00:23,285 INFO  impl.RoleInfo (RoleInfo.java:updateAndGet(143)) - 2821de00-9d0d-4246-83d7-66909b24e70b: start FollowerState
2019-06-13 12:00:23,285 INFO  util.JmxRegister (JmxRegister.java:tryRegister(44)) - Successfully registered JMX Bean with object name Ratis:service=RaftServer,group=group-E6A74926EBB4,id=2821de00-9d0d-4246-83d7-66909b24e70b
2019-06-13 12:00:23,292 INFO  pipeline.PipelineStateManager (PipelineStateManager.java:addPipeline(56)) - Created pipeline Pipeline[ Id: 1d8a63e3-073f-42d0-8be9-e6a74926ebb4, Nodes: 2821de00-9d0d-4246-83d7-66909b24e70b{ip: 192.168.105.140, host: ozone-nffxw-2485691434, networkLocation: /default-rack, certSerialId: null}, Type:RATIS, Factor:ONE, State:OPEN]
2019-06-13 12:00:23,302 INFO  impl.RaftServerProxy (RaftServerProxy.java:addNew(89)) - 5e50a83f-2494-481c-8e7b-49ba785a0bf4: addNew group-BF4EDA5A177B:[5e50a83f-2494-481c-8e7b-49ba785a0bf4:192.168.105.140:43071] returns group-BF4EDA5A177B:java.util.concurrent.CompletableFuture@554939[Not completed]
2019-06-13 12:00:23,318 INFO  impl.RaftServerImpl (RaftServerImpl.java:<init>(91)) - 5e50a83f-2494-481c-8e7b-49ba785a0bf4: new RaftServerImpl for group-BF4EDA5A177B:[5e50a83f-2494-481c-8e7b-49ba785a0bf4:192.168.105.140:43071] with ContainerStateMachine:uninitialized
2019-06-13 12:00:23,319 INFO  server.RaftServerConfigKeys (ConfUtils.java:logGet(43)) - raft.server.rpc.timeout.min = 1s (custom)
2019-06-13 12:00:23,319 INFO  server.RaftServerConfigKeys (ConfUtils.java:logGet(43)) - raft.server.rpc.timeout.max = 1200ms (custom)
2019-06-13 12:00:23,319 INFO  server.RaftServerConfigKeys (ConfUtils.java:logGet(43)) - raft.server.rpcslowness.timeout = 120s (custom)
2019-06-13 12:00:23,319 INFO  server.RaftServerConfigKeys (ConfUtils.java:logGet(43)) - raft.server.log.appender.install.snapshot.enabled = true (default)
2019-06-13 12:00:23,319 INFO  impl.RaftServerImpl (ServerState.java:<init>(101)) - 5e50a83f-2494-481c-8e7b-49ba785a0bf4:group-BF4EDA5A177B ConfigurationManager, init=-1: [5e50a83f-2494-481c-8e7b-49ba785a0bf4:192.168.105.140:43071], old=null, confs=<EMPTY_MAP>
2019-06-13 12:00:23,319 INFO  server.RaftServerConfigKeys (ConfUtils.java:logGet(43)) - raft.server.storage.dir = [/opt/src/hadoop-ozone/tools/target/test-dir/MiniOzoneClusterImpl-bf4136f1-1e72-443f-b417-ff8bd564dd52/datanode-1/data/ratis] (custom)
2019-06-13 12:00:23,320 INFO  storage.RaftStorageDirectory (RaftStorageDirectory.java:analyzeStorage(246)) - The storage directory /opt/src/hadoop-ozone/tools/target/test-dir/MiniOzoneClusterImpl-bf4136f1-1e72-443f-b417-ff8bd564dd52/datanode-1/data/ratis/1e4abc08-6418-4121-8197-bf4eda5a177b does not exist. Creating ...
2019-06-13 12:00:23,323 INFO  storage.RaftStorageDirectory (RaftStorageDirectory.java:tryLock(328)) - Lock on /opt/src/hadoop-ozone/tools/target/test-dir/MiniOzoneClusterImpl-bf4136f1-1e72-443f-b417-ff8bd564dd52/datanode-1/data/ratis/1e4abc08-6418-4121-8197-bf4eda5a177b/in_use.lock acquired by nodename 29817@ozone-nffxw-2485691434
2019-06-13 12:00:23,325 INFO  storage.RaftStorage (RaftStorage.java:format(75)) - Storage directory /opt/src/hadoop-ozone/tools/target/test-dir/MiniOzoneClusterImpl-bf4136f1-1e72-443f-b417-ff8bd564dd52/datanode-1/data/ratis/1e4abc08-6418-4121-8197-bf4eda5a177b has been successfully formatted.
2019-06-13 12:00:23,326 INFO  ratis.ContainerStateMachine (ContainerStateMachine.java:loadSnapshot(199)) - The snapshot info is null.Setting the last applied index to:(t:0, i:~)
2019-06-13 12:00:23,326 INFO  server.RaftServerConfigKeys (ConfUtils.java:logGet(43)) - raft.server.leader.election.timeout = 120s (custom)
2019-06-13 12:00:23,326 INFO  server.RaftServerConfigKeys (ConfUtils.java:logGet(43)) - raft.server.log.use.memory = false (default)
2019-06-13 12:00:23,327 INFO  server.RaftServerConfigKeys (ConfUtils.java:logGet(43)) - raft.server.log.appender.buffer.byte-limit = 33554432 (custom)
2019-06-13 12:00:23,327 INFO  server.RaftServerConfigKeys (ConfUtils.java:logGet(43)) - raft.server.log.segment.size.max = 16384 (custom)
2019-06-13 12:00:23,327 INFO  server.RaftServerConfigKeys (ConfUtils.java:logGet(43)) - raft.server.log.segment.cache.num.max = 2 (custom)
2019-06-13 12:00:23,327 INFO  storage.RaftLogWorker (RaftLogWorker.java:<init>(123)) - new 5e50a83f-2494-481c-8e7b-49ba785a0bf4-RaftLogWorker for Storage Directory /opt/src/hadoop-ozone/tools/target/test-dir/MiniOzoneClusterImpl-bf4136f1-1e72-443f-b417-ff8bd564dd52/datanode-1/data/ratis/1e4abc08-6418-4121-8197-bf4eda5a177b
2019-06-13 12:00:23,327 INFO  server.RaftServerConfigKeys (ConfUtils.java:logGet(43)) - raft.server.log.queue.byte-limit = 2147483647 (custom)
2019-06-13 12:00:23,328 INFO  server.RaftServerConfigKeys (ConfUtils.java:logGet(43)) - raft.server.log.queue.element-limit = 1024 (custom)
2019-06-13 12:00:23,328 INFO  server.RaftServerConfigKeys (ConfUtils.java:logGet(43)) - raft.server.log.segment.size.max = 16384 (custom)
2019-06-13 12:00:23,328 INFO  server.RaftServerConfigKeys (ConfUtils.java:logGet(43)) - raft.server.log.preallocated.size = 16384 (custom)
2019-06-13 12:00:23,328 INFO  server.RaftServerConfigKeys (ConfUtils.java:logGet(43)) - raft.server.log.write.buffer.size = 33554432 (custom)
2019-06-13 12:00:23,328 INFO  server.RaftServerConfigKeys (ConfUtils.java:logGet(43)) - raft.server.log.force.sync.num = 128 (default)
2019-06-13 12:00:23,328 INFO  server.RaftServerConfigKeys (ConfUtils.java:logGet(43)) - raft.server.log.statemachine.data.sync = true (default)
2019-06-13 12:00:23,328 INFO  server.RaftServerConfigKeys (ConfUtils.java:logGet(43)) - raft.server.log.statemachine.data.sync.timeout = 10s (default)
2019-06-13 12:00:23,328 INFO  server.RaftServerConfigKeys (ConfUtils.java:logGet(43)) - raft.server.log.statemachine.data.sync.timeout.retry = -1 (default)
2019-06-13 12:00:23,329 INFO  server.RaftServerConfigKeys (ConfUtils.java:logGet(43)) - raft.server.log.statemachine.data.caching.enabled = true (custom)
2019-06-13 12:00:23,329 INFO  server.RaftServerConfigKeys (ConfUtils.java:logGet(43)) - raft.server.snapshot.auto.trigger.enabled = true (custom)
2019-06-13 12:00:23,329 INFO  server.RaftServerConfigKeys (ConfUtils.java:logGet(43)) - raft.server.snapshot.auto.trigger.threshold = 10000 (custom)
2019-06-13 12:00:23,329 INFO  server.RaftServerConfigKeys (ConfUtils.java:logGet(43)) - raft.server.retrycache.expirytime = 600000ms (custom)
2019-06-13 12:00:23,330 INFO  impl.RaftServerImpl (RaftServerImpl.java:start(173)) - 5e50a83f-2494-481c-8e7b-49ba785a0bf4: start group-BF4EDA5A177B
2019-06-13 12:00:23,330 INFO  impl.RaftServerImpl (RaftServerImpl.java:setRole(164)) - 5e50a83f-2494-481c-8e7b-49ba785a0bf4:group-BF4EDA5A177B changes role from null to FOLLOWER at term 0 for startAsFollower
2019-06-13 12:00:23,330 INFO  impl.RoleInfo (RoleInfo.java:updateAndGet(143)) - 5e50a83f-2494-481c-8e7b-49ba785a0bf4: start FollowerState
2019-06-13 12:00:23,331 INFO  util.JmxRegister (JmxRegister.java:tryRegister(44)) - Successfully registered JMX Bean with object name Ratis:service=RaftServer,group=group-BF4EDA5A177B,id=5e50a83f-2494-481c-8e7b-49ba785a0bf4
2019-06-13 12:00:23,338 INFO  pipeline.PipelineStateManager (PipelineStateManager.java:addPipeline(56)) - Created pipeline Pipeline[ Id: 1e4abc08-6418-4121-8197-bf4eda5a177b, Nodes: 5e50a83f-2494-481c-8e7b-49ba785a0bf4{ip: 192.168.105.140, host: ozone-nffxw-2485691434, networkLocation: /default-rack, certSerialId: null}, Type:RATIS, Factor:ONE, State:OPEN]
2019-06-13 12:00:23,364 INFO  impl.RaftServerProxy (RaftServerProxy.java:addNew(89)) - 5e50a83f-2494-481c-8e7b-49ba785a0bf4: addNew group-30328914B049:[5e50a83f-2494-481c-8e7b-49ba785a0bf4:192.168.105.140:43071, 8f93a11a-abd1-4c35-8676-f7c3af4a95a5:192.168.105.140:37889, 2821de00-9d0d-4246-83d7-66909b24e70b:192.168.105.140:36055] returns group-30328914B049:java.util.concurrent.CompletableFuture@676a8ecd[Not completed]
2019-06-13 12:00:23,364 INFO  impl.RaftServerProxy (RaftServerProxy.java:addNew(89)) - 2821de00-9d0d-4246-83d7-66909b24e70b: addNew group-30328914B049:[5e50a83f-2494-481c-8e7b-49ba785a0bf4:192.168.105.140:43071, 8f93a11a-abd1-4c35-8676-f7c3af4a95a5:192.168.105.140:37889, 2821de00-9d0d-4246-83d7-66909b24e70b:192.168.105.140:36055] returns group-30328914B049:java.util.concurrent.CompletableFuture@24189771[Not completed]
2019-06-13 12:00:23,365 INFO  impl.RaftServerProxy (RaftServerProxy.java:addNew(89)) - 8f93a11a-abd1-4c35-8676-f7c3af4a95a5: addNew group-30328914B049:[5e50a83f-2494-481c-8e7b-49ba785a0bf4:192.168.105.140:43071, 8f93a11a-abd1-4c35-8676-f7c3af4a95a5:192.168.105.140:37889, 2821de00-9d0d-4246-83d7-66909b24e70b:192.168.105.140:36055] returns group-30328914B049:java.util.concurrent.CompletableFuture@5a221e2d[Not completed]
2019-06-13 12:00:23,367 INFO  impl.RaftServerImpl (RaftServerImpl.java:<init>(91)) - 2821de00-9d0d-4246-83d7-66909b24e70b: new RaftServerImpl for group-30328914B049:[5e50a83f-2494-481c-8e7b-49ba785a0bf4:192.168.105.140:43071, 8f93a11a-abd1-4c35-8676-f7c3af4a95a5:192.168.105.140:37889, 2821de00-9d0d-4246-83d7-66909b24e70b:192.168.105.140:36055] with ContainerStateMachine:uninitialized
2019-06-13 12:00:23,367 INFO  server.RaftServerConfigKeys (ConfUtils.java:logGet(43)) - raft.server.rpc.timeout.min = 1s (custom)
2019-06-13 12:00:23,367 INFO  server.RaftServerConfigKeys (ConfUtils.java:logGet(43)) - raft.server.rpc.timeout.max = 1200ms (custom)
2019-06-13 12:00:23,367 INFO  server.RaftServerConfigKeys (ConfUtils.java:logGet(43)) - raft.server.rpcslowness.timeout = 120s (custom)
2019-06-13 12:00:23,367 INFO  impl.RaftServerImpl (RaftServerImpl.java:<init>(91)) - 5e50a83f-2494-481c-8e7b-49ba785a0bf4: new RaftServerImpl for group-30328914B049:[5e50a83f-2494-481c-8e7b-49ba785a0bf4:192.168.105.140:43071, 8f93a11a-abd1-4c35-8676-f7c3af4a95a5:192.168.105.140:37889, 2821de00-9d0d-4246-83d7-66909b24e70b:192.168.105.140:36055] with ContainerStateMachine:uninitialized
2019-06-13 12:00:23,367 INFO  server.RaftServerConfigKeys (ConfUtils.java:logGet(43)) - raft.server.log.appender.install.snapshot.enabled = true (default)
2019-06-13 12:00:23,367 INFO  server.RaftServerConfigKeys (ConfUtils.java:logGet(43)) - raft.server.rpc.timeout.min = 1s (custom)
2019-06-13 12:00:23,367 INFO  impl.RaftServerImpl (ServerState.java:<init>(101)) - 2821de00-9d0d-4246-83d7-66909b24e70b:group-30328914B049 ConfigurationManager, init=-1: [5e50a83f-2494-481c-8e7b-49ba785a0bf4:192.168.105.140:43071, 8f93a11a-abd1-4c35-8676-f7c3af4a95a5:192.168.105.140:37889, 2821de00-9d0d-4246-83d7-66909b24e70b:192.168.105.140:36055], old=null, confs=<EMPTY_MAP>
2019-06-13 12:00:23,367 INFO  impl.RaftServerImpl (RaftServerImpl.java:<init>(91)) - 8f93a11a-abd1-4c35-8676-f7c3af4a95a5: new RaftServerImpl for group-30328914B049:[5e50a83f-2494-481c-8e7b-49ba785a0bf4:192.168.105.140:43071, 8f93a11a-abd1-4c35-8676-f7c3af4a95a5:192.168.105.140:37889, 2821de00-9d0d-4246-83d7-66909b24e70b:192.168.105.140:36055] with ContainerStateMachine:uninitialized
2019-06-13 12:00:23,368 INFO  server.RaftServerConfigKeys (ConfUtils.java:logGet(43)) - raft.server.storage.dir = [/opt/src/hadoop-ozone/tools/target/test-dir/MiniOzoneClusterImpl-bf4136f1-1e72-443f-b417-ff8bd564dd52/datanode-2/data/ratis] (custom)
2019-06-13 12:00:23,367 INFO  server.RaftServerConfigKeys (ConfUtils.java:logGet(43)) - raft.server.rpc.timeout.max = 1200ms (custom)
2019-06-13 12:00:23,368 INFO  server.RaftServerConfigKeys (ConfUtils.java:logGet(43)) - raft.server.rpc.timeout.min = 1s (custom)
2019-06-13 12:00:23,368 INFO  storage.RaftStorageDirectory (RaftStorageDirectory.java:analyzeStorage(246)) - The storage directory /opt/src/hadoop-ozone/tools/target/test-dir/MiniOzoneClusterImpl-bf4136f1-1e72-443f-b417-ff8bd564dd52/datanode-2/data/ratis/a90ff6c5-ae1c-4cae-bd11-30328914b049 does not exist. Creating ...
2019-06-13 12:00:23,368 INFO  server.RaftServerConfigKeys (ConfUtils.java:logGet(43)) - raft.server.rpcslowness.timeout = 120s (custom)
2019-06-13 12:00:23,368 INFO  server.RaftServerConfigKeys (ConfUtils.java:logGet(43)) - raft.server.rpc.timeout.max = 1200ms (custom)
2019-06-13 12:00:23,368 INFO  server.RaftServerConfigKeys (ConfUtils.java:logGet(43)) - raft.server.rpcslowness.timeout = 120s (custom)
2019-06-13 12:00:23,368 INFO  server.RaftServerConfigKeys (ConfUtils.java:logGet(43)) - raft.server.log.appender.install.snapshot.enabled = true (default)
2019-06-13 12:00:23,368 INFO  impl.RaftServerImpl (ServerState.java:<init>(101)) - 8f93a11a-abd1-4c35-8676-f7c3af4a95a5:group-30328914B049 ConfigurationManager, init=-1: [5e50a83f-2494-481c-8e7b-49ba785a0bf4:192.168.105.140:43071, 8f93a11a-abd1-4c35-8676-f7c3af4a95a5:192.168.105.140:37889, 2821de00-9d0d-4246-83d7-66909b24e70b:192.168.105.140:36055], old=null, confs=<EMPTY_MAP>
2019-06-13 12:00:23,369 INFO  server.RaftServerConfigKeys (ConfUtils.java:logGet(43)) - raft.server.storage.dir = [/opt/src/hadoop-ozone/tools/target/test-dir/MiniOzoneClusterImpl-bf4136f1-1e72-443f-b417-ff8bd564dd52/datanode-0/data/ratis] (custom)
2019-06-13 12:00:23,369 INFO  storage.RaftStorageDirectory (RaftStorageDirectory.java:analyzeStorage(246)) - The storage directory /opt/src/hadoop-ozone/tools/target/test-dir/MiniOzoneClusterImpl-bf4136f1-1e72-443f-b417-ff8bd564dd52/datanode-0/data/ratis/a90ff6c5-ae1c-4cae-bd11-30328914b049 does not exist. Creating ...
2019-06-13 12:00:23,369 INFO  server.RaftServerConfigKeys (ConfUtils.java:logGet(43)) - raft.server.log.appender.install.snapshot.enabled = true (default)
2019-06-13 12:00:23,369 INFO  impl.RaftServerImpl (ServerState.java:<init>(101)) - 5e50a83f-2494-481c-8e7b-49ba785a0bf4:group-30328914B049 ConfigurationManager, init=-1: [5e50a83f-2494-481c-8e7b-49ba785a0bf4:192.168.105.140:43071, 8f93a11a-abd1-4c35-8676-f7c3af4a95a5:192.168.105.140:37889, 2821de00-9d0d-4246-83d7-66909b24e70b:192.168.105.140:36055], old=null, confs=<EMPTY_MAP>
2019-06-13 12:00:23,369 INFO  server.RaftServerConfigKeys (ConfUtils.java:logGet(43)) - raft.server.storage.dir = [/opt/src/hadoop-ozone/tools/target/test-dir/MiniOzoneClusterImpl-bf4136f1-1e72-443f-b417-ff8bd564dd52/datanode-1/data/ratis] (custom)
2019-06-13 12:00:23,370 INFO  storage.RaftStorageDirectory (RaftStorageDirectory.java:analyzeStorage(246)) - The storage directory /opt/src/hadoop-ozone/tools/target/test-dir/MiniOzoneClusterImpl-bf4136f1-1e72-443f-b417-ff8bd564dd52/datanode-1/data/ratis/a90ff6c5-ae1c-4cae-bd11-30328914b049 does not exist. Creating ...
2019-06-13 12:00:23,370 INFO  storage.RaftStorageDirectory (RaftStorageDirectory.java:tryLock(328)) - Lock on /opt/src/hadoop-ozone/tools/target/test-dir/MiniOzoneClusterImpl-bf4136f1-1e72-443f-b417-ff8bd564dd52/datanode-2/data/ratis/a90ff6c5-ae1c-4cae-bd11-30328914b049/in_use.lock acquired by nodename 29817@ozone-nffxw-2485691434
2019-06-13 12:00:23,372 INFO  storage.RaftStorageDirectory (RaftStorageDirectory.java:tryLock(328)) - Lock on /opt/src/hadoop-ozone/tools/target/test-dir/MiniOzoneClusterImpl-bf4136f1-1e72-443f-b417-ff8bd564dd52/datanode-1/data/ratis/a90ff6c5-ae1c-4cae-bd11-30328914b049/in_use.lock acquired by nodename 29817@ozone-nffxw-2485691434
2019-06-13 12:00:23,372 INFO  storage.RaftStorageDirectory (RaftStorageDirectory.java:tryLock(328)) - Lock on /opt/src/hadoop-ozone/tools/target/test-dir/MiniOzoneClusterImpl-bf4136f1-1e72-443f-b417-ff8bd564dd52/datanode-0/data/ratis/a90ff6c5-ae1c-4cae-bd11-30328914b049/in_use.lock acquired by nodename 29817@ozone-nffxw-2485691434
2019-06-13 12:00:23,374 INFO  storage.RaftStorage (RaftStorage.java:format(75)) - Storage directory /opt/src/hadoop-ozone/tools/target/test-dir/MiniOzoneClusterImpl-bf4136f1-1e72-443f-b417-ff8bd564dd52/datanode-2/data/ratis/a90ff6c5-ae1c-4cae-bd11-30328914b049 has been successfully formatted.
2019-06-13 12:00:23,374 INFO  ratis.ContainerStateMachine (ContainerStateMachine.java:loadSnapshot(199)) - The snapshot info is null.Setting the last applied index to:(t:0, i:~)
2019-06-13 12:00:23,375 INFO  server.RaftServerConfigKeys (ConfUtils.java:logGet(43)) - raft.server.leader.election.timeout = 120s (custom)
2019-06-13 12:00:23,375 INFO  server.RaftServerConfigKeys (ConfUtils.java:logGet(43)) - raft.server.log.use.memory = false (default)
2019-06-13 12:00:23,375 INFO  server.RaftServerConfigKeys (ConfUtils.java:logGet(43)) - raft.server.log.appender.buffer.byte-limit = 33554432 (custom)
2019-06-13 12:00:23,375 INFO  server.RaftServerConfigKeys (ConfUtils.java:logGet(43)) - raft.server.log.segment.size.max = 16384 (custom)
2019-06-13 12:00:23,375 INFO  server.RaftServerConfigKeys (ConfUtils.java:logGet(43)) - raft.server.log.segment.cache.num.max = 2 (custom)
2019-06-13 12:00:23,375 INFO  storage.RaftLogWorker (RaftLogWorker.java:<init>(123)) - new 2821de00-9d0d-4246-83d7-66909b24e70b-RaftLogWorker for Storage Directory /opt/src/hadoop-ozone/tools/target/test-dir/MiniOzoneClusterImpl-bf4136f1-1e72-443f-b417-ff8bd564dd52/datanode-2/data/ratis/a90ff6c5-ae1c-4cae-bd11-30328914b049
2019-06-13 12:00:23,375 INFO  server.RaftServerConfigKeys (ConfUtils.java:logGet(43)) - raft.server.log.queue.byte-limit = 2147483647 (custom)
2019-06-13 12:00:23,375 INFO  server.RaftServerConfigKeys (ConfUtils.java:logGet(43)) - raft.server.log.queue.element-limit = 1024 (custom)
2019-06-13 12:00:23,375 INFO  server.RaftServerConfigKeys (ConfUtils.java:logGet(43)) - raft.server.log.segment.size.max = 16384 (custom)
2019-06-13 12:00:23,375 INFO  server.RaftServerConfigKeys (ConfUtils.java:logGet(43)) - raft.server.log.preallocated.size = 16384 (custom)
2019-06-13 12:00:23,375 INFO  server.RaftServerConfigKeys (ConfUtils.java:logGet(43)) - raft.server.log.write.buffer.size = 33554432 (custom)
2019-06-13 12:00:23,375 INFO  server.RaftServerConfigKeys (ConfUtils.java:logGet(43)) - raft.server.log.force.sync.num = 128 (default)
2019-06-13 12:00:23,376 INFO  server.RaftServerConfigKeys (ConfUtils.java:logGet(43)) - raft.server.log.statemachine.data.sync = true (default)
2019-06-13 12:00:23,376 INFO  server.RaftServerConfigKeys (ConfUtils.java:logGet(43)) - raft.server.log.statemachine.data.sync.timeout = 10s (default)
2019-06-13 12:00:23,376 INFO  server.RaftServerConfigKeys (ConfUtils.java:logGet(43)) - raft.server.log.statemachine.data.sync.timeout.retry = -1 (default)
2019-06-13 12:00:23,376 INFO  server.RaftServerConfigKeys (ConfUtils.java:logGet(43)) - raft.server.log.statemachine.data.caching.enabled = true (custom)
2019-06-13 12:00:23,376 INFO  storage.RaftStorage (RaftStorage.java:format(75)) - Storage directory /opt/src/hadoop-ozone/tools/target/test-dir/MiniOzoneClusterImpl-bf4136f1-1e72-443f-b417-ff8bd564dd52/datanode-1/data/ratis/a90ff6c5-ae1c-4cae-bd11-30328914b049 has been successfully formatted.
2019-06-13 12:00:23,376 INFO  server.RaftServerConfigKeys (ConfUtils.java:logGet(43)) - raft.server.snapshot.auto.trigger.enabled = true (custom)
2019-06-13 12:00:23,376 INFO  ratis.ContainerStateMachine (ContainerStateMachine.java:loadSnapshot(199)) - The snapshot info is null.Setting the last applied index to:(t:0, i:~)
2019-06-13 12:00:23,376 INFO  storage.RaftStorage (RaftStorage.java:format(75)) - Storage directory /opt/src/hadoop-ozone/tools/target/test-dir/MiniOzoneClusterImpl-bf4136f1-1e72-443f-b417-ff8bd564dd52/datanode-0/data/ratis/a90ff6c5-ae1c-4cae-bd11-30328914b049 has been successfully formatted.
2019-06-13 12:00:23,376 INFO  server.RaftServerConfigKeys (ConfUtils.java:logGet(43)) - raft.server.leader.election.timeout = 120s (custom)
2019-06-13 12:00:23,376 INFO  server.RaftServerConfigKeys (ConfUtils.java:logGet(43)) - raft.server.snapshot.auto.trigger.threshold = 10000 (custom)
2019-06-13 12:00:23,377 INFO  server.RaftServerConfigKeys (ConfUtils.java:logGet(43)) - raft.server.log.use.memory = false (default)
2019-06-13 12:00:23,377 INFO  ratis.ContainerStateMachine (ContainerStateMachine.java:loadSnapshot(199)) - The snapshot info is null.Setting the last applied index to:(t:0, i:~)
2019-06-13 12:00:23,377 INFO  server.RaftServerConfigKeys (ConfUtils.java:logGet(43)) - raft.server.log.appender.buffer.byte-limit = 33554432 (custom)
2019-06-13 12:00:23,377 INFO  server.RaftServerConfigKeys (ConfUtils.java:logGet(43)) - raft.server.retrycache.expirytime = 600000ms (custom)
2019-06-13 12:00:23,377 INFO  impl.RaftServerImpl (RaftServerImpl.java:start(173)) - 2821de00-9d0d-4246-83d7-66909b24e70b: start group-30328914B049
2019-06-13 12:00:23,378 INFO  impl.RaftServerImpl (RaftServerImpl.java:setRole(164)) - 2821de00-9d0d-4246-83d7-66909b24e70b:group-30328914B049 changes role from null to FOLLOWER at term 0 for startAsFollower
2019-06-13 12:00:23,378 INFO  impl.RoleInfo (RoleInfo.java:updateAndGet(143)) - 2821de00-9d0d-4246-83d7-66909b24e70b: start FollowerState
2019-06-13 12:00:23,377 INFO  server.RaftServerConfigKeys (ConfUtils.java:logGet(43)) - raft.server.log.segment.size.max = 16384 (custom)
2019-06-13 12:00:23,377 INFO  server.RaftServerConfigKeys (ConfUtils.java:logGet(43)) - raft.server.leader.election.timeout = 120s (custom)
2019-06-13 12:00:23,378 INFO  server.RaftServerConfigKeys (ConfUtils.java:logGet(43)) - raft.server.log.use.memory = false (default)
2019-06-13 12:00:23,378 INFO  server.RaftServerConfigKeys (ConfUtils.java:logGet(43)) - raft.server.log.appender.buffer.byte-limit = 33554432 (custom)
2019-06-13 12:00:23,378 INFO  server.RaftServerConfigKeys (ConfUtils.java:logGet(43)) - raft.server.log.segment.size.max = 16384 (custom)
2019-06-13 12:00:23,378 INFO  server.RaftServerConfigKeys (ConfUtils.java:logGet(43)) - raft.server.log.segment.cache.num.max = 2 (custom)
2019-06-13 12:00:23,379 INFO  storage.RaftLogWorker (RaftLogWorker.java:<init>(123)) - new 8f93a11a-abd1-4c35-8676-f7c3af4a95a5-RaftLogWorker for Storage Directory /opt/src/hadoop-ozone/tools/target/test-dir/MiniOzoneClusterImpl-bf4136f1-1e72-443f-b417-ff8bd564dd52/datanode-0/data/ratis/a90ff6c5-ae1c-4cae-bd11-30328914b049
2019-06-13 12:00:23,379 INFO  server.RaftServerConfigKeys (ConfUtils.java:logGet(43)) - raft.server.log.queue.byte-limit = 2147483647 (custom)
2019-06-13 12:00:23,379 INFO  server.RaftServerConfigKeys (ConfUtils.java:logGet(43)) - raft.server.log.queue.element-limit = 1024 (custom)
2019-06-13 12:00:23,379 INFO  server.RaftServerConfigKeys (ConfUtils.java:logGet(43)) - raft.server.log.segment.size.max = 16384 (custom)
2019-06-13 12:00:23,379 INFO  server.RaftServerConfigKeys (ConfUtils.java:logGet(43)) - raft.server.log.preallocated.size = 16384 (custom)
2019-06-13 12:00:23,379 INFO  server.RaftServerConfigKeys (ConfUtils.java:logGet(43)) - raft.server.log.write.buffer.size = 33554432 (custom)
2019-06-13 12:00:23,379 INFO  server.RaftServerConfigKeys (ConfUtils.java:logGet(43)) - raft.server.log.force.sync.num = 128 (default)
2019-06-13 12:00:23,379 INFO  server.RaftServerConfigKeys (ConfUtils.java:logGet(43)) - raft.server.log.statemachine.data.sync = true (default)
2019-06-13 12:00:23,379 INFO  util.JmxRegister (JmxRegister.java:tryRegister(44)) - Successfully registered JMX Bean with object name Ratis:service=RaftServer,group=group-30328914B049,id=2821de00-9d0d-4246-83d7-66909b24e70b
2019-06-13 12:00:23,379 INFO  server.RaftServerConfigKeys (ConfUtils.java:logGet(43)) - raft.server.log.segment.cache.num.max = 2 (custom)
2019-06-13 12:00:23,379 INFO  server.RaftServerConfigKeys (ConfUtils.java:logGet(43)) - raft.server.log.statemachine.data.sync.timeout = 10s (default)
2019-06-13 12:00:23,380 INFO  storage.RaftLogWorker (RaftLogWorker.java:<init>(123)) - new 5e50a83f-2494-481c-8e7b-49ba785a0bf4-RaftLogWorker for Storage Directory /opt/src/hadoop-ozone/tools/target/test-dir/MiniOzoneClusterImpl-bf4136f1-1e72-443f-b417-ff8bd564dd52/datanode-1/data/ratis/a90ff6c5-ae1c-4cae-bd11-30328914b049
2019-06-13 12:00:23,380 INFO  server.RaftServerConfigKeys (ConfUtils.java:logGet(43)) - raft.server.log.statemachine.data.sync.timeout.retry = -1 (default)
2019-06-13 12:00:23,380 INFO  server.RaftServerConfigKeys (ConfUtils.java:logGet(43)) - raft.server.log.queue.byte-limit = 2147483647 (custom)
2019-06-13 12:00:23,380 INFO  server.RaftServerConfigKeys (ConfUtils.java:logGet(43)) - raft.server.log.statemachine.data.caching.enabled = true (custom)
2019-06-13 12:00:23,380 INFO  server.RaftServerConfigKeys (ConfUtils.java:logGet(43)) - raft.server.log.queue.element-limit = 1024 (custom)
2019-06-13 12:00:23,381 INFO  server.RaftServerConfigKeys (ConfUtils.java:logGet(43)) - raft.server.log.segment.size.max = 16384 (custom)
2019-06-13 12:00:23,381 INFO  server.RaftServerConfigKeys (ConfUtils.java:logGet(43)) - raft.server.log.preallocated.size = 16384 (custom)
2019-06-13 12:00:23,381 INFO  server.RaftServerConfigKeys (ConfUtils.java:logGet(43)) - raft.server.log.write.buffer.size = 33554432 (custom)
[...]
	at org.apache.hadoop.ozone.container.common.impl.HddsDispatcher.dispatch(HddsDispatcher.java:148) ~[classes/:?]
	at org.apache.hadoop.ozone.container.common.transport.server.ratis.ContainerStateMachine.dispatchCommand(ContainerStateMachine.java:347) ~[classes/:?]
	at org.apache.hadoop.ozone.container.common.transport.server.ratis.ContainerStateMachine.runCommand(ContainerStateMachine.java:354) ~[classes/:?]
	at org.apache.hadoop.ozone.container.common.transport.server.ratis.ContainerStateMachine.lambda$handleWriteChunk$0(ContainerStateMachine.java:385) ~[classes/:?]
	at java.util.concurrent.CompletableFuture$AsyncSupply.run(CompletableFuture.java:1590) [?:1.8.0_212]
	at java.util.concurrent.ThreadPoolExecutor.runWorker(ThreadPoolExecutor.java:1149) [?:1.8.0_212]
	at java.util.concurrent.ThreadPoolExecutor$Worker.run(ThreadPoolExecutor.java:624) [?:1.8.0_212]
	at java.lang.Thread.run(Thread.java:748) [?:1.8.0_212]
2019-06-13 12:00:27,376 INFO  impl.HddsDispatcher (ContainerUtils.java:logAndReturnError(146)) - Operation: WriteChunk : Trace ID: 5b65290f3845dc0b:82e6126eb0724627:9a1c5dbd59337be6:0 : Message: ContainerID 3 creation failed : Result: DISK_OUT_OF_SPACE
12:00:27.376 [pool-68-thread-10] ERROR DNAudit - user=null | ip=null | op=WRITE_CHUNK {blockData=conID: 3 locID: 102264158587518979 bcsId: 0} | ret=FAILURE
org.apache.hadoop.hdds.scm.container.common.helpers.StorageContainerException: ContainerID 3 creation failed
	at org.apache.hadoop.ozone.container.common.impl.HddsDispatcher.dispatchRequest(HddsDispatcher.java:227) ~[classes/:?]
	at org.apache.hadoop.ozone.container.common.impl.HddsDispatcher.dispatch(HddsDispatcher.java:148) ~[classes/:?]
	at org.apache.hadoop.ozone.container.common.transport.server.ratis.ContainerStateMachine.dispatchCommand(ContainerStateMachine.java:347) ~[classes/:?]
	at org.apache.hadoop.ozone.container.common.transport.server.ratis.ContainerStateMachine.runCommand(ContainerStateMachine.java:354) ~[classes/:?]
	at org.apache.hadoop.ozone.container.common.transport.server.ratis.ContainerStateMachine.lambda$handleWriteChunk$0(ContainerStateMachine.java:385) ~[classes/:?]
	at java.util.concurrent.CompletableFuture$AsyncSupply.run(CompletableFuture.java:1590) [?:1.8.0_212]
	at java.util.concurrent.ThreadPoolExecutor.runWorker(ThreadPoolExecutor.java:1149) [?:1.8.0_212]
	at java.util.concurrent.ThreadPoolExecutor$Worker.run(ThreadPoolExecutor.java:624) [?:1.8.0_212]
	at java.lang.Thread.run(Thread.java:748) [?:1.8.0_212]
2019-06-13 12:00:27,377 INFO  impl.HddsDispatcher (ContainerUtils.java:logAndReturnError(146)) - Operation: WriteChunk : Trace ID: 5b65290f3845dc0b:82e6126eb0724627:9a1c5dbd59337be6:0 : Message: ContainerID 3 creation failed : Result: DISK_OUT_OF_SPACE
2019-06-13 12:00:27,378 INFO  client.GrpcClientProtocolClient (GrpcClientProtocolClient.java:onNext(254)) - client-4E60BDA7F31C->8f93a11a-abd1-4c35-8676-f7c3af4a95a5: receive RaftClientReply:client-4E60BDA7F31C->8f93a11a-abd1-4c35-8676-f7c3af4a95a5@group-30328914B049, cid=26, SUCCESS, logIndex=35, commits[8f93a11a-abd1-4c35-8676-f7c3af4a95a5:c35, 5e50a83f-2494-481c-8e7b-49ba785a0bf4:c34, 2821de00-9d0d-4246-83d7-66909b24e70b:c34]
12:00:27.379 [pool-30-thread-1] ERROR DNAudit - user=null | ip=null | op=WRITE_CHUNK {blockData=conID: 3 locID: 102264158587518979 bcsId: 0} | ret=FAILURE
org.apache.hadoop.hdds.scm.container.common.helpers.StorageContainerException: ContainerID 3 does not exist
	at org.apache.hadoop.ozone.container.common.impl.HddsDispatcher.dispatchRequest(HddsDispatcher.java:242) ~[classes/:?]
	at org.apache.hadoop.ozone.container.common.impl.HddsDispatcher.dispatch(HddsDispatcher.java:148) ~[classes/:?]
	at org.apache.hadoop.ozone.container.common.transport.server.ratis.ContainerStateMachine.dispatchCommand(ContainerStateMachine.java:347) ~[classes/:?]
	at org.apache.hadoop.ozone.container.common.transport.server.ratis.ContainerStateMachine.runCommand(ContainerStateMachine.java:354) ~[classes/:?]
	at org.apache.hadoop.ozone.container.common.transport.server.ratis.ContainerStateMachine.lambda$applyTransaction$5(ContainerStateMachine.java:621) ~[classes/:?]
	at java.util.concurrent.CompletableFuture$AsyncSupply.run(CompletableFuture.java:1590) [?:1.8.0_212]
	at java.util.concurrent.ThreadPoolExecutor.runWorker(ThreadPoolExecutor.java:1149) [?:1.8.0_212]
	at java.util.concurrent.ThreadPoolExecutor$Worker.run(ThreadPoolExecutor.java:624) [?:1.8.0_212]
	at java.lang.Thread.run(Thread.java:748) [?:1.8.0_212]
2019-06-13 12:00:27,380 INFO  impl.HddsDispatcher (ContainerUtils.java:logAndReturnError(146)) - Operation: WriteChunk : Trace ID: 5b65290f3845dc0b:82e6126eb0724627:9a1c5dbd59337be6:0 : Message: ContainerID 3 does not exist : Result: CONTAINER_NOT_FOUND
12:00:27.381 [pool-51-thread-1] ERROR DNAudit - user=null | ip=null | op=PUT_BLOCK {blockData=[blockId=conID: 3 locID: 102264158587518979 bcsId: 0,size=1048576]} | ret=FAILURE
org.apache.hadoop.hdds.scm.container.common.helpers.StorageContainerException: ContainerID 3 does not exist
	at org.apache.hadoop.ozone.container.common.impl.HddsDispatcher.dispatchRequest(HddsDispatcher.java:242) ~[classes/:?]
	at org.apache.hadoop.ozone.container.common.impl.HddsDispatcher.dispatch(HddsDispatcher.java:148) ~[classes/:?]
	at org.apache.hadoop.ozone.container.common.transport.server.ratis.ContainerStateMachine.dispatchCommand(ContainerStateMachine.java:347) ~[classes/:?]
	at org.apache.hadoop.ozone.container.common.transport.server.ratis.ContainerStateMachine.runCommand(ContainerStateMachine.java:354) ~[classes/:?]
	at org.apache.hadoop.ozone.container.common.transport.server.ratis.ContainerStateMachine.lambda$applyTransaction$5(ContainerStateMachine.java:621) ~[classes/:?]
	at java.util.concurrent.CompletableFuture$AsyncSupply.run(CompletableFuture.java:1590) [?:1.8.0_212]
	at java.util.concurrent.ThreadPoolExecutor.runWorker(ThreadPoolExecutor.java:1149) [?:1.8.0_212]
	at java.util.concurrent.ThreadPoolExecutor$Worker.run(ThreadPoolExecutor.java:624) [?:1.8.0_212]
	at java.lang.Thread.run(Thread.java:748) [?:1.8.0_212]
2019-06-13 12:00:27,381 INFO  impl.HddsDispatcher (ContainerUtils.java:logAndReturnError(146)) - Operation: PutBlock : Trace ID: 5b65290f3845dc0b:ad1416d831f494d7:9a1c5dbd59337be6:0 : Message: ContainerID 3 does not exist : Result: CONTAINER_NOT_FOUND
12:00:27.386 [pool-30-thread-1] ERROR DNAudit - user=null | ip=null | op=PUT_BLOCK {blockData=[blockId=conID: 3 locID: 102264158587518979 bcsId: 0,size=2097152]} | ret=FAILURE
org.apache.hadoop.hdds.scm.container.common.helpers.StorageContainerException: ContainerID 3 does not exist
	at org.apache.hadoop.ozone.container.common.impl.HddsDispatcher.dispatchRequest(HddsDispatcher.java:242) ~[classes/:?]
	at org.apache.hadoop.ozone.container.common.impl.HddsDispatcher.dispatch(HddsDispatcher.java:148) ~[classes/:?]
	at org.apache.hadoop.ozone.container.common.transport.server.ratis.ContainerStateMachine.dispatchCommand(ContainerStateMachine.java:347) ~[classes/:?]
	at org.apache.hadoop.ozone.container.common.transport.server.ratis.ContainerStateMachine.runCommand(ContainerStateMachine.java:354) ~[classes/:?]
	at org.apache.hadoop.ozone.container.common.transport.server.ratis.ContainerStateMachine.lambda$applyTransaction$5(ContainerStateMachine.java:621) ~[classes/:?]
	at java.util.concurrent.CompletableFuture$AsyncSupply.run(CompletableFuture.java:1590) [?:1.8.0_212]
	at java.util.concurrent.ThreadPoolExecutor.runWorker(ThreadPoolExecutor.java:1149) [?:1.8.0_212]
	at java.util.concurrent.ThreadPoolExecutor$Worker.run(ThreadPoolExecutor.java:624) [?:1.8.0_212]
	at java.lang.Thread.run(Thread.java:748) [?:1.8.0_212]
2019-06-13 12:00:27,386 INFO  impl.HddsDispatcher (ContainerUtils.java:logAndReturnError(146)) - Operation: PutBlock : Trace ID: 5b65290f3845dc0b:b77a84b2dfce252a:9a1c5dbd59337be6:0 : Message: ContainerID 3 does not exist : Result: CONTAINER_NOT_FOUND
2019-06-13 12:00:27,387 INFO  client.GrpcClientProtocolClient (GrpcClientProtocolClient.java:onNext(254)) - client-4E60BDA7F31C->8f93a11a-abd1-4c35-8676-f7c3af4a95a5: receive RaftClientReply:client-4E60BDA7F31C->8f93a11a-abd1-4c35-8676-f7c3af4a95a5@group-30328914B049, cid=27, SUCCESS, logIndex=36, commits[8f93a11a-abd1-4c35-8676-f7c3af4a95a5:c37, 5e50a83f-2494-481c-8e7b-49ba785a0bf4:c35, 2821de00-9d0d-4246-83d7-66909b24e70b:c34]
2019-06-13 12:00:27,388 INFO  client.GrpcClientProtocolClient (GrpcClientProtocolClient.java:onNext(254)) - client-4E60BDA7F31C->8f93a11a-abd1-4c35-8676-f7c3af4a95a5: receive RaftClientReply:client-4E60BDA7F31C->8f93a11a-abd1-4c35-8676-f7c3af4a95a5@group-30328914B049, cid=28, SUCCESS, logIndex=37, commits[8f93a11a-abd1-4c35-8676-f7c3af4a95a5:c38, 5e50a83f-2494-481c-8e7b-49ba785a0bf4:c35, 2821de00-9d0d-4246-83d7-66909b24e70b:c34]
12:00:27.388 [pool-51-thread-1] ERROR DNAudit - user=null | ip=null | op=WRITE_CHUNK {blockData=conID: 3 locID: 102264158587518979 bcsId: 0} | ret=FAILURE
org.apache.hadoop.hdds.scm.container.common.helpers.StorageContainerException: ContainerID 3 does not exist
	at org.apache.hadoop.ozone.container.common.impl.HddsDispatcher.dispatchRequest(HddsDispatcher.java:242) ~[classes/:?]
	at org.apache.hadoop.ozone.container.common.impl.HddsDispatcher.dispatch(HddsDispatcher.java:148) ~[classes/:?]
	at org.apache.hadoop.ozone.container.common.transport.server.ratis.ContainerStateMachine.dispatchCommand(ContainerStateMachine.java:347) ~[classes/:?]
	at org.apache.hadoop.ozone.container.common.transport.server.ratis.ContainerStateMachine.runCommand(ContainerStateMachine.java:354) ~[classes/:?]
	at org.apache.hadoop.ozone.container.common.transport.server.ratis.ContainerStateMachine.lambda$applyTransaction$5(ContainerStateMachine.java:621) ~[classes/:?]
	at java.util.concurrent.CompletableFuture$AsyncSupply.run(CompletableFuture.java:1590) [?:1.8.0_212]
	at java.util.concurrent.ThreadPoolExecutor.runWorker(ThreadPoolExecutor.java:1149) [?:1.8.0_212]
	at java.util.concurrent.ThreadPoolExecutor$Worker.run(ThreadPoolExecutor.java:624) [?:1.8.0_212]
	at java.lang.Thread.run(Thread.java:748) [?:1.8.0_212]
2019-06-13 12:00:27,388 INFO  impl.HddsDispatcher (ContainerUtils.java:logAndReturnError(146)) - Operation: WriteChunk : Trace ID: 5b65290f3845dc0b:82e6126eb0724627:9a1c5dbd59337be6:0 : Message: ContainerID 3 does not exist : Result: CONTAINER_NOT_FOUND
12:00:27.393 [pool-72-thread-1] ERROR DNAudit - user=null | ip=null | op=PUT_BLOCK {blockData=[blockId=conID: 3 locID: 102264158587518979 bcsId: 0,size=1048576]} | ret=FAILURE
org.apache.hadoop.hdds.scm.container.common.helpers.StorageContainerException: ContainerID 3 does not exist
	at org.apache.hadoop.ozone.container.common.impl.HddsDispatcher.dispatchRequest(HddsDispatcher.java:242) ~[classes/:?]
	at org.apache.hadoop.ozone.container.common.impl.HddsDispatcher.dispatch(HddsDispatcher.java:148) ~[classes/:?]
	at org.apache.hadoop.ozone.container.common.transport.server.ratis.ContainerStateMachine.dispatchCommand(ContainerStateMachine.java:347) ~[classes/:?]
	at org.apache.hadoop.ozone.container.common.transport.server.ratis.ContainerStateMachine.runCommand(ContainerStateMachine.java:354) ~[classes/:?]
	at org.apache.hadoop.ozone.container.common.transport.server.ratis.ContainerStateMachine.lambda$applyTransaction$5(ContainerStateMachine.java:621) ~[classes/:?]
	at java.util.concurrent.CompletableFuture$AsyncSupply.run(CompletableFuture.java:1590) [?:1.8.0_212]
	at java.util.concurrent.ThreadPoolExecutor.runWorker(ThreadPoolExecutor.java:1149) [?:1.8.0_212]
	at java.util.concurrent.ThreadPoolExecutor$Worker.run(ThreadPoolExecutor.java:624) [?:1.8.0_212]
	at java.lang.Thread.run(Thread.java:748) [?:1.8.0_212]
2019-06-13 12:00:27,394 INFO  impl.HddsDispatcher (ContainerUtils.java:logAndReturnError(146)) - Operation: PutBlock : Trace ID: 5b65290f3845dc0b:ad1416d831f494d7:9a1c5dbd59337be6:0 : Message: ContainerID 3 does not exist : Result: CONTAINER_NOT_FOUND
12:00:27.394 [pool-72-thread-1] ERROR DNAudit - user=null | ip=null | op=WRITE_CHUNK {blockData=conID: 3 locID: 102264158587518979 bcsId: 0} | ret=FAILURE
org.apache.hadoop.hdds.scm.container.common.helpers.StorageContainerException: ContainerID 3 does not exist
	at org.apache.hadoop.ozone.container.common.impl.HddsDispatcher.dispatchRequest(HddsDispatcher.java:242) ~[classes/:?]
	at org.apache.hadoop.ozone.container.common.impl.HddsDispatcher.dispatch(HddsDispatcher.java:148) ~[classes/:?]
	at org.apache.hadoop.ozone.container.common.transport.server.ratis.ContainerStateMachine.dispatchCommand(ContainerStateMachine.java:347) ~[classes/:?]
	at org.apache.hadoop.ozone.container.common.transport.server.ratis.ContainerStateMachine.runCommand(ContainerStateMachine.java:354) ~[classes/:?]
	at org.apache.hadoop.ozone.container.common.transport.server.ratis.ContainerStateMachine.lambda$applyTransaction$5(ContainerStateMachine.java:621) ~[classes/:?]
	at java.util.concurrent.CompletableFuture$AsyncSupply.run(CompletableFuture.java:1590) [?:1.8.0_212]
	at java.util.concurrent.ThreadPoolExecutor.runWorker(ThreadPoolExecutor.java:1149) [?:1.8.0_212]
	at java.util.concurrent.ThreadPoolExecutor$Worker.run(ThreadPoolExecutor.java:624) [?:1.8.0_212]
	at java.lang.Thread.run(Thread.java:748) [?:1.8.0_212]
2019-06-13 12:00:27,394 INFO  impl.HddsDispatcher (ContainerUtils.java:logAndReturnError(146)) - Operation: WriteChunk : Trace ID: 5b65290f3845dc0b:82e6126eb0724627:9a1c5dbd59337be6:0 : Message: ContainerID 3 does not exist : Result: CONTAINER_NOT_FOUND
2019-06-13 12:00:27,395 ERROR freon.RandomKeyGenerator (RandomKeyGenerator.java:run(675)) - Exception while adding key: key-0-60827 in bucket: org.apache.hadoop.ozone.client.OzoneBucket@1bb219bd of volume: org.apache.hadoop.ozone.client.OzoneVolume@54d3d900.
java.io.IOException: Unexpected Storage Container Exception: org.apache.hadoop.hdds.scm.container.common.helpers.StorageContainerException: ContainerID 3 does not exist
	at org.apache.hadoop.hdds.scm.storage.BlockOutputStream.setIoException(BlockOutputStream.java:548)
	at org.apache.hadoop.hdds.scm.storage.BlockOutputStream.validateResponse(BlockOutputStream.java:539)
	at org.apache.hadoop.hdds.scm.storage.BlockOutputStream.lambda$writeChunkToContainer$2(BlockOutputStream.java:614)
	at java.util.concurrent.CompletableFuture.uniApply(CompletableFuture.java:602)
	at java.util.concurrent.CompletableFuture$UniApply.tryFire(CompletableFuture.java:577)
	at java.util.concurrent.CompletableFuture$Completion.run(CompletableFuture.java:442)
	at java.util.concurrent.ThreadPoolExecutor.runWorker(ThreadPoolExecutor.java:1149)
	at java.util.concurrent.ThreadPoolExecutor$Worker.run(ThreadPoolExecutor.java:624)
	at java.lang.Thread.run(Thread.java:748)
Caused by: org.apache.hadoop.hdds.scm.container.common.helpers.StorageContainerException: ContainerID 3 does not exist
	at org.apache.hadoop.hdds.scm.storage.ContainerProtocolCalls.validateContainerResponse(ContainerProtocolCalls.java:536)
	at org.apache.hadoop.hdds.scm.storage.BlockOutputStream.validateResponse(BlockOutputStream.java:536)
	... 7 more
12:00:27.397 [pool-72-thread-1] ERROR DNAudit - user=null | ip=null | op=PUT_BLOCK {blockData=[blockId=conID: 3 locID: 102264158587518979 bcsId: 0,size=2097152]} | ret=FAILURE
org.apache.hadoop.hdds.scm.container.common.helpers.StorageContainerException: ContainerID 3 does not exist
	at org.apache.hadoop.ozone.container.common.impl.HddsDispatcher.dispatchRequest(HddsDispatcher.java:242) ~[classes/:?]
	at org.apache.hadoop.ozone.container.common.impl.HddsDispatcher.dispatch(HddsDispatcher.java:148) ~[classes/:?]
	at org.apache.hadoop.ozone.container.common.transport.server.ratis.ContainerStateMachine.dispatchCommand(ContainerStateMachine.java:347) ~[classes/:?]
	at org.apache.hadoop.ozone.container.common.transport.server.ratis.ContainerStateMachine.runCommand(ContainerStateMachine.java:354) ~[classes/:?]
	at org.apache.hadoop.ozone.container.common.transport.server.ratis.ContainerStateMachine.lambda$applyTransaction$5(ContainerStateMachine.java:621) ~[classes/:?]
	at java.util.concurrent.CompletableFuture$AsyncSupply.run(CompletableFuture.java:1590) [?:1.8.0_212]
	at java.util.concurrent.ThreadPoolExecutor.runWorker(ThreadPoolExecutor.java:1149) [?:1.8.0_212]
	at java.util.concurrent.ThreadPoolExecutor$Worker.run(ThreadPoolExecutor.java:624) [?:1.8.0_212]
	at java.lang.Thread.run(Thread.java:748) [?:1.8.0_212]
2019-06-13 12:00:27,397 INFO  impl.HddsDispatcher (ContainerUtils.java:logAndReturnError(146)) - Operation: PutBlock : Trace ID: 5b65290f3845dc0b:b77a84b2dfce252a:9a1c5dbd59337be6:0 : Message: ContainerID 3 does not exist : Result: CONTAINER_NOT_FOUND
12:00:27.397 [pool-51-thread-1] ERROR DNAudit - user=null | ip=null | op=PUT_BLOCK {blockData=[blockId=conID: 3 locID: 102264158587518979 bcsId: 0,size=2097152]} | ret=FAILURE
org.apache.hadoop.hdds.scm.container.common.helpers.StorageContainerException: ContainerID 3 does not exist
	at org.apache.hadoop.ozone.container.common.impl.HddsDispatcher.dispatchRequest(HddsDispatcher.java:242) ~[classes/:?]
	at org.apache.hadoop.ozone.container.common.impl.HddsDispatcher.dispatch(HddsDispatcher.java:148) ~[classes/:?]
	at org.apache.hadoop.ozone.container.common.transport.server.ratis.ContainerStateMachine.dispatchCommand(ContainerStateMachine.java:347) ~[classes/:?]
	at org.apache.hadoop.ozone.container.common.transport.server.ratis.ContainerStateMachine.runCommand(ContainerStateMachine.java:354) ~[classes/:?]
	at org.apache.hadoop.ozone.container.common.transport.server.ratis.ContainerStateMachine.lambda$applyTransaction$5(ContainerStateMachine.java:621) ~[classes/:?]
	at java.util.concurrent.CompletableFuture$AsyncSupply.run(CompletableFuture.java:1590) [?:1.8.0_212]
	at java.util.concurrent.ThreadPoolExecutor.runWorker(ThreadPoolExecutor.java:1149) [?:1.8.0_212]
	at java.util.concurrent.ThreadPoolExecutor$Worker.run(ThreadPoolExecutor.java:624) [?:1.8.0_212]
	at java.lang.Thread.run(Thread.java:748) [?:1.8.0_212]
2019-06-13 12:00:27,398 INFO  impl.HddsDispatcher (ContainerUtils.java:logAndReturnError(146)) - Operation: PutBlock : Trace ID: 5b65290f3845dc0b:b77a84b2dfce252a:9a1c5dbd59337be6:0 : Message: ContainerID 3 does not exist : Result: CONTAINER_NOT_FOUND
 100.00% |█████████████████████████████████████████████████████████████████████████████████████████████████████|  1/1 Time: 0:00:04
]]></system-out>
    <system-err><![CDATA[ERROR StatusLogger No Log4j 2 configuration file found. Using default configuration (logging only errors to the console), or user programmatically provided configurations. Set system property 'log4j2.debug' to show Log4j 2 internal initialization logging. See https://logging.apache.org/log4j/2.x/manual/configuration.html for instructions on how to configure Log4j 2
Jun 13, 2019 12:00:18 PM com.sun.jersey.server.impl.application.WebApplicationImpl _initiate
INFO: Initiating Jersey application, version 'Jersey: 1.19 02/11/2015 03:25 AM'
Jun 13, 2019 12:00:18 PM com.sun.jersey.server.impl.application.WebApplicationImpl _initiate
INFO: Initiating Jersey application, version 'Jersey: 1.19 02/11/2015 03:25 AM'
Jun 13, 2019 12:00:18 PM com.sun.jersey.server.impl.application.WebApplicationImpl _initiate
INFO: Initiating Jersey application, version 'Jersey: 1.19 02/11/2015 03:25 AM'
Exception in thread "2821de00-9d0d-4246-83d7-66909b24e70b:group-E6A74926EBB4:LeaderElection3" java.lang.IllegalStateException: ILLEGAL TRANSITION: In 2821de00-9d0d-4246-83d7-66909b24e70b:group-E6A74926EBB4:LeaderElection3, STARTING -> CLOSED
	at org.apache.ratis.util.Preconditions.assertTrue(Preconditions.java:60)
	at org.apache.ratis.util.LifeCycle$State.validate(LifeCycle.java:123)
	at org.apache.ratis.util.LifeCycle.transition(LifeCycle.java:143)
	at org.apache.ratis.server.impl.LeaderElection.run(LeaderElection.java:154)
	at java.lang.Thread.run(Thread.java:748)
]]></system-err>
  </testcase>
</testsuite>