<?xml version="1.0" encoding="UTF-8"?>
<testsuite xmlns:xsi="http://www.w3.org/2001/XMLSchema-instance" xsi:noNamespaceSchemaLocation="https://maven.apache.org/surefire/maven-surefire-plugin/xsd/surefire-test-report.xsd" name="org.apache.hadoop.ozone.client.rpc.TestWatchForCommit" time="131.941" tests="6" errors="0" skipped="0" failures="1">
  <properties>
[...]
</properties>
  <testcase name="testWatchForCommitWithKeyWrite" classname="org.apache.hadoop.ozone.client.rpc.TestWatchForCommit" time="19.749"/>
  <testcase name="testWatchForCommitWithSmallerTimeoutValue" classname="org.apache.hadoop.ozone.client.rpc.TestWatchForCommit" time="14.06"/>
  <testcase name="testWatchForCommitForRetryfailure" classname="org.apache.hadoop.ozone.client.rpc.TestWatchForCommit" time="47.798">
    <failure type="java.lang.AssertionError">java.lang.AssertionError
	at org.junit.Assert.fail(Assert.java:86)
	at org.junit.Assert.assertTrue(Assert.java:41)
	at org.junit.Assert.assertTrue(Assert.java:52)
	at org.apache.hadoop.ozone.client.rpc.TestWatchForCommit.testWatchForCommitForRetryfailure(TestWatchForCommit.java:350)
	at sun.reflect.NativeMethodAccessorImpl.invoke0(Native Method)
	at sun.reflect.NativeMethodAccessorImpl.invoke(NativeMethodAccessorImpl.java:62)
	at sun.reflect.DelegatingMethodAccessorImpl.invoke(DelegatingMethodAccessorImpl.java:43)
	at java.lang.reflect.Method.invoke(Method.java:498)
	at org.junit.runners.model.FrameworkMethod$1.runReflectiveCall(FrameworkMethod.java:47)
	at org.junit.internal.runners.model.ReflectiveCallable.run(ReflectiveCallable.java:12)
	at org.junit.runners.model.FrameworkMethod.invokeExplosively(FrameworkMethod.java:44)
	at org.junit.internal.runners.statements.InvokeMethod.evaluate(InvokeMethod.java:17)
	at org.junit.runners.ParentRunner.runLeaf(ParentRunner.java:271)
	at org.junit.runners.BlockJUnit4ClassRunner.runChild(BlockJUnit4ClassRunner.java:70)
	at org.junit.runners.BlockJUnit4ClassRunner.runChild(BlockJUnit4ClassRunner.java:50)
	at org.junit.runners.ParentRunner$3.run(ParentRunner.java:238)
	at org.junit.runners.ParentRunner$1.schedule(ParentRunner.java:63)
	at org.junit.runners.ParentRunner.runChildren(ParentRunner.java:236)
	at org.junit.runners.ParentRunner.access$000(ParentRunner.java:53)
	at org.junit.runners.ParentRunner$2.evaluate(ParentRunner.java:229)
	at org.junit.runners.ParentRunner.run(ParentRunner.java:309)
	at org.apache.maven.surefire.junit4.JUnit4Provider.execute(JUnit4Provider.java:365)
	at org.apache.maven.surefire.junit4.JUnit4Provider.executeWithRerun(JUnit4Provider.java:273)
	at org.apache.maven.surefire.junit4.JUnit4Provider.executeTestSet(JUnit4Provider.java:238)
	at org.apache.maven.surefire.junit4.JUnit4Provider.invoke(JUnit4Provider.java:159)
	at org.apache.maven.surefire.booter.ForkedBooter.invokeProviderInSameClassLoader(ForkedBooter.java:384)
	at org.apache.maven.surefire.booter.ForkedBooter.runSuitesInProcess(ForkedBooter.java:345)
	at org.apache.maven.surefire.booter.ForkedBooter.execute(ForkedBooter.java:126)
	at org.apache.maven.surefire.booter.ForkedBooter.main(ForkedBooter.java:418)
</failure>
    <system-out><![CDATA[2019-06-12 13:41:11,031 WARN  server.ServerUtils (ServerUtils.java:getScmDbDir(145)) - ozone.scm.db.dirs is not configured. We recommend adding this setting. Falling back to ozone.metadata.dirs instead.
2019-06-12 13:41:11,035 WARN  server.ServerUtils (ServerUtils.java:getScmDbDir(145)) - ozone.scm.db.dirs is not configured. We recommend adding this setting. Falling back to ozone.metadata.dirs instead.
2019-06-12 13:41:11,036 WARN  server.ServerUtils (ServerUtils.java:getScmDbDir(145)) - ozone.scm.db.dirs is not configured. We recommend adding this setting. Falling back to ozone.metadata.dirs instead.
2019-06-12 13:41:11,036 INFO  db.DBStoreBuilder (DBStoreBuilder.java:addTable(110)) - using custom profile for table: deletedBlocks
2019-06-12 13:41:11,036 INFO  db.DBStoreBuilder (DBStoreBuilder.java:processTables(161)) - Using default column profile:DBProfile.DISK for Table:deletedBlocks
2019-06-12 13:41:11,037 INFO  db.DBStoreBuilder (DBStoreBuilder.java:addTable(110)) - using custom profile for table: validCerts
2019-06-12 13:41:11,037 INFO  db.DBStoreBuilder (DBStoreBuilder.java:processTables(161)) - Using default column profile:DBProfile.DISK for Table:validCerts
2019-06-12 13:41:11,037 INFO  db.DBStoreBuilder (DBStoreBuilder.java:addTable(110)) - using custom profile for table: revokedCerts
2019-06-12 13:41:11,037 INFO  db.DBStoreBuilder (DBStoreBuilder.java:processTables(161)) - Using default column profile:DBProfile.DISK for Table:revokedCerts
2019-06-12 13:41:11,038 INFO  db.DBStoreBuilder (DBStoreBuilder.java:addTable(110)) - using custom profile for table: default
2019-06-12 13:41:11,038 INFO  db.DBStoreBuilder (DBStoreBuilder.java:processTables(167)) - Using default column profile:DBProfile.DISK for Table:default
2019-06-12 13:41:11,038 INFO  db.DBStoreBuilder (DBStoreBuilder.java:getDbProfile(198)) - Using default options. DBProfile.DISK
2019-06-12 13:41:11,082 WARN  server.ServerUtils (ServerUtils.java:sanitizeUserArgs(70)) - ozone.scm.stale.node.interval value = 300000 is larger than max = 100000 based on the key value of ozone.scm.heartbeat.thread.interval, reset to the max value 100000.
2019-06-12 13:41:11,082 WARN  server.ServerUtils (ServerUtils.java:sanitizeUserArgs(70)) - ozone.scm.stale.node.interval value = 300000 is larger than max = 100000 based on the key value of ozone.scm.heartbeat.thread.interval, reset to the max value 100000.
2019-06-12 13:41:11,083 INFO  node.SCMNodeManager (SCMNodeManager.java:<init>(108)) - Entering startup safe mode.
2019-06-12 13:41:11,084 INFO  net.NodeSchemaLoader (NodeSchemaLoader.java:loadSchemaFromFile(125)) - Loading file from sun.misc.CompoundEnumeration@d190639
2019-06-12 13:41:11,084 INFO  net.NodeSchemaLoader (NodeSchemaLoader.java:loadSchema(171)) - Loading network topology layer schema file
2019-06-12 13:41:11,087 WARN  server.ServerUtils (ServerUtils.java:getScmDbDir(145)) - ozone.scm.db.dirs is not configured. We recommend adding this setting. Falling back to ozone.metadata.dirs instead.
2019-06-12 13:41:11,101 INFO  pipeline.SCMPipelineManager (SCMPipelineManager.java:initializePipelineState(126)) - No pipeline exists in current db
2019-06-12 13:41:11,101 WARN  server.ServerUtils (ServerUtils.java:getScmDbDir(145)) - ozone.scm.db.dirs is not configured. We recommend adding this setting. Falling back to ozone.metadata.dirs instead.
2019-06-12 13:41:11,116 WARN  events.EventQueue (EventQueue.java:fireEvent(175)) - No event handler registered for event TypedEvent{payloadType=SafeModeStatus, name='SafeModeStatus'}
2019-06-12 13:41:11,117 INFO  ipc.CallQueueManager (CallQueueManager.java:<init>(84)) - Using callQueue: class java.util.concurrent.LinkedBlockingQueue, queueCapacity: 2000, scheduler: class org.apache.hadoop.ipc.DefaultRpcScheduler, ipcBackoff: false.
2019-06-12 13:41:11,118 INFO  ipc.Server (Server.java:run(1074)) - Starting Socket Reader #1 for port 45725
2019-06-12 13:41:11,123 INFO  ipc.CallQueueManager (CallQueueManager.java:<init>(84)) - Using callQueue: class java.util.concurrent.LinkedBlockingQueue, queueCapacity: 2000, scheduler: class org.apache.hadoop.ipc.DefaultRpcScheduler, ipcBackoff: false.
2019-06-12 13:41:11,124 INFO  ipc.Server (Server.java:run(1074)) - Starting Socket Reader #1 for port 40967
2019-06-12 13:41:11,126 INFO  ipc.CallQueueManager (CallQueueManager.java:<init>(84)) - Using callQueue: class java.util.concurrent.LinkedBlockingQueue, queueCapacity: 2000, scheduler: class org.apache.hadoop.ipc.DefaultRpcScheduler, ipcBackoff: false.
2019-06-12 13:41:11,126 INFO  ipc.Server (Server.java:run(1074)) - Starting Socket Reader #1 for port 39711
2019-06-12 13:41:11,131 INFO  hdfs.DFSUtil (DFSUtil.java:httpServerTemplateForNNAndJN(1641)) - Starting Web-server for scm at: http://0.0.0.0:0
2019-06-12 13:41:11,132 INFO  server.AuthenticationFilter (AuthenticationFilter.java:constructSecretProvider(240)) - Unable to initialize FileSignerSecretProvider, falling back to use random secrets.
2019-06-12 13:41:11,133 WARN  http.HttpRequestLog (HttpRequestLog.java:getRequestLog(97)) - Jetty request log can only be enabled using Log4j
2019-06-12 13:41:11,134 INFO  http.HttpServer2 (HttpServer2.java:addGlobalFilter(975)) - Added global filter 'safety' (class=org.apache.hadoop.http.HttpServer2$QuotingInputFilter)
2019-06-12 13:41:11,134 INFO  http.HttpServer2 (HttpServer2.java:addFilter(948)) - Added filter static_user_filter (class=org.apache.hadoop.http.lib.StaticUserWebFilter$StaticUserFilter) to context scm
2019-06-12 13:41:11,134 INFO  http.HttpServer2 (HttpServer2.java:addFilter(958)) - Added filter static_user_filter (class=org.apache.hadoop.http.lib.StaticUserWebFilter$StaticUserFilter) to context static
2019-06-12 13:41:11,135 INFO  http.HttpServer2 (HttpServer2.java:addFilter(958)) - Added filter static_user_filter (class=org.apache.hadoop.http.lib.StaticUserWebFilter$StaticUserFilter) to context logs
2019-06-12 13:41:11,138 INFO  server.StorageContainerManager (StorageContainerManager.java:start(752)) - StorageContainerLocationProtocol RPC server is listening at /0.0.0.0:39711
2019-06-12 13:41:11,138 INFO  impl.MetricsSystemImpl (MetricsSystemImpl.java:init(158)) - StorageContainerManager metrics system started (again)
2019-06-12 13:41:11,138 INFO  server.SCMClientProtocolServer (SCMClientProtocolServer.java:start(149)) - RPC server for Client  is listening at /0.0.0.0:39711
2019-06-12 13:41:11,138 INFO  ipc.Server (Server.java:run(1314)) - IPC Server Responder: starting
2019-06-12 13:41:11,138 INFO  ipc.Server (Server.java:run(1153)) - IPC Server listener on 39711: starting
2019-06-12 13:41:11,158 INFO  server.StorageContainerManager (StorageContainerManager.java:start(761)) - ScmBlockLocationProtocol RPC server is listening at /0.0.0.0:40967
2019-06-12 13:41:11,158 INFO  server.SCMBlockProtocolServer (SCMBlockProtocolServer.java:start(137)) - RPC server for Block Protocol is listening at /0.0.0.0:40967
2019-06-12 13:41:11,159 INFO  ipc.Server (Server.java:run(1314)) - IPC Server Responder: starting
2019-06-12 13:41:11,159 INFO  ipc.Server (Server.java:run(1153)) - IPC Server listener on 40967: starting
2019-06-12 13:41:11,168 INFO  server.StorageContainerManager (StorageContainerManager.java:start(765)) - ScmDatanodeProtocl RPC server is listening at /0.0.0.0:45725
2019-06-12 13:41:11,168 INFO  server.SCMDatanodeProtocolServer (SCMDatanodeProtocolServer.java:start(191)) - RPC server for DataNodes is listening at /0.0.0.0:45725
2019-06-12 13:41:11,169 INFO  ipc.Server (Server.java:run(1314)) - IPC Server Responder: starting
2019-06-12 13:41:11,169 INFO  ipc.Server (Server.java:run(1153)) - IPC Server listener on 45725: starting
2019-06-12 13:41:11,176 INFO  http.HttpServer2 (HttpServer2.java:bindListener(1191)) - Jetty bound to port 44433
2019-06-12 13:41:11,177 INFO  server.Server (Server.java:doStart(351)) - jetty-9.3.24.v20180605, build timestamp: 2018-06-05T17:11:56Z, git hash: 84205aa28f11a4f31f2a3b86d1bba2cc8ab69827
2019-06-12 13:41:11,178 INFO  handler.ContextHandler (ContextHandler.java:doStart(781)) - Started o.e.j.s.ServletContextHandler@77a85e76{/logs,file:///opt/src/hadoop-ozone/integration-test/target/log,AVAILABLE}
2019-06-12 13:41:11,178 INFO  handler.ContextHandler (ContextHandler.java:doStart(781)) - Started o.e.j.s.ServletContextHandler@34fc315d{/static,file:///opt/src/hadoop-ozone/integration-test/target/test-classes/webapps/static,AVAILABLE}
2019-06-12 13:41:11,181 INFO  handler.ContextHandler (ContextHandler.java:doStart(781)) - Started o.e.j.w.WebAppContext@103bcc9f{/,file:///opt/src/hadoop-ozone/integration-test/target/test-classes/webapps/scm/,AVAILABLE}{/scm}
2019-06-12 13:41:11,181 INFO  server.AbstractConnector (AbstractConnector.java:doStart(278)) - Started ServerConnector@106802ea{HTTP/1.1,[http/1.1]}{0.0.0.0:44433}
2019-06-12 13:41:11,182 INFO  server.Server (Server.java:doStart(419)) - Started @34274ms
2019-06-12 13:41:11,183 INFO  server.BaseHttpServer (BaseHttpServer.java:updateConnectorAddress(207)) - HTTP server of SCM is listening at http://0.0.0.0:44433
2019-06-12 13:41:11,188 WARN  scm.ScmUtils (ScmUtils.java:getDBPath(63)) - ozone.om.db.dirs is not configured. We recommend adding this setting. Falling back to ozone.metadata.dirs instead.
2019-06-12 13:41:11,188 INFO  util.JvmPauseMonitor (JvmPauseMonitor.java:run(188)) - Starting JVM pause monitor
2019-06-12 13:41:11,191 WARN  scm.ScmUtils (ScmUtils.java:getDBPath(63)) - ozone.om.db.dirs is not configured. We recommend adding this setting. Falling back to ozone.metadata.dirs instead.
2019-06-12 13:41:11,191 INFO  om.OzoneManager (OzoneManager.java:setOMNodeDetails(519)) - OM Service ID is not set. Setting it to the default ID: omServiceIdDefault
2019-06-12 13:41:11,191 INFO  om.OzoneManager (OzoneManager.java:setOMNodeDetails(525)) - OM Node ID is not set. Setting it to the OmStorage's OmID: bdeb50f4-f450-4e92-8f08-b5f9f69cd904
2019-06-12 13:41:11,191 WARN  scm.HddsServerUtil (HddsServerUtil.java:getDefaultRatisDirectory(354)) - Storage directory for Ratis is not configured. It is a good idea to map this to an SSD disk. Falling back to ozone.metadata.dirs
2019-06-12 13:41:11,192 WARN  scm.HddsServerUtil (HddsServerUtil.java:getDefaultRatisDirectory(354)) - Storage directory for Ratis is not configured. It is a good idea to map this to an SSD disk. Falling back to ozone.metadata.dirs
2019-06-12 13:41:11,192 INFO  om.OzoneManager (OzoneManager.java:loadOMHAConfigs(476)) - Found matching OM address with OMServiceId: null, OMNodeId: null, RPC Address: localhost:0 and Ratis port: 9872
2019-06-12 13:41:11,196 WARN  scm.ScmUtils (ScmUtils.java:getDBPath(63)) - ozone.om.db.dirs is not configured. We recommend adding this setting. Falling back to ozone.metadata.dirs instead.
2019-06-12 13:41:11,197 INFO  db.DBStoreBuilder (DBStoreBuilder.java:addTable(110)) - using custom profile for table: userTable
2019-06-12 13:41:11,197 INFO  db.DBStoreBuilder (DBStoreBuilder.java:processTables(161)) - Using default column profile:DBProfile.DISK for Table:userTable
2019-06-12 13:41:11,197 INFO  db.DBStoreBuilder (DBStoreBuilder.java:addTable(110)) - using custom profile for table: volumeTable
2019-06-12 13:41:11,197 INFO  db.DBStoreBuilder (DBStoreBuilder.java:processTables(161)) - Using default column profile:DBProfile.DISK for Table:volumeTable
2019-06-12 13:41:11,198 INFO  db.DBStoreBuilder (DBStoreBuilder.java:addTable(110)) - using custom profile for table: bucketTable
2019-06-12 13:41:11,198 INFO  db.DBStoreBuilder (DBStoreBuilder.java:processTables(161)) - Using default column profile:DBProfile.DISK for Table:bucketTable
2019-06-12 13:41:11,198 INFO  db.DBStoreBuilder (DBStoreBuilder.java:addTable(110)) - using custom profile for table: keyTable
2019-06-12 13:41:11,198 INFO  db.DBStoreBuilder (DBStoreBuilder.java:processTables(161)) - Using default column profile:DBProfile.DISK for Table:keyTable
2019-06-12 13:41:11,198 INFO  db.DBStoreBuilder (DBStoreBuilder.java:addTable(110)) - using custom profile for table: deletedTable
2019-06-12 13:41:11,198 INFO  db.DBStoreBuilder (DBStoreBuilder.java:processTables(161)) - Using default column profile:DBProfile.DISK for Table:deletedTable
2019-06-12 13:41:11,199 INFO  db.DBStoreBuilder (DBStoreBuilder.java:addTable(110)) - using custom profile for table: openKeyTable
2019-06-12 13:41:11,199 INFO  db.DBStoreBuilder (DBStoreBuilder.java:processTables(161)) - Using default column profile:DBProfile.DISK for Table:openKeyTable
2019-06-12 13:41:11,199 INFO  db.DBStoreBuilder (DBStoreBuilder.java:addTable(110)) - using custom profile for table: s3Table
2019-06-12 13:41:11,199 INFO  db.DBStoreBuilder (DBStoreBuilder.java:processTables(161)) - Using default column profile:DBProfile.DISK for Table:s3Table
2019-06-12 13:41:11,199 INFO  db.DBStoreBuilder (DBStoreBuilder.java:addTable(110)) - using custom profile for table: multipartInfoTable
2019-06-12 13:41:11,199 INFO  db.DBStoreBuilder (DBStoreBuilder.java:processTables(161)) - Using default column profile:DBProfile.DISK for Table:multipartInfoTable
2019-06-12 13:41:11,200 INFO  db.DBStoreBuilder (DBStoreBuilder.java:addTable(110)) - using custom profile for table: dTokenTable
2019-06-12 13:41:11,200 INFO  db.DBStoreBuilder (DBStoreBuilder.java:processTables(161)) - Using default column profile:DBProfile.DISK for Table:dTokenTable
2019-06-12 13:41:11,200 INFO  db.DBStoreBuilder (DBStoreBuilder.java:addTable(110)) - using custom profile for table: s3SecretTable
2019-06-12 13:41:11,200 INFO  db.DBStoreBuilder (DBStoreBuilder.java:processTables(161)) - Using default column profile:DBProfile.DISK for Table:s3SecretTable
2019-06-12 13:41:11,200 INFO  db.DBStoreBuilder (DBStoreBuilder.java:addTable(110)) - using custom profile for table: prefixTable
2019-06-12 13:41:11,201 INFO  db.DBStoreBuilder (DBStoreBuilder.java:processTables(161)) - Using default column profile:DBProfile.DISK for Table:prefixTable
2019-06-12 13:41:11,201 INFO  db.DBStoreBuilder (DBStoreBuilder.java:addTable(110)) - using custom profile for table: default
2019-06-12 13:41:11,201 INFO  db.DBStoreBuilder (DBStoreBuilder.java:processTables(167)) - Using default column profile:DBProfile.DISK for Table:default
2019-06-12 13:41:11,201 INFO  db.DBStoreBuilder (DBStoreBuilder.java:getDbProfile(198)) - Using default options. DBProfile.DISK
2019-06-12 13:41:11,343 INFO  ipc.CallQueueManager (CallQueueManager.java:<init>(84)) - Using callQueue: class java.util.concurrent.LinkedBlockingQueue, queueCapacity: 2000, scheduler: class org.apache.hadoop.ipc.DefaultRpcScheduler, ipcBackoff: false.
2019-06-12 13:41:11,344 INFO  ipc.Server (Server.java:run(1074)) - Starting Socket Reader #1 for port 43791
2019-06-12 13:41:11,356 WARN  scm.ScmUtils (ScmUtils.java:getDBPath(63)) - ozone.om.db.dirs is not configured. We recommend adding this setting. Falling back to ozone.metadata.dirs instead.
2019-06-12 13:41:11,356 INFO  om.OzoneManager (OzoneManager.java:start(1217)) - OzoneManager RPC server is listening at localhost/127.0.0.1:43791
2019-06-12 13:41:11,356 INFO  impl.MetricsSystemImpl (MetricsSystemImpl.java:init(158)) - OzoneManager metrics system started (again)
2019-06-12 13:41:11,357 INFO  ipc.Server (Server.java:run(1314)) - IPC Server Responder: starting
2019-06-12 13:41:11,358 INFO  ipc.Server (Server.java:run(1153)) - IPC Server listener on 43791: starting
2019-06-12 13:41:11,364 INFO  hdfs.DFSUtil (DFSUtil.java:httpServerTemplateForNNAndJN(1641)) - Starting Web-server for ozoneManager at: http://0.0.0.0:0
2019-06-12 13:41:11,365 INFO  server.AuthenticationFilter (AuthenticationFilter.java:constructSecretProvider(240)) - Unable to initialize FileSignerSecretProvider, falling back to use random secrets.
2019-06-12 13:41:11,365 WARN  http.HttpRequestLog (HttpRequestLog.java:getRequestLog(97)) - Jetty request log can only be enabled using Log4j
2019-06-12 13:41:11,367 INFO  http.HttpServer2 (HttpServer2.java:addGlobalFilter(975)) - Added global filter 'safety' (class=org.apache.hadoop.http.HttpServer2$QuotingInputFilter)
2019-06-12 13:41:11,367 INFO  http.HttpServer2 (HttpServer2.java:addFilter(948)) - Added filter static_user_filter (class=org.apache.hadoop.http.lib.StaticUserWebFilter$StaticUserFilter) to context ozoneManager
2019-06-12 13:41:11,367 INFO  http.HttpServer2 (HttpServer2.java:addFilter(958)) - Added filter static_user_filter (class=org.apache.hadoop.http.lib.StaticUserWebFilter$StaticUserFilter) to context static
2019-06-12 13:41:11,368 INFO  http.HttpServer2 (HttpServer2.java:addFilter(958)) - Added filter static_user_filter (class=org.apache.hadoop.http.lib.StaticUserWebFilter$StaticUserFilter) to context logs
2019-06-12 13:41:11,368 INFO  http.HttpServer2 (HttpServer2.java:bindListener(1191)) - Jetty bound to port 33773
2019-06-12 13:41:11,368 INFO  server.Server (Server.java:doStart(351)) - jetty-9.3.24.v20180605, build timestamp: 2018-06-05T17:11:56Z, git hash: 84205aa28f11a4f31f2a3b86d1bba2cc8ab69827
2019-06-12 13:41:11,370 INFO  handler.ContextHandler (ContextHandler.java:doStart(781)) - Started o.e.j.s.ServletContextHandler@46fa2a7e{/logs,file:///opt/src/hadoop-ozone/integration-test/target/log,AVAILABLE}
2019-06-12 13:41:11,370 INFO  handler.ContextHandler (ContextHandler.java:doStart(781)) - Started o.e.j.s.ServletContextHandler@6f17dd06{/static,file:///opt/src/hadoop-ozone/integration-test/target/test-classes/webapps/static,AVAILABLE}
2019-06-12 13:41:11,373 INFO  handler.ContextHandler (ContextHandler.java:doStart(781)) - Started o.e.j.w.WebAppContext@11ce9319{/,file:///opt/src/hadoop-ozone/integration-test/target/test-classes/webapps/ozoneManager/,AVAILABLE}{/ozoneManager}
2019-06-12 13:41:11,373 INFO  server.AbstractConnector (AbstractConnector.java:doStart(278)) - Started ServerConnector@780c0{HTTP/1.1,[http/1.1]}{0.0.0.0:33773}
2019-06-12 13:41:11,374 INFO  server.Server (Server.java:doStart(419)) - Started @34467ms
2019-06-12 13:41:11,375 INFO  server.BaseHttpServer (BaseHttpServer.java:updateConnectorAddress(207)) - HTTP server of OZONEMANAGER is listening at http://0.0.0.0:33773
2019-06-12 13:41:11,386 INFO  impl.MetricsSystemImpl (MetricsSystemImpl.java:init(158)) - HddsDatanode metrics system started (again)
2019-06-12 13:41:11,387 INFO  ozone.HddsDatanodeService (HddsDatanodeService.java:start(185)) - HddsDatanodeService host:ozone-x7bbm-1544112193 ip:192.168.19.46
2019-06-12 13:41:11,393 INFO  volume.HddsVolume (HddsVolume.java:<init>(176)) - Creating Volume: /opt/src/hadoop-ozone/integration-test/target/test-dir/MiniOzoneClusterImpl-0fefaf49-817a-484d-ad74-9fcb43e2238a/datanode-0/data/containers/hdds of  storage type : DISK and capacity : 104021790720
2019-06-12 13:41:11,393 INFO  volume.VolumeSet (VolumeSet.java:initializeVolumeSet(170)) - Added Volume : /opt/src/hadoop-ozone/integration-test/target/test-dir/MiniOzoneClusterImpl-0fefaf49-817a-484d-ad74-9fcb43e2238a/datanode-0/data/containers/hdds to VolumeSet
2019-06-12 13:41:11,393 INFO  volume.ThrottledAsyncChecker (ThrottledAsyncChecker.java:schedule(140)) - Scheduling a check for org.apache.hadoop.ozone.container.common.volume.HddsVolume@2a9f8d47
2019-06-12 13:41:11,398 INFO  volume.HddsVolumeChecker (HddsVolumeChecker.java:checkAllVolumes(203)) - Scheduled health check for volume org.apache.hadoop.ozone.container.common.volume.HddsVolume@2a9f8d47
2019-06-12 13:41:11,407 INFO  ratis.XceiverServerRatis (XceiverServerRatis.java:newXceiverServerRatis(401)) - Found a free port for the server : 32903
2019-06-12 13:41:11,408 INFO  impl.RaftServerProxy (ConfUtils.java:logGet(43)) - raft.rpc.type = GRPC (default)
2019-06-12 13:41:11,408 INFO  grpc.GrpcConfigKeys$Server (ConfUtils.java:logGet(43)) - raft.grpc.server.port = 32903 (custom)
2019-06-12 13:41:11,409 INFO  server.GrpcService (ConfUtils.java:logGet(43)) - raft.grpc.message.size.max = 33570816 (custom)
2019-06-12 13:41:11,409 INFO  server.RaftServerConfigKeys (ConfUtils.java:logGet(43)) - raft.server.log.appender.buffer.byte-limit = 33554432 (custom)
2019-06-12 13:41:11,409 INFO  server.GrpcService (ConfUtils.java:logGet(43)) - raft.grpc.flow.control.window = 1MB (=1048576) (default)
2019-06-12 13:41:11,409 INFO  server.RaftServerConfigKeys (ConfUtils.java:logGet(43)) - raft.server.rpc.request.timeout = 3000ms (default)
2019-06-12 13:41:11,409 INFO  server.RaftServerConfigKeys (ConfUtils.java:logGet(43)) - raft.server.storage.dir = [/opt/src/hadoop-ozone/integration-test/target/test-dir/MiniOzoneClusterImpl-0fefaf49-817a-484d-ad74-9fcb43e2238a/datanode-0/data/ratis] (custom)
2019-06-12 13:41:11,410 INFO  server.XceiverServerGrpc (XceiverServerGrpc.java:<init>(97)) - Found a free port for the server : 41509
2019-06-12 13:41:11,410 INFO  replication.SimpleContainerDownloader (SimpleContainerDownloader.java:<init>(72)) - Starting container downloader service to copy containers to replicate.
2019-06-12 13:41:11,411 INFO  hdfs.DFSUtil (DFSUtil.java:httpServerTemplateForNNAndJN(1641)) - Starting Web-server for hddsDatanode at: http://0.0.0.0:0
2019-06-12 13:41:11,412 INFO  server.AuthenticationFilter (AuthenticationFilter.java:constructSecretProvider(240)) - Unable to initialize FileSignerSecretProvider, falling back to use random secrets.
2019-06-12 13:41:11,413 WARN  http.HttpRequestLog (HttpRequestLog.java:getRequestLog(97)) - Jetty request log can only be enabled using Log4j
2019-06-12 13:41:11,414 INFO  http.HttpServer2 (HttpServer2.java:addGlobalFilter(975)) - Added global filter 'safety' (class=org.apache.hadoop.http.HttpServer2$QuotingInputFilter)
2019-06-12 13:41:11,414 INFO  http.HttpServer2 (HttpServer2.java:addFilter(948)) - Added filter static_user_filter (class=org.apache.hadoop.http.lib.StaticUserWebFilter$StaticUserFilter) to context hddsDatanode
2019-06-12 13:41:11,414 INFO  http.HttpServer2 (HttpServer2.java:addFilter(958)) - Added filter static_user_filter (class=org.apache.hadoop.http.lib.StaticUserWebFilter$StaticUserFilter) to context logs
2019-06-12 13:41:11,414 INFO  http.HttpServer2 (HttpServer2.java:addFilter(958)) - Added filter static_user_filter (class=org.apache.hadoop.http.lib.StaticUserWebFilter$StaticUserFilter) to context static
2019-06-12 13:41:11,415 INFO  http.HttpServer2 (HttpServer2.java:bindListener(1191)) - Jetty bound to port 37975
2019-06-12 13:41:11,415 INFO  server.Server (Server.java:doStart(351)) - jetty-9.3.24.v20180605, build timestamp: 2018-06-05T17:11:56Z, git hash: 84205aa28f11a4f31f2a3b86d1bba2cc8ab69827
2019-06-12 13:41:11,426 INFO  handler.ContextHandler (ContextHandler.java:doStart(781)) - Started o.e.j.s.ServletContextHandler@756200d1{/logs,file:///opt/src/hadoop-ozone/integration-test/target/log,AVAILABLE}
2019-06-12 13:41:11,426 INFO  handler.ContextHandler (ContextHandler.java:doStart(781)) - Started o.e.j.s.ServletContextHandler@674e4c82{/static,jar:file:/root/.m2/repository/org/apache/hadoop/hadoop-hdds-container-service/0.5.0-SNAPSHOT/hadoop-hdds-container-service-0.5.0-SNAPSHOT.jar!/webapps/static,AVAILABLE}
2019-06-12 13:41:11,446 INFO  handler.ContextHandler (ContextHandler.java:doStart(781)) - Started o.e.j.w.WebAppContext@6d7556a8{/,file:///tmp/jetty-0.0.0.0-37975-hddsDatanode-_-any-6142725181014697335.dir/webapp/,AVAILABLE}{/hddsDatanode}
2019-06-12 13:41:11,447 INFO  server.AbstractConnector (AbstractConnector.java:doStart(278)) - Started ServerConnector@48860139{HTTP/1.1,[http/1.1]}{0.0.0.0:37975}
2019-06-12 13:41:11,448 INFO  server.Server (Server.java:doStart(419)) - Started @34540ms
2019-06-12 13:41:11,448 INFO  server.BaseHttpServer (BaseHttpServer.java:updateConnectorAddress(207)) - HTTP server of HDDSDATANODE is listening at http://0.0.0.0:37975
2019-06-12 13:41:11,539 INFO  ozone.HddsDatanodeService (HddsDatanodeService.java:startPlugins(396)) - Started plug-in org.apache.hadoop.ozone.web.OzoneHddsDatanodeService@1805ca5c
2019-06-12 13:41:11,539 INFO  impl.MetricsSystemImpl (MetricsSystemImpl.java:init(158)) - HddsDatanode metrics system started (again)
2019-06-12 13:41:11,540 INFO  ozone.HddsDatanodeService (HddsDatanodeService.java:start(185)) - HddsDatanodeService host:ozone-x7bbm-1544112193 ip:192.168.19.46
2019-06-12 13:41:11,546 INFO  util.JvmPauseMonitor (JvmPauseMonitor.java:run(188)) - Starting JVM pause monitor
2019-06-12 13:41:11,547 INFO  datanode.InitDatanodeState (InitDatanodeState.java:persistContainerDatanodeDetails(140)) - DatanodeDetails is persisted to /opt/src/hadoop-ozone/integration-test/target/test-dir/MiniOzoneClusterImpl-0fefaf49-817a-484d-ad74-9fcb43e2238a/datanode-0/meta/datanode.id
2019-06-12 13:41:11,551 INFO  volume.HddsVolume (HddsVolume.java:<init>(176)) - Creating Volume: /opt/src/hadoop-ozone/integration-test/target/test-dir/MiniOzoneClusterImpl-0fefaf49-817a-484d-ad74-9fcb43e2238a/datanode-1/data/containers/hdds of  storage type : DISK and capacity : 104021790720
2019-06-12 13:41:11,552 INFO  volume.VolumeSet (VolumeSet.java:initializeVolumeSet(170)) - Added Volume : /opt/src/hadoop-ozone/integration-test/target/test-dir/MiniOzoneClusterImpl-0fefaf49-817a-484d-ad74-9fcb43e2238a/datanode-1/data/containers/hdds to VolumeSet
2019-06-12 13:41:11,552 INFO  volume.ThrottledAsyncChecker (ThrottledAsyncChecker.java:schedule(140)) - Scheduling a check for org.apache.hadoop.ozone.container.common.volume.HddsVolume@2358443e
2019-06-12 13:41:11,553 INFO  volume.HddsVolumeChecker (HddsVolumeChecker.java:checkAllVolumes(203)) - Scheduled health check for volume org.apache.hadoop.ozone.container.common.volume.HddsVolume@2358443e
2019-06-12 13:41:11,563 INFO  ratis.XceiverServerRatis (XceiverServerRatis.java:newXceiverServerRatis(401)) - Found a free port for the server : 37405
2019-06-12 13:41:11,564 INFO  impl.RaftServerProxy (ConfUtils.java:logGet(43)) - raft.rpc.type = GRPC (default)
2019-06-12 13:41:11,564 INFO  grpc.GrpcConfigKeys$Server (ConfUtils.java:logGet(43)) - raft.grpc.server.port = 37405 (custom)
2019-06-12 13:41:11,564 INFO  server.GrpcService (ConfUtils.java:logGet(43)) - raft.grpc.message.size.max = 33570816 (custom)
2019-06-12 13:41:11,565 INFO  server.RaftServerConfigKeys (ConfUtils.java:logGet(43)) - raft.server.log.appender.buffer.byte-limit = 33554432 (custom)
2019-06-12 13:41:11,565 INFO  server.GrpcService (ConfUtils.java:logGet(43)) - raft.grpc.flow.control.window = 1MB (=1048576) (default)
2019-06-12 13:41:11,565 INFO  server.RaftServerConfigKeys (ConfUtils.java:logGet(43)) - raft.server.rpc.request.timeout = 3000ms (default)
2019-06-12 13:41:11,565 INFO  server.RaftServerConfigKeys (ConfUtils.java:logGet(43)) - raft.server.storage.dir = [/opt/src/hadoop-ozone/integration-test/target/test-dir/MiniOzoneClusterImpl-0fefaf49-817a-484d-ad74-9fcb43e2238a/datanode-1/data/ratis] (custom)
2019-06-12 13:41:11,566 INFO  server.XceiverServerGrpc (XceiverServerGrpc.java:<init>(97)) - Found a free port for the server : 36881
2019-06-12 13:41:11,566 INFO  replication.SimpleContainerDownloader (SimpleContainerDownloader.java:<init>(72)) - Starting container downloader service to copy containers to replicate.
2019-06-12 13:41:11,568 INFO  hdfs.DFSUtil (DFSUtil.java:httpServerTemplateForNNAndJN(1641)) - Starting Web-server for hddsDatanode at: http://0.0.0.0:0
2019-06-12 13:41:11,569 INFO  server.AuthenticationFilter (AuthenticationFilter.java:constructSecretProvider(240)) - Unable to initialize FileSignerSecretProvider, falling back to use random secrets.
2019-06-12 13:41:11,570 WARN  http.HttpRequestLog (HttpRequestLog.java:getRequestLog(97)) - Jetty request log can only be enabled using Log4j
2019-06-12 13:41:11,571 INFO  http.HttpServer2 (HttpServer2.java:addGlobalFilter(975)) - Added global filter 'safety' (class=org.apache.hadoop.http.HttpServer2$QuotingInputFilter)
2019-06-12 13:41:11,572 INFO  http.HttpServer2 (HttpServer2.java:addFilter(948)) - Added filter static_user_filter (class=org.apache.hadoop.http.lib.StaticUserWebFilter$StaticUserFilter) to context hddsDatanode
2019-06-12 13:41:11,572 INFO  http.HttpServer2 (HttpServer2.java:addFilter(958)) - Added filter static_user_filter (class=org.apache.hadoop.http.lib.StaticUserWebFilter$StaticUserFilter) to context logs
2019-06-12 13:41:11,572 INFO  http.HttpServer2 (HttpServer2.java:addFilter(958)) - Added filter static_user_filter (class=org.apache.hadoop.http.lib.StaticUserWebFilter$StaticUserFilter) to context static
2019-06-12 13:41:11,573 INFO  http.HttpServer2 (HttpServer2.java:bindListener(1191)) - Jetty bound to port 39965
2019-06-12 13:41:11,573 INFO  server.Server (Server.java:doStart(351)) - jetty-9.3.24.v20180605, build timestamp: 2018-06-05T17:11:56Z, git hash: 84205aa28f11a4f31f2a3b86d1bba2cc8ab69827
2019-06-12 13:41:11,585 INFO  handler.ContextHandler (ContextHandler.java:doStart(781)) - Started o.e.j.s.ServletContextHandler@54caeadc{/logs,file:///opt/src/hadoop-ozone/integration-test/target/log,AVAILABLE}
2019-06-12 13:41:11,586 INFO  handler.ContextHandler (ContextHandler.java:doStart(781)) - Started o.e.j.s.ServletContextHandler@33f81280{/static,jar:file:/root/.m2/repository/org/apache/hadoop/hadoop-hdds-container-service/0.5.0-SNAPSHOT/hadoop-hdds-container-service-0.5.0-SNAPSHOT.jar!/webapps/static,AVAILABLE}
2019-06-12 13:41:11,606 INFO  handler.ContextHandler (ContextHandler.java:doStart(781)) - Started o.e.j.w.WebAppContext@1b7a4930{/,file:///tmp/jetty-0.0.0.0-39965-hddsDatanode-_-any-8441364387048462660.dir/webapp/,AVAILABLE}{/hddsDatanode}
2019-06-12 13:41:11,607 INFO  server.AbstractConnector (AbstractConnector.java:doStart(278)) - Started ServerConnector@591a4d25{HTTP/1.1,[http/1.1]}{0.0.0.0:39965}
2019-06-12 13:41:11,608 INFO  server.Server (Server.java:doStart(419)) - Started @34700ms
2019-06-12 13:41:11,608 INFO  server.BaseHttpServer (BaseHttpServer.java:updateConnectorAddress(207)) - HTTP server of HDDSDATANODE is listening at http://0.0.0.0:39965
2019-06-12 13:41:11,798 INFO  ozone.HddsDatanodeService (HddsDatanodeService.java:startPlugins(396)) - Started plug-in org.apache.hadoop.ozone.web.OzoneHddsDatanodeService@54d2f5d3
2019-06-12 13:41:11,799 INFO  impl.MetricsSystemImpl (MetricsSystemImpl.java:init(158)) - HddsDatanode metrics system started (again)
2019-06-12 13:41:11,799 INFO  ozone.HddsDatanodeService (HddsDatanodeService.java:start(185)) - HddsDatanodeService host:ozone-x7bbm-1544112193 ip:192.168.19.46
2019-06-12 13:41:11,799 INFO  util.JvmPauseMonitor (JvmPauseMonitor.java:run(188)) - Starting JVM pause monitor
2019-06-12 13:41:11,801 INFO  datanode.InitDatanodeState (InitDatanodeState.java:persistContainerDatanodeDetails(140)) - DatanodeDetails is persisted to /opt/src/hadoop-ozone/integration-test/target/test-dir/MiniOzoneClusterImpl-0fefaf49-817a-484d-ad74-9fcb43e2238a/datanode-1/meta/datanode.id
2019-06-12 13:41:11,804 INFO  volume.HddsVolume (HddsVolume.java:<init>(176)) - Creating Volume: /opt/src/hadoop-ozone/integration-test/target/test-dir/MiniOzoneClusterImpl-0fefaf49-817a-484d-ad74-9fcb43e2238a/datanode-2/data/containers/hdds of  storage type : DISK and capacity : 104021790720
2019-06-12 13:41:11,805 INFO  volume.VolumeSet (VolumeSet.java:initializeVolumeSet(170)) - Added Volume : /opt/src/hadoop-ozone/integration-test/target/test-dir/MiniOzoneClusterImpl-0fefaf49-817a-484d-ad74-9fcb43e2238a/datanode-2/data/containers/hdds to VolumeSet
2019-06-12 13:41:11,805 INFO  volume.ThrottledAsyncChecker (ThrottledAsyncChecker.java:schedule(140)) - Scheduling a check for org.apache.hadoop.ozone.container.common.volume.HddsVolume@43de9fc9
2019-06-12 13:41:11,805 INFO  volume.HddsVolumeChecker (HddsVolumeChecker.java:checkAllVolumes(203)) - Scheduled health check for volume org.apache.hadoop.ozone.container.common.volume.HddsVolume@43de9fc9
2019-06-12 13:41:11,819 INFO  ratis.XceiverServerRatis (XceiverServerRatis.java:newXceiverServerRatis(401)) - Found a free port for the server : 45939
2019-06-12 13:41:11,822 INFO  impl.RaftServerProxy (ConfUtils.java:logGet(43)) - raft.rpc.type = GRPC (default)
2019-06-12 13:41:11,823 INFO  grpc.GrpcConfigKeys$Server (ConfUtils.java:logGet(43)) - raft.grpc.server.port = 45939 (custom)
2019-06-12 13:41:11,823 INFO  server.GrpcService (ConfUtils.java:logGet(43)) - raft.grpc.message.size.max = 33570816 (custom)
2019-06-12 13:41:11,823 INFO  server.RaftServerConfigKeys (ConfUtils.java:logGet(43)) - raft.server.log.appender.buffer.byte-limit = 33554432 (custom)
2019-06-12 13:41:11,823 INFO  server.GrpcService (ConfUtils.java:logGet(43)) - raft.grpc.flow.control.window = 1MB (=1048576) (default)
2019-06-12 13:41:11,823 INFO  server.RaftServerConfigKeys (ConfUtils.java:logGet(43)) - raft.server.rpc.request.timeout = 3000ms (default)
2019-06-12 13:41:11,824 INFO  server.RaftServerConfigKeys (ConfUtils.java:logGet(43)) - raft.server.storage.dir = [/opt/src/hadoop-ozone/integration-test/target/test-dir/MiniOzoneClusterImpl-0fefaf49-817a-484d-ad74-9fcb43e2238a/datanode-2/data/ratis] (custom)
2019-06-12 13:41:11,825 INFO  server.XceiverServerGrpc (XceiverServerGrpc.java:<init>(97)) - Found a free port for the server : 45339
2019-06-12 13:41:11,826 INFO  replication.SimpleContainerDownloader (SimpleContainerDownloader.java:<init>(72)) - Starting container downloader service to copy containers to replicate.
2019-06-12 13:41:11,828 INFO  hdfs.DFSUtil (DFSUtil.java:httpServerTemplateForNNAndJN(1641)) - Starting Web-server for hddsDatanode at: http://0.0.0.0:0
2019-06-12 13:41:11,831 INFO  server.AuthenticationFilter (AuthenticationFilter.java:constructSecretProvider(240)) - Unable to initialize FileSignerSecretProvider, falling back to use random secrets.
2019-06-12 13:41:11,831 WARN  http.HttpRequestLog (HttpRequestLog.java:getRequestLog(97)) - Jetty request log can only be enabled using Log4j
2019-06-12 13:41:11,832 INFO  http.HttpServer2 (HttpServer2.java:addGlobalFilter(975)) - Added global filter 'safety' (class=org.apache.hadoop.http.HttpServer2$QuotingInputFilter)
2019-06-12 13:41:11,833 INFO  http.HttpServer2 (HttpServer2.java:addFilter(948)) - Added filter static_user_filter (class=org.apache.hadoop.http.lib.StaticUserWebFilter$StaticUserFilter) to context hddsDatanode
2019-06-12 13:41:11,833 INFO  http.HttpServer2 (HttpServer2.java:addFilter(958)) - Added filter static_user_filter (class=org.apache.hadoop.http.lib.StaticUserWebFilter$StaticUserFilter) to context static
2019-06-12 13:41:11,833 INFO  http.HttpServer2 (HttpServer2.java:addFilter(958)) - Added filter static_user_filter (class=org.apache.hadoop.http.lib.StaticUserWebFilter$StaticUserFilter) to context logs
2019-06-12 13:41:11,834 INFO  http.HttpServer2 (HttpServer2.java:bindListener(1191)) - Jetty bound to port 41407
2019-06-12 13:41:11,834 INFO  server.Server (Server.java:doStart(351)) - jetty-9.3.24.v20180605, build timestamp: 2018-06-05T17:11:56Z, git hash: 84205aa28f11a4f31f2a3b86d1bba2cc8ab69827
2019-06-12 13:41:11,835 INFO  handler.ContextHandler (ContextHandler.java:doStart(781)) - Started o.e.j.s.ServletContextHandler@a859c5{/logs,file:///opt/src/hadoop-ozone/integration-test/target/log,AVAILABLE}
2019-06-12 13:41:11,836 INFO  handler.ContextHandler (ContextHandler.java:doStart(781)) - Started o.e.j.s.ServletContextHandler@55e4dd68{/static,jar:file:/root/.m2/repository/org/apache/hadoop/hadoop-hdds-container-service/0.5.0-SNAPSHOT/hadoop-hdds-container-service-0.5.0-SNAPSHOT.jar!/webapps/static,AVAILABLE}
2019-06-12 13:41:11,856 INFO  handler.ContextHandler (ContextHandler.java:doStart(781)) - Started o.e.j.w.WebAppContext@2c6aa46c{/,file:///tmp/jetty-0.0.0.0-41407-hddsDatanode-_-any-4734339726596832535.dir/webapp/,AVAILABLE}{/hddsDatanode}
2019-06-12 13:41:11,857 INFO  server.AbstractConnector (AbstractConnector.java:doStart(278)) - Started ServerConnector@2f112ade{HTTP/1.1,[http/1.1]}{0.0.0.0:41407}
2019-06-12 13:41:11,862 INFO  server.Server (Server.java:doStart(419)) - Started @34955ms
2019-06-12 13:41:11,863 INFO  server.BaseHttpServer (BaseHttpServer.java:updateConnectorAddress(207)) - HTTP server of HDDSDATANODE is listening at http://0.0.0.0:41407
2019-06-12 13:41:11,953 INFO  ozone.HddsDatanodeService (HddsDatanodeService.java:startPlugins(396)) - Started plug-in org.apache.hadoop.ozone.web.OzoneHddsDatanodeService@20a9fb01
2019-06-12 13:41:11,954 INFO  impl.MetricsSystemImpl (MetricsSystemImpl.java:init(158)) - HddsDatanode metrics system started (again)
2019-06-12 13:41:11,954 INFO  ozone.HddsDatanodeService (HddsDatanodeService.java:start(185)) - HddsDatanodeService host:ozone-x7bbm-1544112193 ip:192.168.19.46
2019-06-12 13:41:11,955 INFO  util.JvmPauseMonitor (JvmPauseMonitor.java:run(188)) - Starting JVM pause monitor
2019-06-12 13:41:11,956 INFO  datanode.InitDatanodeState (InitDatanodeState.java:persistContainerDatanodeDetails(140)) - DatanodeDetails is persisted to /opt/src/hadoop-ozone/integration-test/target/test-dir/MiniOzoneClusterImpl-0fefaf49-817a-484d-ad74-9fcb43e2238a/datanode-2/meta/datanode.id
2019-06-12 13:41:11,962 INFO  volume.HddsVolume (HddsVolume.java:<init>(176)) - Creating Volume: /opt/src/hadoop-ozone/integration-test/target/test-dir/MiniOzoneClusterImpl-0fefaf49-817a-484d-ad74-9fcb43e2238a/datanode-3/data/containers/hdds of  storage type : DISK and capacity : 104021790720
2019-06-12 13:41:11,962 INFO  volume.VolumeSet (VolumeSet.java:initializeVolumeSet(170)) - Added Volume : /opt/src/hadoop-ozone/integration-test/target/test-dir/MiniOzoneClusterImpl-0fefaf49-817a-484d-ad74-9fcb43e2238a/datanode-3/data/containers/hdds to VolumeSet
2019-06-12 13:41:11,962 INFO  volume.ThrottledAsyncChecker (ThrottledAsyncChecker.java:schedule(140)) - Scheduling a check for org.apache.hadoop.ozone.container.common.volume.HddsVolume@6de9bba2
2019-06-12 13:41:11,963 INFO  volume.HddsVolumeChecker (HddsVolumeChecker.java:checkAllVolumes(203)) - Scheduled health check for volume org.apache.hadoop.ozone.container.common.volume.HddsVolume@6de9bba2
2019-06-12 13:41:11,976 INFO  ratis.XceiverServerRatis (XceiverServerRatis.java:newXceiverServerRatis(401)) - Found a free port for the server : 33359
2019-06-12 13:41:11,978 INFO  impl.RaftServerProxy (ConfUtils.java:logGet(43)) - raft.rpc.type = GRPC (default)
2019-06-12 13:41:11,978 INFO  grpc.GrpcConfigKeys$Server (ConfUtils.java:logGet(43)) - raft.grpc.server.port = 33359 (custom)
2019-06-12 13:41:11,978 INFO  server.GrpcService (ConfUtils.java:logGet(43)) - raft.grpc.message.size.max = 33570816 (custom)
2019-06-12 13:41:11,979 INFO  server.RaftServerConfigKeys (ConfUtils.java:logGet(43)) - raft.server.log.appender.buffer.byte-limit = 33554432 (custom)
2019-06-12 13:41:11,979 INFO  server.GrpcService (ConfUtils.java:logGet(43)) - raft.grpc.flow.control.window = 1MB (=1048576) (default)
2019-06-12 13:41:11,979 INFO  server.RaftServerConfigKeys (ConfUtils.java:logGet(43)) - raft.server.rpc.request.timeout = 3000ms (default)
2019-06-12 13:41:11,979 INFO  server.RaftServerConfigKeys (ConfUtils.java:logGet(43)) - raft.server.storage.dir = [/opt/src/hadoop-ozone/integration-test/target/test-dir/MiniOzoneClusterImpl-0fefaf49-817a-484d-ad74-9fcb43e2238a/datanode-3/data/ratis] (custom)
2019-06-12 13:41:11,980 INFO  server.XceiverServerGrpc (XceiverServerGrpc.java:<init>(97)) - Found a free port for the server : 33001
2019-06-12 13:41:11,980 INFO  replication.SimpleContainerDownloader (SimpleContainerDownloader.java:<init>(72)) - Starting container downloader service to copy containers to replicate.
2019-06-12 13:41:11,981 INFO  hdfs.DFSUtil (DFSUtil.java:httpServerTemplateForNNAndJN(1641)) - Starting Web-server for hddsDatanode at: http://0.0.0.0:0
2019-06-12 13:41:11,983 INFO  server.AuthenticationFilter (AuthenticationFilter.java:constructSecretProvider(240)) - Unable to initialize FileSignerSecretProvider, falling back to use random secrets.
2019-06-12 13:41:11,986 WARN  http.HttpRequestLog (HttpRequestLog.java:getRequestLog(97)) - Jetty request log can only be enabled using Log4j
2019-06-12 13:41:11,988 INFO  http.HttpServer2 (HttpServer2.java:addGlobalFilter(975)) - Added global filter 'safety' (class=org.apache.hadoop.http.HttpServer2$QuotingInputFilter)
2019-06-12 13:41:11,988 INFO  http.HttpServer2 (HttpServer2.java:addFilter(948)) - Added filter static_user_filter (class=org.apache.hadoop.http.lib.StaticUserWebFilter$StaticUserFilter) to context hddsDatanode
2019-06-12 13:41:11,988 INFO  http.HttpServer2 (HttpServer2.java:addFilter(958)) - Added filter static_user_filter (class=org.apache.hadoop.http.lib.StaticUserWebFilter$StaticUserFilter) to context static
2019-06-12 13:41:11,988 INFO  http.HttpServer2 (HttpServer2.java:addFilter(958)) - Added filter static_user_filter (class=org.apache.hadoop.http.lib.StaticUserWebFilter$StaticUserFilter) to context logs
2019-06-12 13:41:11,989 INFO  http.HttpServer2 (HttpServer2.java:bindListener(1191)) - Jetty bound to port 46457
2019-06-12 13:41:11,989 INFO  server.Server (Server.java:doStart(351)) - jetty-9.3.24.v20180605, build timestamp: 2018-06-05T17:11:56Z, git hash: 84205aa28f11a4f31f2a3b86d1bba2cc8ab69827
2019-06-12 13:41:11,996 INFO  handler.ContextHandler (ContextHandler.java:doStart(781)) - Started o.e.j.s.ServletContextHandler@62d6ac{/logs,file:///opt/src/hadoop-ozone/integration-test/target/log,AVAILABLE}
2019-06-12 13:41:11,997 INFO  handler.ContextHandler (ContextHandler.java:doStart(781)) - Started o.e.j.s.ServletContextHandler@75dbe490{/static,jar:file:/root/.m2/repository/org/apache/hadoop/hadoop-hdds-container-service/0.5.0-SNAPSHOT/hadoop-hdds-container-service-0.5.0-SNAPSHOT.jar!/webapps/static,AVAILABLE}
2019-06-12 13:41:12,017 INFO  handler.ContextHandler (ContextHandler.java:doStart(781)) - Started o.e.j.w.WebAppContext@3f33bb6f{/,file:///tmp/jetty-0.0.0.0-46457-hddsDatanode-_-any-7005118561937649514.dir/webapp/,AVAILABLE}{/hddsDatanode}
2019-06-12 13:41:12,018 INFO  server.AbstractConnector (AbstractConnector.java:doStart(278)) - Started ServerConnector@446cc036{HTTP/1.1,[http/1.1]}{0.0.0.0:46457}
2019-06-12 13:41:12,019 INFO  server.Server (Server.java:doStart(419)) - Started @35112ms
2019-06-12 13:41:12,020 INFO  server.BaseHttpServer (BaseHttpServer.java:updateConnectorAddress(207)) - HTTP server of HDDSDATANODE is listening at http://0.0.0.0:46457
2019-06-12 13:41:12,094 INFO  ozone.HddsDatanodeService (HddsDatanodeService.java:startPlugins(396)) - Started plug-in org.apache.hadoop.ozone.web.OzoneHddsDatanodeService@393bcd6b
2019-06-12 13:41:12,095 INFO  impl.MetricsSystemImpl (MetricsSystemImpl.java:init(158)) - HddsDatanode metrics system started (again)
2019-06-12 13:41:12,095 INFO  ozone.HddsDatanodeService (HddsDatanodeService.java:start(185)) - HddsDatanodeService host:ozone-x7bbm-1544112193 ip:192.168.19.46
2019-06-12 13:41:12,097 INFO  util.JvmPauseMonitor (JvmPauseMonitor.java:run(188)) - Starting JVM pause monitor
2019-06-12 13:41:12,097 INFO  datanode.InitDatanodeState (InitDatanodeState.java:persistContainerDatanodeDetails(140)) - DatanodeDetails is persisted to /opt/src/hadoop-ozone/integration-test/target/test-dir/MiniOzoneClusterImpl-0fefaf49-817a-484d-ad74-9fcb43e2238a/datanode-3/meta/datanode.id
2019-06-12 13:41:12,102 INFO  volume.HddsVolume (HddsVolume.java:<init>(176)) - Creating Volume: /opt/src/hadoop-ozone/integration-test/target/test-dir/MiniOzoneClusterImpl-0fefaf49-817a-484d-ad74-9fcb43e2238a/datanode-4/data/containers/hdds of  storage type : DISK and capacity : 104021790720
2019-06-12 13:41:12,102 INFO  volume.VolumeSet (VolumeSet.java:initializeVolumeSet(170)) - Added Volume : /opt/src/hadoop-ozone/integration-test/target/test-dir/MiniOzoneClusterImpl-0fefaf49-817a-484d-ad74-9fcb43e2238a/datanode-4/data/containers/hdds to VolumeSet
2019-06-12 13:41:12,103 INFO  volume.ThrottledAsyncChecker (ThrottledAsyncChecker.java:schedule(140)) - Scheduling a check for org.apache.hadoop.ozone.container.common.volume.HddsVolume@44a485bc
2019-06-12 13:41:12,110 INFO  volume.HddsVolumeChecker (HddsVolumeChecker.java:checkAllVolumes(203)) - Scheduled health check for volume org.apache.hadoop.ozone.container.common.volume.HddsVolume@44a485bc
2019-06-12 13:41:12,118 INFO  ratis.XceiverServerRatis (XceiverServerRatis.java:newXceiverServerRatis(401)) - Found a free port for the server : 41465
2019-06-12 13:41:12,120 INFO  impl.RaftServerProxy (ConfUtils.java:logGet(43)) - raft.rpc.type = GRPC (default)
2019-06-12 13:41:12,120 INFO  grpc.GrpcConfigKeys$Server (ConfUtils.java:logGet(43)) - raft.grpc.server.port = 41465 (custom)
2019-06-12 13:41:12,120 INFO  server.GrpcService (ConfUtils.java:logGet(43)) - raft.grpc.message.size.max = 33570816 (custom)
2019-06-12 13:41:12,120 INFO  server.RaftServerConfigKeys (ConfUtils.java:logGet(43)) - raft.server.log.appender.buffer.byte-limit = 33554432 (custom)
2019-06-12 13:41:12,120 INFO  server.GrpcService (ConfUtils.java:logGet(43)) - raft.grpc.flow.control.window = 1MB (=1048576) (default)
2019-06-12 13:41:12,120 INFO  server.RaftServerConfigKeys (ConfUtils.java:logGet(43)) - raft.server.rpc.request.timeout = 3000ms (default)
2019-06-12 13:41:12,121 INFO  server.RaftServerConfigKeys (ConfUtils.java:logGet(43)) - raft.server.storage.dir = [/opt/src/hadoop-ozone/integration-test/target/test-dir/MiniOzoneClusterImpl-0fefaf49-817a-484d-ad74-9fcb43e2238a/datanode-4/data/ratis] (custom)
2019-06-12 13:41:12,121 INFO  server.XceiverServerGrpc (XceiverServerGrpc.java:<init>(97)) - Found a free port for the server : 37623
2019-06-12 13:41:12,121 INFO  replication.SimpleContainerDownloader (SimpleContainerDownloader.java:<init>(72)) - Starting container downloader service to copy containers to replicate.
2019-06-12 13:41:12,122 INFO  hdfs.DFSUtil (DFSUtil.java:httpServerTemplateForNNAndJN(1641)) - Starting Web-server for hddsDatanode at: http://0.0.0.0:0
2019-06-12 13:41:12,123 INFO  server.AuthenticationFilter (AuthenticationFilter.java:constructSecretProvider(240)) - Unable to initialize FileSignerSecretProvider, falling back to use random secrets.
2019-06-12 13:41:12,125 WARN  http.HttpRequestLog (HttpRequestLog.java:getRequestLog(97)) - Jetty request log can only be enabled using Log4j
2019-06-12 13:41:12,126 INFO  http.HttpServer2 (HttpServer2.java:addGlobalFilter(975)) - Added global filter 'safety' (class=org.apache.hadoop.http.HttpServer2$QuotingInputFilter)
2019-06-12 13:41:12,126 INFO  http.HttpServer2 (HttpServer2.java:addFilter(948)) - Added filter static_user_filter (class=org.apache.hadoop.http.lib.StaticUserWebFilter$StaticUserFilter) to context hddsDatanode
2019-06-12 13:41:12,126 INFO  http.HttpServer2 (HttpServer2.java:addFilter(958)) - Added filter static_user_filter (class=org.apache.hadoop.http.lib.StaticUserWebFilter$StaticUserFilter) to context logs
2019-06-12 13:41:12,126 INFO  http.HttpServer2 (HttpServer2.java:addFilter(958)) - Added filter static_user_filter (class=org.apache.hadoop.http.lib.StaticUserWebFilter$StaticUserFilter) to context static
2019-06-12 13:41:12,127 INFO  http.HttpServer2 (HttpServer2.java:bindListener(1191)) - Jetty bound to port 33229
2019-06-12 13:41:12,127 INFO  server.Server (Server.java:doStart(351)) - jetty-9.3.24.v20180605, build timestamp: 2018-06-05T17:11:56Z, git hash: 84205aa28f11a4f31f2a3b86d1bba2cc8ab69827
2019-06-12 13:41:12,133 INFO  handler.ContextHandler (ContextHandler.java:doStart(781)) - Started o.e.j.s.ServletContextHandler@731d0d5c{/logs,file:///opt/src/hadoop-ozone/integration-test/target/log,AVAILABLE}
2019-06-12 13:41:12,134 INFO  handler.ContextHandler (ContextHandler.java:doStart(781)) - Started o.e.j.s.ServletContextHandler@18e76101{/static,jar:file:/root/.m2/repository/org/apache/hadoop/hadoop-hdds-container-service/0.5.0-SNAPSHOT/hadoop-hdds-container-service-0.5.0-SNAPSHOT.jar!/webapps/static,AVAILABLE}
2019-06-12 13:41:12,155 INFO  handler.ContextHandler (ContextHandler.java:doStart(781)) - Started o.e.j.w.WebAppContext@3f3f554f{/,file:///tmp/jetty-0.0.0.0-33229-hddsDatanode-_-any-7601072686793272915.dir/webapp/,AVAILABLE}{/hddsDatanode}
2019-06-12 13:41:12,155 INFO  server.AbstractConnector (AbstractConnector.java:doStart(278)) - Started ServerConnector@3186f8f5{HTTP/1.1,[http/1.1]}{0.0.0.0:33229}
2019-06-12 13:41:12,157 INFO  server.Server (Server.java:doStart(419)) - Started @35249ms
2019-06-12 13:41:12,158 INFO  server.BaseHttpServer (BaseHttpServer.java:updateConnectorAddress(207)) - HTTP server of HDDSDATANODE is listening at http://0.0.0.0:33229
2019-06-12 13:41:12,264 INFO  ozone.HddsDatanodeService (HddsDatanodeService.java:startPlugins(396)) - Started plug-in org.apache.hadoop.ozone.web.OzoneHddsDatanodeService@50008974
2019-06-12 13:41:12,264 INFO  impl.MetricsSystemImpl (MetricsSystemImpl.java:init(158)) - HddsDatanode metrics system started (again)
2019-06-12 13:41:12,264 INFO  ozone.HddsDatanodeService (HddsDatanodeService.java:start(185)) - HddsDatanodeService host:ozone-x7bbm-1544112193 ip:192.168.19.46
2019-06-12 13:41:12,266 INFO  util.JvmPauseMonitor (JvmPauseMonitor.java:run(188)) - Starting JVM pause monitor
2019-06-12 13:41:12,266 INFO  datanode.InitDatanodeState (InitDatanodeState.java:persistContainerDatanodeDetails(140)) - DatanodeDetails is persisted to /opt/src/hadoop-ozone/integration-test/target/test-dir/MiniOzoneClusterImpl-0fefaf49-817a-484d-ad74-9fcb43e2238a/datanode-4/meta/datanode.id
2019-06-12 13:41:12,271 INFO  volume.HddsVolume (HddsVolume.java:<init>(176)) - Creating Volume: /opt/src/hadoop-ozone/integration-test/target/test-dir/MiniOzoneClusterImpl-0fefaf49-817a-484d-ad74-9fcb43e2238a/datanode-5/data/containers/hdds of  storage type : DISK and capacity : 104021790720
2019-06-12 13:41:12,271 INFO  volume.VolumeSet (VolumeSet.java:initializeVolumeSet(170)) - Added Volume : /opt/src/hadoop-ozone/integration-test/target/test-dir/MiniOzoneClusterImpl-0fefaf49-817a-484d-ad74-9fcb43e2238a/datanode-5/data/containers/hdds to VolumeSet
2019-06-12 13:41:12,271 INFO  volume.ThrottledAsyncChecker (ThrottledAsyncChecker.java:schedule(140)) - Scheduling a check for org.apache.hadoop.ozone.container.common.volume.HddsVolume@520ec7a7
2019-06-12 13:41:12,272 INFO  volume.HddsVolumeChecker (HddsVolumeChecker.java:checkAllVolumes(203)) - Scheduled health check for volume org.apache.hadoop.ozone.container.common.volume.HddsVolume@520ec7a7
2019-06-12 13:41:12,283 INFO  ratis.XceiverServerRatis (XceiverServerRatis.java:newXceiverServerRatis(401)) - Found a free port for the server : 42389
2019-06-12 13:41:12,284 INFO  impl.RaftServerProxy (ConfUtils.java:logGet(43)) - raft.rpc.type = GRPC (default)
2019-06-12 13:41:12,284 INFO  grpc.GrpcConfigKeys$Server (ConfUtils.java:logGet(43)) - raft.grpc.server.port = 42389 (custom)
2019-06-12 13:41:12,284 INFO  server.GrpcService (ConfUtils.java:logGet(43)) - raft.grpc.message.size.max = 33570816 (custom)
2019-06-12 13:41:12,285 INFO  server.RaftServerConfigKeys (ConfUtils.java:logGet(43)) - raft.server.log.appender.buffer.byte-limit = 33554432 (custom)
2019-06-12 13:41:12,285 INFO  server.GrpcService (ConfUtils.java:logGet(43)) - raft.grpc.flow.control.window = 1MB (=1048576) (default)
2019-06-12 13:41:12,285 INFO  server.RaftServerConfigKeys (ConfUtils.java:logGet(43)) - raft.server.rpc.request.timeout = 3000ms (default)
2019-06-12 13:41:12,286 INFO  server.RaftServerConfigKeys (ConfUtils.java:logGet(43)) - raft.server.storage.dir = [/opt/src/hadoop-ozone/integration-test/target/test-dir/MiniOzoneClusterImpl-0fefaf49-817a-484d-ad74-9fcb43e2238a/datanode-5/data/ratis] (custom)
2019-06-12 13:41:12,286 INFO  server.XceiverServerGrpc (XceiverServerGrpc.java:<init>(97)) - Found a free port for the server : 39549
2019-06-12 13:41:12,286 INFO  replication.SimpleContainerDownloader (SimpleContainerDownloader.java:<init>(72)) - Starting container downloader service to copy containers to replicate.
2019-06-12 13:41:12,318 INFO  hdfs.DFSUtil (DFSUtil.java:httpServerTemplateForNNAndJN(1641)) - Starting Web-server for hddsDatanode at: http://0.0.0.0:0
2019-06-12 13:41:12,319 INFO  server.AuthenticationFilter (AuthenticationFilter.java:constructSecretProvider(240)) - Unable to initialize FileSignerSecretProvider, falling back to use random secrets.
2019-06-12 13:41:12,322 WARN  http.HttpRequestLog (HttpRequestLog.java:getRequestLog(97)) - Jetty request log can only be enabled using Log4j
2019-06-12 13:41:12,325 INFO  http.HttpServer2 (HttpServer2.java:addGlobalFilter(975)) - Added global filter 'safety' (class=org.apache.hadoop.http.HttpServer2$QuotingInputFilter)
2019-06-12 13:41:12,326 INFO  http.HttpServer2 (HttpServer2.java:addFilter(948)) - Added filter static_user_filter (class=org.apache.hadoop.http.lib.StaticUserWebFilter$StaticUserFilter) to context hddsDatanode
2019-06-12 13:41:12,326 INFO  http.HttpServer2 (HttpServer2.java:addFilter(958)) - Added filter static_user_filter (class=org.apache.hadoop.http.lib.StaticUserWebFilter$StaticUserFilter) to context logs
2019-06-12 13:41:12,326 INFO  http.HttpServer2 (HttpServer2.java:addFilter(958)) - Added filter static_user_filter (class=org.apache.hadoop.http.lib.StaticUserWebFilter$StaticUserFilter) to context static
2019-06-12 13:41:12,326 INFO  http.HttpServer2 (HttpServer2.java:bindListener(1191)) - Jetty bound to port 46455
2019-06-12 13:41:12,327 INFO  server.Server (Server.java:doStart(351)) - jetty-9.3.24.v20180605, build timestamp: 2018-06-05T17:11:56Z, git hash: 84205aa28f11a4f31f2a3b86d1bba2cc8ab69827
2019-06-12 13:41:12,328 INFO  handler.ContextHandler (ContextHandler.java:doStart(781)) - Started o.e.j.s.ServletContextHandler@18bc1064{/logs,file:///opt/src/hadoop-ozone/integration-test/target/log,AVAILABLE}
2019-06-12 13:41:12,329 INFO  handler.ContextHandler (ContextHandler.java:doStart(781)) - Started o.e.j.s.ServletContextHandler@68f264bf{/static,jar:file:/root/.m2/repository/org/apache/hadoop/hadoop-hdds-container-service/0.5.0-SNAPSHOT/hadoop-hdds-container-service-0.5.0-SNAPSHOT.jar!/webapps/static,AVAILABLE}
2019-06-12 13:41:12,349 INFO  handler.ContextHandler (ContextHandler.java:doStart(781)) - Started o.e.j.w.WebAppContext@7fad28ac{/,file:///tmp/jetty-0.0.0.0-46455-hddsDatanode-_-any-2691172635308484987.dir/webapp/,AVAILABLE}{/hddsDatanode}
2019-06-12 13:41:12,350 INFO  server.AbstractConnector (AbstractConnector.java:doStart(278)) - Started ServerConnector@3450bd13{HTTP/1.1,[http/1.1]}{0.0.0.0:46455}
2019-06-12 13:41:12,351 INFO  server.Server (Server.java:doStart(419)) - Started @35443ms
2019-06-12 13:41:12,351 INFO  server.BaseHttpServer (BaseHttpServer.java:updateConnectorAddress(207)) - HTTP server of HDDSDATANODE is listening at http://0.0.0.0:46455
2019-06-12 13:41:12,438 INFO  ozone.HddsDatanodeService (HddsDatanodeService.java:startPlugins(396)) - Started plug-in org.apache.hadoop.ozone.web.OzoneHddsDatanodeService@3e5cbcfe
2019-06-12 13:41:12,438 INFO  impl.MetricsSystemImpl (MetricsSystemImpl.java:init(158)) - HddsDatanode metrics system started (again)
2019-06-12 13:41:12,439 INFO  ozone.HddsDatanodeService (HddsDatanodeService.java:start(185)) - HddsDatanodeService host:ozone-x7bbm-1544112193 ip:192.168.19.46
2019-06-12 13:41:12,441 INFO  util.JvmPauseMonitor (JvmPauseMonitor.java:run(188)) - Starting JVM pause monitor
2019-06-12 13:41:12,442 INFO  datanode.InitDatanodeState (InitDatanodeState.java:persistContainerDatanodeDetails(140)) - DatanodeDetails is persisted to /opt/src/hadoop-ozone/integration-test/target/test-dir/MiniOzoneClusterImpl-0fefaf49-817a-484d-ad74-9fcb43e2238a/datanode-5/meta/datanode.id
2019-06-12 13:41:12,445 INFO  volume.HddsVolume (HddsVolume.java:<init>(176)) - Creating Volume: /opt/src/hadoop-ozone/integration-test/target/test-dir/MiniOzoneClusterImpl-0fefaf49-817a-484d-ad74-9fcb43e2238a/datanode-6/data/containers/hdds of  storage type : DISK and capacity : 104021790720
2019-06-12 13:41:12,446 INFO  volume.VolumeSet (VolumeSet.java:initializeVolumeSet(170)) - Added Volume : /opt/src/hadoop-ozone/integration-test/target/test-dir/MiniOzoneClusterImpl-0fefaf49-817a-484d-ad74-9fcb43e2238a/datanode-6/data/containers/hdds to VolumeSet
2019-06-12 13:41:12,446 INFO  volume.ThrottledAsyncChecker (ThrottledAsyncChecker.java:schedule(140)) - Scheduling a check for org.apache.hadoop.ozone.container.common.volume.HddsVolume@32b1e906
2019-06-12 13:41:12,450 INFO  volume.HddsVolumeChecker (HddsVolumeChecker.java:checkAllVolumes(203)) - Scheduled health check for volume org.apache.hadoop.ozone.container.common.volume.HddsVolume@32b1e906
2019-06-12 13:41:12,460 INFO  ratis.XceiverServerRatis (XceiverServerRatis.java:newXceiverServerRatis(401)) - Found a free port for the server : 40169
2019-06-12 13:41:12,461 INFO  impl.RaftServerProxy (ConfUtils.java:logGet(43)) - raft.rpc.type = GRPC (default)
2019-06-12 13:41:12,461 INFO  grpc.GrpcConfigKeys$Server (ConfUtils.java:logGet(43)) - raft.grpc.server.port = 40169 (custom)
2019-06-12 13:41:12,461 INFO  server.GrpcService (ConfUtils.java:logGet(43)) - raft.grpc.message.size.max = 33570816 (custom)
2019-06-12 13:41:12,461 INFO  server.RaftServerConfigKeys (ConfUtils.java:logGet(43)) - raft.server.log.appender.buffer.byte-limit = 33554432 (custom)
2019-06-12 13:41:12,461 INFO  server.GrpcService (ConfUtils.java:logGet(43)) - raft.grpc.flow.control.window = 1MB (=1048576) (default)
2019-06-12 13:41:12,462 INFO  server.RaftServerConfigKeys (ConfUtils.java:logGet(43)) - raft.server.rpc.request.timeout = 3000ms (default)
2019-06-12 13:41:12,462 INFO  server.RaftServerConfigKeys (ConfUtils.java:logGet(43)) - raft.server.storage.dir = [/opt/src/hadoop-ozone/integration-test/target/test-dir/MiniOzoneClusterImpl-0fefaf49-817a-484d-ad74-9fcb43e2238a/datanode-6/data/ratis] (custom)
2019-06-12 13:41:12,462 INFO  server.XceiverServerGrpc (XceiverServerGrpc.java:<init>(97)) - Found a free port for the server : 40025
2019-06-12 13:41:12,463 INFO  replication.SimpleContainerDownloader (SimpleContainerDownloader.java:<init>(72)) - Starting container downloader service to copy containers to replicate.
2019-06-12 13:41:12,464 INFO  hdfs.DFSUtil (DFSUtil.java:httpServerTemplateForNNAndJN(1641)) - Starting Web-server for hddsDatanode at: http://0.0.0.0:0
2019-06-12 13:41:12,465 INFO  server.AuthenticationFilter (AuthenticationFilter.java:constructSecretProvider(240)) - Unable to initialize FileSignerSecretProvider, falling back to use random secrets.
2019-06-12 13:41:12,466 WARN  http.HttpRequestLog (HttpRequestLog.java:getRequestLog(97)) - Jetty request log can only be enabled using Log4j
2019-06-12 13:41:12,467 INFO  http.HttpServer2 (HttpServer2.java:addGlobalFilter(975)) - Added global filter 'safety' (class=org.apache.hadoop.http.HttpServer2$QuotingInputFilter)
2019-06-12 13:41:12,467 INFO  http.HttpServer2 (HttpServer2.java:addFilter(948)) - Added filter static_user_filter (class=org.apache.hadoop.http.lib.StaticUserWebFilter$StaticUserFilter) to context hddsDatanode
2019-06-12 13:41:12,468 INFO  http.HttpServer2 (HttpServer2.java:addFilter(958)) - Added filter static_user_filter (class=org.apache.hadoop.http.lib.StaticUserWebFilter$StaticUserFilter) to context static
2019-06-12 13:41:12,468 INFO  http.HttpServer2 (HttpServer2.java:addFilter(958)) - Added filter static_user_filter (class=org.apache.hadoop.http.lib.StaticUserWebFilter$StaticUserFilter) to context logs
2019-06-12 13:41:12,468 INFO  http.HttpServer2 (HttpServer2.java:bindListener(1191)) - Jetty bound to port 36993
2019-06-12 13:41:12,468 INFO  server.Server (Server.java:doStart(351)) - jetty-9.3.24.v20180605, build timestamp: 2018-06-05T17:11:56Z, git hash: 84205aa28f11a4f31f2a3b86d1bba2cc8ab69827
2019-06-12 13:41:12,470 INFO  handler.ContextHandler (ContextHandler.java:doStart(781)) - Started o.e.j.s.ServletContextHandler@5e66733b{/logs,file:///opt/src/hadoop-ozone/integration-test/target/log,AVAILABLE}
2019-06-12 13:41:12,470 INFO  handler.ContextHandler (ContextHandler.java:doStart(781)) - Started o.e.j.s.ServletContextHandler@72641613{/static,jar:file:/root/.m2/repository/org/apache/hadoop/hadoop-hdds-container-service/0.5.0-SNAPSHOT/hadoop-hdds-container-service-0.5.0-SNAPSHOT.jar!/webapps/static,AVAILABLE}
2019-06-12 13:41:12,498 INFO  handler.ContextHandler (ContextHandler.java:doStart(781)) - Started o.e.j.w.WebAppContext@ba27ce6{/,file:///tmp/jetty-0.0.0.0-36993-hddsDatanode-_-any-4498906253316339142.dir/webapp/,AVAILABLE}{/hddsDatanode}
2019-06-12 13:41:12,498 INFO  server.AbstractConnector (AbstractConnector.java:doStart(278)) - Started ServerConnector@97cb8dc{HTTP/1.1,[http/1.1]}{0.0.0.0:36993}
2019-06-12 13:41:12,500 INFO  server.Server (Server.java:doStart(419)) - Started @35592ms
2019-06-12 13:41:12,501 INFO  server.BaseHttpServer (BaseHttpServer.java:updateConnectorAddress(207)) - HTTP server of HDDSDATANODE is listening at http://0.0.0.0:36993
2019-06-12 13:41:12,605 INFO  ozone.HddsDatanodeService (HddsDatanodeService.java:startPlugins(396)) - Started plug-in org.apache.hadoop.ozone.web.OzoneHddsDatanodeService@1d7af82
2019-06-12 13:41:12,606 INFO  ozone.MiniOzoneClusterImpl (MiniOzoneClusterImpl.java:lambda$waitForClusterToBeReady$0(142)) - Waiting for cluster to be ready. Got 0 of 7 DN Heartbeats.
2019-06-12 13:41:12,610 INFO  util.JvmPauseMonitor (JvmPauseMonitor.java:run(188)) - Starting JVM pause monitor
2019-06-12 13:41:12,611 INFO  datanode.InitDatanodeState (InitDatanodeState.java:persistContainerDatanodeDetails(140)) - DatanodeDetails is persisted to /opt/src/hadoop-ozone/integration-test/target/test-dir/MiniOzoneClusterImpl-0fefaf49-817a-484d-ad74-9fcb43e2238a/datanode-6/meta/datanode.id
2019-06-12 13:41:13,554 INFO  ozoneimpl.OzoneContainer (OzoneContainer.java:start(186)) - Attempting to start container services.
2019-06-12 13:41:13,554 INFO  ozoneimpl.OzoneContainer (OzoneContainer.java:startContainerScrub(160)) - Background container scrubber has been disabled by hdds.containerscrub.enabled
2019-06-12 13:41:13,554 INFO  ratis.XceiverServerRatis (XceiverServerRatis.java:start(418)) - Starting XceiverServerRatis f774f434-0ad1-462e-af15-84bd84bd91e9 at port 32903
2019-06-12 13:41:13,561 INFO  impl.RaftServerProxy (RaftServerProxy.java:lambda$start$3(299)) - f774f434-0ad1-462e-af15-84bd84bd91e9: start RPC server
2019-06-12 13:41:13,562 INFO  server.GrpcService (GrpcService.java:startImpl(148)) - f774f434-0ad1-462e-af15-84bd84bd91e9: GrpcService started, listening on 0.0.0.0/0.0.0.0:32903
2019-06-12 13:41:13,606 INFO  ozone.MiniOzoneClusterImpl (MiniOzoneClusterImpl.java:lambda$waitForClusterToBeReady$0(142)) - Waiting for cluster to be ready. Got 0 of 7 DN Heartbeats.
2019-06-12 13:41:13,805 INFO  ozoneimpl.OzoneContainer (OzoneContainer.java:start(186)) - Attempting to start container services.
2019-06-12 13:41:13,805 INFO  ozoneimpl.OzoneContainer (OzoneContainer.java:startContainerScrub(160)) - Background container scrubber has been disabled by hdds.containerscrub.enabled
2019-06-12 13:41:13,805 INFO  ratis.XceiverServerRatis (XceiverServerRatis.java:start(418)) - Starting XceiverServerRatis 2748af54-33a5-4620-a4be-2202c3ceebf6 at port 37405
2019-06-12 13:41:13,808 INFO  impl.RaftServerProxy (RaftServerProxy.java:lambda$start$3(299)) - 2748af54-33a5-4620-a4be-2202c3ceebf6: start RPC server
2019-06-12 13:41:13,812 INFO  server.GrpcService (GrpcService.java:startImpl(148)) - 2748af54-33a5-4620-a4be-2202c3ceebf6: GrpcService started, listening on 0.0.0.0/0.0.0.0:37405
2019-06-12 13:41:13,958 INFO  ozoneimpl.OzoneContainer (OzoneContainer.java:start(186)) - Attempting to start container services.
2019-06-12 13:41:13,958 INFO  ozoneimpl.OzoneContainer (OzoneContainer.java:startContainerScrub(160)) - Background container scrubber has been disabled by hdds.containerscrub.enabled
2019-06-12 13:41:13,958 INFO  ratis.XceiverServerRatis (XceiverServerRatis.java:start(418)) - Starting XceiverServerRatis 9e931dfc-5b3d-42f4-90f5-b6eeec8695f1 at port 45939
2019-06-12 13:41:13,961 INFO  impl.RaftServerProxy (RaftServerProxy.java:lambda$start$3(299)) - 9e931dfc-5b3d-42f4-90f5-b6eeec8695f1: start RPC server
2019-06-12 13:41:13,961 INFO  server.GrpcService (GrpcService.java:startImpl(148)) - 9e931dfc-5b3d-42f4-90f5-b6eeec8695f1: GrpcService started, listening on 0.0.0.0/0.0.0.0:45939
2019-06-12 13:41:14,100 INFO  ozoneimpl.OzoneContainer (OzoneContainer.java:start(186)) - Attempting to start container services.
2019-06-12 13:41:14,100 INFO  ozoneimpl.OzoneContainer (OzoneContainer.java:startContainerScrub(160)) - Background container scrubber has been disabled by hdds.containerscrub.enabled
2019-06-12 13:41:14,100 INFO  ratis.XceiverServerRatis (XceiverServerRatis.java:start(418)) - Starting XceiverServerRatis f3fff7bd-3949-400e-9b0d-e25fcfcb177b at port 33359
2019-06-12 13:41:14,104 INFO  impl.RaftServerProxy (RaftServerProxy.java:lambda$start$3(299)) - f3fff7bd-3949-400e-9b0d-e25fcfcb177b: start RPC server
2019-06-12 13:41:14,104 INFO  server.GrpcService (GrpcService.java:startImpl(148)) - f3fff7bd-3949-400e-9b0d-e25fcfcb177b: GrpcService started, listening on 0.0.0.0/0.0.0.0:33359
2019-06-12 13:41:14,269 INFO  ozoneimpl.OzoneContainer (OzoneContainer.java:start(186)) - Attempting to start container services.
2019-06-12 13:41:14,269 INFO  ozoneimpl.OzoneContainer (OzoneContainer.java:startContainerScrub(160)) - Background container scrubber has been disabled by hdds.containerscrub.enabled
2019-06-12 13:41:14,269 INFO  ratis.XceiverServerRatis (XceiverServerRatis.java:start(418)) - Starting XceiverServerRatis 3c4f6f6b-6bae-4896-a387-bc1a7103eceb at port 41465
2019-06-12 13:41:14,279 INFO  impl.RaftServerProxy (RaftServerProxy.java:lambda$start$3(299)) - 3c4f6f6b-6bae-4896-a387-bc1a7103eceb: start RPC server
2019-06-12 13:41:14,279 INFO  server.GrpcService (GrpcService.java:startImpl(148)) - 3c4f6f6b-6bae-4896-a387-bc1a7103eceb: GrpcService started, listening on 0.0.0.0/0.0.0.0:41465
2019-06-12 13:41:14,444 INFO  ozoneimpl.OzoneContainer (OzoneContainer.java:start(186)) - Attempting to start container services.
2019-06-12 13:41:14,445 INFO  ozoneimpl.OzoneContainer (OzoneContainer.java:startContainerScrub(160)) - Background container scrubber has been disabled by hdds.containerscrub.enabled
2019-06-12 13:41:14,445 INFO  ratis.XceiverServerRatis (XceiverServerRatis.java:start(418)) - Starting XceiverServerRatis 40d61cb6-2cb9-46eb-b78e-34a5a87f0b29 at port 42389
2019-06-12 13:41:14,448 INFO  impl.RaftServerProxy (RaftServerProxy.java:lambda$start$3(299)) - 40d61cb6-2cb9-46eb-b78e-34a5a87f0b29: start RPC server
2019-06-12 13:41:14,449 INFO  server.GrpcService (GrpcService.java:startImpl(148)) - 40d61cb6-2cb9-46eb-b78e-34a5a87f0b29: GrpcService started, listening on 0.0.0.0/0.0.0.0:42389
2019-06-12 13:41:14,606 INFO  ozone.MiniOzoneClusterImpl (MiniOzoneClusterImpl.java:lambda$waitForClusterToBeReady$0(142)) - Waiting for cluster to be ready. Got 0 of 7 DN Heartbeats.
2019-06-12 13:41:14,612 INFO  ozoneimpl.OzoneContainer (OzoneContainer.java:start(186)) - Attempting to start container services.
2019-06-12 13:41:14,612 INFO  ozoneimpl.OzoneContainer (OzoneContainer.java:startContainerScrub(160)) - Background container scrubber has been disabled by hdds.containerscrub.enabled
2019-06-12 13:41:14,613 INFO  ratis.XceiverServerRatis (XceiverServerRatis.java:start(418)) - Starting XceiverServerRatis 2b8519d3-f54a-4c77-9dba-c4d93fb770f8 at port 40169
2019-06-12 13:41:14,616 INFO  impl.RaftServerProxy (RaftServerProxy.java:lambda$start$3(299)) - 2b8519d3-f54a-4c77-9dba-c4d93fb770f8: start RPC server
2019-06-12 13:41:14,616 INFO  server.GrpcService (GrpcService.java:startImpl(148)) - 2b8519d3-f54a-4c77-9dba-c4d93fb770f8: GrpcService started, listening on 0.0.0.0/0.0.0.0:40169
2019-06-12 13:41:15,549 INFO  node.SCMNodeManager (SCMNodeManager.java:register(234)) - Registered Data node : f774f434-0ad1-462e-af15-84bd84bd91e9{ip: 192.168.19.46, host: ozone-x7bbm-1544112193, networkLocation: /default-rack, certSerialId: null}
2019-06-12 13:41:15,551 INFO  safemode.SCMSafeModeManager (DataNodeSafeModeRule.java:process(71)) - SCM in safe mode. 1 DataNodes registered, 1 required.
2019-06-12 13:41:15,552 INFO  safemode.SCMSafeModeManager (SCMSafeModeManager.java:validateSafeModeExitRules(177)) - ScmSafeModeManager, all rules are successfully validated
2019-06-12 13:41:15,552 INFO  safemode.SCMSafeModeManager (SCMSafeModeManager.java:exitSafeMode(193)) - SCM exiting safe mode.
2019-06-12 13:41:15,557 INFO  impl.RaftServerProxy (RaftServerProxy.java:addNew(89)) - f774f434-0ad1-462e-af15-84bd84bd91e9: addNew group-1D8090DB6D82:[f774f434-0ad1-462e-af15-84bd84bd91e9:192.168.19.46:32903] returns group-1D8090DB6D82:java.util.concurrent.CompletableFuture@1c227195[Not completed]
2019-06-12 13:41:15,558 INFO  impl.RaftServerImpl (RaftServerImpl.java:<init>(91)) - f774f434-0ad1-462e-af15-84bd84bd91e9: new RaftServerImpl for group-1D8090DB6D82:[f774f434-0ad1-462e-af15-84bd84bd91e9:192.168.19.46:32903] with ContainerStateMachine:uninitialized
2019-06-12 13:41:15,558 INFO  server.RaftServerConfigKeys (ConfUtils.java:logGet(43)) - raft.server.rpc.timeout.min = 1s (custom)
2019-06-12 13:41:15,558 INFO  server.RaftServerConfigKeys (ConfUtils.java:logGet(43)) - raft.server.rpc.timeout.max = 1200ms (custom)
2019-06-12 13:41:15,558 INFO  server.RaftServerConfigKeys (ConfUtils.java:logGet(43)) - raft.server.rpcslowness.timeout = 120s (custom)
2019-06-12 13:41:15,558 INFO  server.RaftServerConfigKeys (ConfUtils.java:logGet(43)) - raft.server.log.appender.install.snapshot.enabled = true (default)
2019-06-12 13:41:15,558 INFO  impl.RaftServerImpl (ServerState.java:<init>(101)) - f774f434-0ad1-462e-af15-84bd84bd91e9:group-1D8090DB6D82 ConfigurationManager, init=-1: [f774f434-0ad1-462e-af15-84bd84bd91e9:192.168.19.46:32903], old=null, confs=<EMPTY_MAP>
2019-06-12 13:41:15,559 INFO  server.RaftServerConfigKeys (ConfUtils.java:logGet(43)) - raft.server.storage.dir = [/opt/src/hadoop-ozone/integration-test/target/test-dir/MiniOzoneClusterImpl-0fefaf49-817a-484d-ad74-9fcb43e2238a/datanode-0/data/ratis] (custom)
2019-06-12 13:41:15,559 INFO  storage.RaftStorageDirectory (RaftStorageDirectory.java:analyzeStorage(246)) - The storage directory /opt/src/hadoop-ozone/integration-test/target/test-dir/MiniOzoneClusterImpl-0fefaf49-817a-484d-ad74-9fcb43e2238a/datanode-0/data/ratis/284ce864-9fbd-445a-8c99-1d8090db6d82 does not exist. Creating ...
2019-06-12 13:41:15,561 INFO  storage.RaftStorageDirectory (RaftStorageDirectory.java:tryLock(328)) - Lock on /opt/src/hadoop-ozone/integration-test/target/test-dir/MiniOzoneClusterImpl-0fefaf49-817a-484d-ad74-9fcb43e2238a/datanode-0/data/ratis/284ce864-9fbd-445a-8c99-1d8090db6d82/in_use.lock acquired by nodename 23524@ozone-x7bbm-1544112193
2019-06-12 13:41:15,563 INFO  storage.RaftStorage (RaftStorage.java:format(75)) - Storage directory /opt/src/hadoop-ozone/integration-test/target/test-dir/MiniOzoneClusterImpl-0fefaf49-817a-484d-ad74-9fcb43e2238a/datanode-0/data/ratis/284ce864-9fbd-445a-8c99-1d8090db6d82 has been successfully formatted.
2019-06-12 13:41:15,563 INFO  ratis.ContainerStateMachine (ContainerStateMachine.java:loadSnapshot(199)) - The snapshot info is null.Setting the last applied index to:(t:0, i:~)
2019-06-12 13:41:15,563 INFO  server.RaftServerConfigKeys (ConfUtils.java:logGet(43)) - raft.server.leader.election.timeout = 120s (custom)
2019-06-12 13:41:15,564 INFO  server.RaftServerConfigKeys (ConfUtils.java:logGet(43)) - raft.server.log.use.memory = false (default)
2019-06-12 13:41:15,564 INFO  server.RaftServerConfigKeys (ConfUtils.java:logGet(43)) - raft.server.log.appender.buffer.byte-limit = 33554432 (custom)
2019-06-12 13:41:15,564 INFO  server.RaftServerConfigKeys (ConfUtils.java:logGet(43)) - raft.server.log.segment.size.max = 16384 (custom)
2019-06-12 13:41:15,564 INFO  server.RaftServerConfigKeys (ConfUtils.java:logGet(43)) - raft.server.log.segment.cache.num.max = 2 (custom)
2019-06-12 13:41:15,564 INFO  storage.RaftLogWorker (RaftLogWorker.java:<init>(123)) - new f774f434-0ad1-462e-af15-84bd84bd91e9-RaftLogWorker for Storage Directory /opt/src/hadoop-ozone/integration-test/target/test-dir/MiniOzoneClusterImpl-0fefaf49-817a-484d-ad74-9fcb43e2238a/datanode-0/data/ratis/284ce864-9fbd-445a-8c99-1d8090db6d82
2019-06-12 13:41:15,564 INFO  server.RaftServerConfigKeys (ConfUtils.java:logGet(43)) - raft.server.log.queue.byte-limit = 2147483647 (custom)
2019-06-12 13:41:15,564 INFO  server.RaftServerConfigKeys (ConfUtils.java:logGet(43)) - raft.server.log.queue.element-limit = 1024 (custom)
2019-06-12 13:41:15,564 INFO  server.RaftServerConfigKeys (ConfUtils.java:logGet(43)) - raft.server.log.segment.size.max = 16384 (custom)
2019-06-12 13:41:15,564 INFO  server.RaftServerConfigKeys (ConfUtils.java:logGet(43)) - raft.server.log.preallocated.size = 16384 (custom)
2019-06-12 13:41:15,564 INFO  server.RaftServerConfigKeys (ConfUtils.java:logGet(43)) - raft.server.log.write.buffer.size = 33554432 (custom)
2019-06-12 13:41:15,564 INFO  server.RaftServerConfigKeys (ConfUtils.java:logGet(43)) - raft.server.log.force.sync.num = 128 (default)
2019-06-12 13:41:15,564 INFO  server.RaftServerConfigKeys (ConfUtils.java:logGet(43)) - raft.server.log.statemachine.data.sync = true (default)
2019-06-12 13:41:15,565 INFO  server.RaftServerConfigKeys (ConfUtils.java:logGet(43)) - raft.server.log.statemachine.data.sync.timeout = 10s (default)
2019-06-12 13:41:15,565 INFO  server.RaftServerConfigKeys (ConfUtils.java:logGet(43)) - raft.server.log.statemachine.data.sync.timeout.retry = -1 (default)
2019-06-12 13:41:15,565 INFO  server.RaftServerConfigKeys (ConfUtils.java:logGet(43)) - raft.server.log.statemachine.data.caching.enabled = true (custom)
2019-06-12 13:41:15,571 INFO  server.RaftServerConfigKeys (ConfUtils.java:logGet(43)) - raft.server.snapshot.auto.trigger.enabled = true (custom)
2019-06-12 13:41:15,572 INFO  server.RaftServerConfigKeys (ConfUtils.java:logGet(43)) - raft.server.snapshot.auto.trigger.threshold = 10000 (custom)
2019-06-12 13:41:15,572 INFO  server.RaftServerConfigKeys (ConfUtils.java:logGet(43)) - raft.server.retrycache.expirytime = 600000ms (custom)
2019-06-12 13:41:15,572 INFO  impl.RaftServerImpl (RaftServerImpl.java:start(173)) - f774f434-0ad1-462e-af15-84bd84bd91e9: start group-1D8090DB6D82
2019-06-12 13:41:15,572 INFO  impl.RaftServerImpl (RaftServerImpl.java:setRole(164)) - f774f434-0ad1-462e-af15-84bd84bd91e9:group-1D8090DB6D82 changes role from null to FOLLOWER at term 0 for startAsFollower
2019-06-12 13:41:15,572 INFO  impl.RoleInfo (RoleInfo.java:updateAndGet(143)) - f774f434-0ad1-462e-af15-84bd84bd91e9: start FollowerState
2019-06-12 13:41:15,574 INFO  util.JmxRegister (JmxRegister.java:tryRegister(44)) - Successfully registered JMX Bean with object name Ratis:service=RaftServer,group=group-1D8090DB6D82,id=f774f434-0ad1-462e-af15-84bd84bd91e9
2019-06-12 13:41:15,578 INFO  pipeline.PipelineStateManager (PipelineStateManager.java:addPipeline(56)) - Created pipeline Pipeline[ Id: 284ce864-9fbd-445a-8c99-1d8090db6d82, Nodes: f774f434-0ad1-462e-af15-84bd84bd91e9{ip: 192.168.19.46, host: ozone-x7bbm-1544112193, networkLocation: /default-rack, certSerialId: null}, Type:RATIS, Factor:ONE, State:OPEN]
2019-06-12 13:41:15,607 INFO  ozone.MiniOzoneClusterImpl (MiniOzoneClusterImpl.java:lambda$waitForClusterToBeReady$0(142)) - Waiting for cluster to be ready. Got 1 of 7 DN Heartbeats.
2019-06-12 13:41:15,802 INFO  node.SCMNodeManager (SCMNodeManager.java:register(234)) - Registered Data node : 2748af54-33a5-4620-a4be-2202c3ceebf6{ip: 192.168.19.46, host: ozone-x7bbm-1544112193, networkLocation: /default-rack, certSerialId: null}
2019-06-12 13:41:15,813 INFO  impl.RaftServerProxy (RaftServerProxy.java:addNew(89)) - 2748af54-33a5-4620-a4be-2202c3ceebf6: addNew group-CB43BE518BCD:[2748af54-33a5-4620-a4be-2202c3ceebf6:192.168.19.46:37405] returns group-CB43BE518BCD:java.util.concurrent.CompletableFuture@2e56bd81[Not completed]
2019-06-12 13:41:15,814 INFO  impl.RaftServerImpl (RaftServerImpl.java:<init>(91)) - 2748af54-33a5-4620-a4be-2202c3ceebf6: new RaftServerImpl for group-CB43BE518BCD:[2748af54-33a5-4620-a4be-2202c3ceebf6:192.168.19.46:37405] with ContainerStateMachine:uninitialized
2019-06-12 13:41:15,814 INFO  server.RaftServerConfigKeys (ConfUtils.java:logGet(43)) - raft.server.rpc.timeout.min = 1s (custom)
2019-06-12 13:41:15,814 INFO  server.RaftServerConfigKeys (ConfUtils.java:logGet(43)) - raft.server.rpc.timeout.max = 1200ms (custom)
2019-06-12 13:41:15,814 INFO  server.RaftServerConfigKeys (ConfUtils.java:logGet(43)) - raft.server.rpcslowness.timeout = 120s (custom)
2019-06-12 13:41:15,814 INFO  server.RaftServerConfigKeys (ConfUtils.java:logGet(43)) - raft.server.log.appender.install.snapshot.enabled = true (default)
2019-06-12 13:41:15,814 INFO  impl.RaftServerImpl (ServerState.java:<init>(101)) - 2748af54-33a5-4620-a4be-2202c3ceebf6:group-CB43BE518BCD ConfigurationManager, init=-1: [2748af54-33a5-4620-a4be-2202c3ceebf6:192.168.19.46:37405], old=null, confs=<EMPTY_MAP>
[...]
2019-06-12 13:41:50,248 INFO  impl.FollowerInfo (FollowerInfo.java:lambda$new$0(50)) - 2748af54-33a5-4620-a4be-2202c3ceebf6->f774f434-0ad1-462e-af15-84bd84bd91e9: nextIndex: updateUnconditionally 0 -> 0
2019-06-12 13:41:50,583 INFO  client.GrpcClientProtocolService (GrpcClientProtocolService.java:lambda$processClientRequest$0(264)) - Failed RaftClientRequest:client-A763E026E650->2748af54-33a5-4620-a4be-2202c3ceebf6@group-07E0A932FC44, cid=68, seq=0, Watch-MAJORITY_COMMITTED(2), Message:<EMPTY>, reply=RaftClientReply:client-A763E026E650->2748af54-33a5-4620-a4be-2202c3ceebf6@group-07E0A932FC44, cid=68, FAILED org.apache.ratis.protocol.NotReplicatedException: Request with call Id 68 and log index 2 is not yet replicated to MAJORITY_COMMITTED, logIndex=2, commits[2748af54-33a5-4620-a4be-2202c3ceebf6:c2, f774f434-0ad1-462e-af15-84bd84bd91e9:c1, 9e931dfc-5b3d-42f4-90f5-b6eeec8695f1:c1]
2019-06-12 13:41:50,746 WARN  server.GrpcLogAppender (LogUtils.java:warn(134)) - 2748af54-33a5-4620-a4be-2202c3ceebf6: Failed appendEntries to f774f434-0ad1-462e-af15-84bd84bd91e9:192.168.19.46:32903: org.apache.ratis.thirdparty.io.grpc.StatusRuntimeException: UNAVAILABLE: io exception
2019-06-12 13:41:50,746 WARN  server.GrpcLogAppender (LogUtils.java:warn(134)) - 2748af54-33a5-4620-a4be-2202c3ceebf6: Failed appendEntries to 9e931dfc-5b3d-42f4-90f5-b6eeec8695f1:192.168.19.46:45939: org.apache.ratis.thirdparty.io.grpc.StatusRuntimeException: UNAVAILABLE: io exception
2019-06-12 13:41:50,748 INFO  impl.FollowerInfo (FollowerInfo.java:lambda$new$0(50)) - 2748af54-33a5-4620-a4be-2202c3ceebf6->f774f434-0ad1-462e-af15-84bd84bd91e9: nextIndex: updateUnconditionally 0 -> 0
2019-06-12 13:41:50,748 INFO  impl.FollowerInfo (FollowerInfo.java:lambda$new$0(50)) - 2748af54-33a5-4620-a4be-2202c3ceebf6->9e931dfc-5b3d-42f4-90f5-b6eeec8695f1: nextIndex: updateUnconditionally 0 -> 0
2019-06-12 13:41:51,246 WARN  server.GrpcLogAppender (LogUtils.java:warn(134)) - 2748af54-33a5-4620-a4be-2202c3ceebf6: Failed appendEntries to f774f434-0ad1-462e-af15-84bd84bd91e9:192.168.19.46:32903: org.apache.ratis.thirdparty.io.grpc.StatusRuntimeException: UNAVAILABLE: io exception
2019-06-12 13:41:51,247 INFO  impl.FollowerInfo (FollowerInfo.java:lambda$new$0(50)) - 2748af54-33a5-4620-a4be-2202c3ceebf6->f774f434-0ad1-462e-af15-84bd84bd91e9: nextIndex: updateUnconditionally 0 -> 0
2019-06-12 13:41:51,247 WARN  server.GrpcLogAppender (LogUtils.java:warn(134)) - 2748af54-33a5-4620-a4be-2202c3ceebf6: Failed appendEntries to 9e931dfc-5b3d-42f4-90f5-b6eeec8695f1:192.168.19.46:45939: org.apache.ratis.thirdparty.io.grpc.StatusRuntimeException: UNAVAILABLE: io exception
2019-06-12 13:41:51,247 INFO  impl.FollowerInfo (FollowerInfo.java:lambda$new$0(50)) - 2748af54-33a5-4620-a4be-2202c3ceebf6->9e931dfc-5b3d-42f4-90f5-b6eeec8695f1: nextIndex: updateUnconditionally 0 -> 0
2019-06-12 13:41:51,747 WARN  server.GrpcLogAppender (LogUtils.java:warn(134)) - 2748af54-33a5-4620-a4be-2202c3ceebf6: Failed appendEntries to f774f434-0ad1-462e-af15-84bd84bd91e9:192.168.19.46:32903: org.apache.ratis.thirdparty.io.grpc.StatusRuntimeException: UNAVAILABLE: io exception
2019-06-12 13:41:51,747 WARN  server.GrpcLogAppender (LogUtils.java:warn(134)) - 2748af54-33a5-4620-a4be-2202c3ceebf6: Failed appendEntries to 9e931dfc-5b3d-42f4-90f5-b6eeec8695f1:192.168.19.46:45939: org.apache.ratis.thirdparty.io.grpc.StatusRuntimeException: UNAVAILABLE: io exception
2019-06-12 13:41:51,747 INFO  impl.FollowerInfo (FollowerInfo.java:lambda$new$0(50)) - 2748af54-33a5-4620-a4be-2202c3ceebf6->f774f434-0ad1-462e-af15-84bd84bd91e9: nextIndex: updateUnconditionally 0 -> 0
2019-06-12 13:41:51,748 INFO  impl.FollowerInfo (FollowerInfo.java:lambda$new$0(50)) - 2748af54-33a5-4620-a4be-2202c3ceebf6->9e931dfc-5b3d-42f4-90f5-b6eeec8695f1: nextIndex: updateUnconditionally 0 -> 0
2019-06-12 13:41:52,248 WARN  server.GrpcLogAppender (LogUtils.java:warn(134)) - 2748af54-33a5-4620-a4be-2202c3ceebf6: Failed appendEntries to f774f434-0ad1-462e-af15-84bd84bd91e9:192.168.19.46:32903: org.apache.ratis.thirdparty.io.grpc.StatusRuntimeException: UNAVAILABLE: io exception
2019-06-12 13:41:52,248 INFO  impl.FollowerInfo (FollowerInfo.java:lambda$new$0(50)) - 2748af54-33a5-4620-a4be-2202c3ceebf6->f774f434-0ad1-462e-af15-84bd84bd91e9: nextIndex: updateUnconditionally 0 -> 0
2019-06-12 13:41:52,248 WARN  server.GrpcLogAppender (LogUtils.java:warn(134)) - 2748af54-33a5-4620-a4be-2202c3ceebf6: Failed appendEntries to 9e931dfc-5b3d-42f4-90f5-b6eeec8695f1:192.168.19.46:45939: org.apache.ratis.thirdparty.io.grpc.StatusRuntimeException: UNAVAILABLE: io exception
2019-06-12 13:41:52,248 INFO  impl.FollowerInfo (FollowerInfo.java:lambda$new$0(50)) - 2748af54-33a5-4620-a4be-2202c3ceebf6->9e931dfc-5b3d-42f4-90f5-b6eeec8695f1: nextIndex: updateUnconditionally 0 -> 0
2019-06-12 13:41:52,748 WARN  server.GrpcLogAppender (LogUtils.java:warn(134)) - 2748af54-33a5-4620-a4be-2202c3ceebf6: Failed appendEntries to 9e931dfc-5b3d-42f4-90f5-b6eeec8695f1:192.168.19.46:45939: org.apache.ratis.thirdparty.io.grpc.StatusRuntimeException: UNAVAILABLE: io exception
2019-06-12 13:41:52,748 WARN  server.GrpcLogAppender (LogUtils.java:warn(134)) - 2748af54-33a5-4620-a4be-2202c3ceebf6: Failed appendEntries to f774f434-0ad1-462e-af15-84bd84bd91e9:192.168.19.46:32903: org.apache.ratis.thirdparty.io.grpc.StatusRuntimeException: UNAVAILABLE: io exception
2019-06-12 13:41:52,748 INFO  impl.FollowerInfo (FollowerInfo.java:lambda$new$0(50)) - 2748af54-33a5-4620-a4be-2202c3ceebf6->9e931dfc-5b3d-42f4-90f5-b6eeec8695f1: nextIndex: updateUnconditionally 0 -> 0
2019-06-12 13:41:52,748 INFO  impl.FollowerInfo (FollowerInfo.java:lambda$new$0(50)) - 2748af54-33a5-4620-a4be-2202c3ceebf6->f774f434-0ad1-462e-af15-84bd84bd91e9: nextIndex: updateUnconditionally 0 -> 0
2019-06-12 13:41:53,249 WARN  server.GrpcLogAppender (LogUtils.java:warn(134)) - 2748af54-33a5-4620-a4be-2202c3ceebf6: Failed appendEntries to f774f434-0ad1-462e-af15-84bd84bd91e9:192.168.19.46:32903: org.apache.ratis.thirdparty.io.grpc.StatusRuntimeException: UNAVAILABLE: io exception
2019-06-12 13:41:53,249 WARN  server.GrpcLogAppender (LogUtils.java:warn(134)) - 2748af54-33a5-4620-a4be-2202c3ceebf6: Failed appendEntries to 9e931dfc-5b3d-42f4-90f5-b6eeec8695f1:192.168.19.46:45939: org.apache.ratis.thirdparty.io.grpc.StatusRuntimeException: UNAVAILABLE: io exception
2019-06-12 13:41:53,249 INFO  impl.FollowerInfo (FollowerInfo.java:lambda$new$0(50)) - 2748af54-33a5-4620-a4be-2202c3ceebf6->f774f434-0ad1-462e-af15-84bd84bd91e9: nextIndex: updateUnconditionally 0 -> 0
2019-06-12 13:41:53,249 INFO  impl.FollowerInfo (FollowerInfo.java:lambda$new$0(50)) - 2748af54-33a5-4620-a4be-2202c3ceebf6->9e931dfc-5b3d-42f4-90f5-b6eeec8695f1: nextIndex: updateUnconditionally 0 -> 0
2019-06-12 13:41:53,750 WARN  server.GrpcLogAppender (LogUtils.java:warn(134)) - 2748af54-33a5-4620-a4be-2202c3ceebf6: Failed appendEntries to f774f434-0ad1-462e-af15-84bd84bd91e9:192.168.19.46:32903: org.apache.ratis.thirdparty.io.grpc.StatusRuntimeException: UNAVAILABLE: io exception
2019-06-12 13:41:53,750 INFO  impl.FollowerInfo (FollowerInfo.java:lambda$new$0(50)) - 2748af54-33a5-4620-a4be-2202c3ceebf6->f774f434-0ad1-462e-af15-84bd84bd91e9: nextIndex: updateUnconditionally 0 -> 0
2019-06-12 13:41:53,750 WARN  server.GrpcLogAppender (LogUtils.java:warn(134)) - 2748af54-33a5-4620-a4be-2202c3ceebf6: Failed appendEntries to 9e931dfc-5b3d-42f4-90f5-b6eeec8695f1:192.168.19.46:45939: org.apache.ratis.thirdparty.io.grpc.StatusRuntimeException: UNAVAILABLE: io exception
2019-06-12 13:41:53,750 INFO  impl.FollowerInfo (FollowerInfo.java:lambda$new$0(50)) - 2748af54-33a5-4620-a4be-2202c3ceebf6->9e931dfc-5b3d-42f4-90f5-b6eeec8695f1: nextIndex: updateUnconditionally 0 -> 0
2019-06-12 13:41:54,250 WARN  server.GrpcLogAppender (LogUtils.java:warn(134)) - 2748af54-33a5-4620-a4be-2202c3ceebf6: Failed appendEntries to f774f434-0ad1-462e-af15-84bd84bd91e9:192.168.19.46:32903: org.apache.ratis.thirdparty.io.grpc.StatusRuntimeException: UNAVAILABLE: io exception
2019-06-12 13:41:54,250 WARN  server.GrpcLogAppender (LogUtils.java:warn(134)) - 2748af54-33a5-4620-a4be-2202c3ceebf6: Failed appendEntries to 9e931dfc-5b3d-42f4-90f5-b6eeec8695f1:192.168.19.46:45939: org.apache.ratis.thirdparty.io.grpc.StatusRuntimeException: UNAVAILABLE: io exception
2019-06-12 13:41:54,250 INFO  impl.FollowerInfo (FollowerInfo.java:lambda$new$0(50)) - 2748af54-33a5-4620-a4be-2202c3ceebf6->f774f434-0ad1-462e-af15-84bd84bd91e9: nextIndex: updateUnconditionally 0 -> 0
2019-06-12 13:41:54,250 INFO  impl.FollowerInfo (FollowerInfo.java:lambda$new$0(50)) - 2748af54-33a5-4620-a4be-2202c3ceebf6->9e931dfc-5b3d-42f4-90f5-b6eeec8695f1: nextIndex: updateUnconditionally 0 -> 0
2019-06-12 13:41:54,750 WARN  server.GrpcLogAppender (LogUtils.java:warn(134)) - 2748af54-33a5-4620-a4be-2202c3ceebf6: Failed appendEntries to f774f434-0ad1-462e-af15-84bd84bd91e9:192.168.19.46:32903: org.apache.ratis.thirdparty.io.grpc.StatusRuntimeException: UNAVAILABLE: io exception
2019-06-12 13:41:54,750 WARN  server.GrpcLogAppender (LogUtils.java:warn(134)) - 2748af54-33a5-4620-a4be-2202c3ceebf6: Failed appendEntries to 9e931dfc-5b3d-42f4-90f5-b6eeec8695f1:192.168.19.46:45939: org.apache.ratis.thirdparty.io.grpc.StatusRuntimeException: UNAVAILABLE: io exception
2019-06-12 13:41:54,751 INFO  impl.FollowerInfo (FollowerInfo.java:lambda$new$0(50)) - 2748af54-33a5-4620-a4be-2202c3ceebf6->9e931dfc-5b3d-42f4-90f5-b6eeec8695f1: nextIndex: updateUnconditionally 0 -> 0
2019-06-12 13:41:54,751 INFO  impl.FollowerInfo (FollowerInfo.java:lambda$new$0(50)) - 2748af54-33a5-4620-a4be-2202c3ceebf6->f774f434-0ad1-462e-af15-84bd84bd91e9: nextIndex: updateUnconditionally 0 -> 0
2019-06-12 13:41:55,251 WARN  server.GrpcLogAppender (LogUtils.java:warn(134)) - 2748af54-33a5-4620-a4be-2202c3ceebf6: Failed appendEntries to f774f434-0ad1-462e-af15-84bd84bd91e9:192.168.19.46:32903: org.apache.ratis.thirdparty.io.grpc.StatusRuntimeException: UNAVAILABLE: io exception
2019-06-12 13:41:55,251 WARN  server.GrpcLogAppender (LogUtils.java:warn(134)) - 2748af54-33a5-4620-a4be-2202c3ceebf6: Failed appendEntries to 9e931dfc-5b3d-42f4-90f5-b6eeec8695f1:192.168.19.46:45939: org.apache.ratis.thirdparty.io.grpc.StatusRuntimeException: UNAVAILABLE: io exception
2019-06-12 13:41:55,251 INFO  impl.FollowerInfo (FollowerInfo.java:lambda$new$0(50)) - 2748af54-33a5-4620-a4be-2202c3ceebf6->f774f434-0ad1-462e-af15-84bd84bd91e9: nextIndex: updateUnconditionally 0 -> 0
2019-06-12 13:41:55,251 INFO  impl.FollowerInfo (FollowerInfo.java:lambda$new$0(50)) - 2748af54-33a5-4620-a4be-2202c3ceebf6->9e931dfc-5b3d-42f4-90f5-b6eeec8695f1: nextIndex: updateUnconditionally 0 -> 0
2019-06-12 13:41:55,582 INFO  client.GrpcClientProtocolService (GrpcClientProtocolService.java:lambda$processClientRequest$0(264)) - Failed RaftClientRequest:client-A763E026E650->2748af54-33a5-4620-a4be-2202c3ceebf6@group-07E0A932FC44, cid=68, seq=0, Watch-MAJORITY_COMMITTED(2), Message:<EMPTY>, reply=RaftClientReply:client-A763E026E650->2748af54-33a5-4620-a4be-2202c3ceebf6@group-07E0A932FC44, cid=68, FAILED org.apache.ratis.protocol.NotReplicatedException: Request with call Id 68 and log index 2 is not yet replicated to MAJORITY_COMMITTED, logIndex=2, commits[2748af54-33a5-4620-a4be-2202c3ceebf6:c2, f774f434-0ad1-462e-af15-84bd84bd91e9:c1, 9e931dfc-5b3d-42f4-90f5-b6eeec8695f1:c1]
2019-06-12 13:41:55,751 WARN  server.GrpcLogAppender (LogUtils.java:warn(134)) - 2748af54-33a5-4620-a4be-2202c3ceebf6: Failed appendEntries to 9e931dfc-5b3d-42f4-90f5-b6eeec8695f1:192.168.19.46:45939: org.apache.ratis.thirdparty.io.grpc.StatusRuntimeException: UNAVAILABLE: io exception
2019-06-12 13:41:55,751 WARN  server.GrpcLogAppender (LogUtils.java:warn(134)) - 2748af54-33a5-4620-a4be-2202c3ceebf6: Failed appendEntries to f774f434-0ad1-462e-af15-84bd84bd91e9:192.168.19.46:32903: org.apache.ratis.thirdparty.io.grpc.StatusRuntimeException: UNAVAILABLE: io exception
2019-06-12 13:41:55,754 INFO  impl.FollowerInfo (FollowerInfo.java:lambda$new$0(50)) - 2748af54-33a5-4620-a4be-2202c3ceebf6->9e931dfc-5b3d-42f4-90f5-b6eeec8695f1: nextIndex: updateUnconditionally 0 -> 0
2019-06-12 13:41:55,754 INFO  impl.FollowerInfo (FollowerInfo.java:lambda$new$0(50)) - 2748af54-33a5-4620-a4be-2202c3ceebf6->f774f434-0ad1-462e-af15-84bd84bd91e9: nextIndex: updateUnconditionally 0 -> 0
2019-06-12 13:41:56,252 WARN  server.GrpcLogAppender (LogUtils.java:warn(134)) - 2748af54-33a5-4620-a4be-2202c3ceebf6: Failed appendEntries to 9e931dfc-5b3d-42f4-90f5-b6eeec8695f1:192.168.19.46:45939: org.apache.ratis.thirdparty.io.grpc.StatusRuntimeException: UNAVAILABLE: io exception
2019-06-12 13:41:56,252 INFO  impl.FollowerInfo (FollowerInfo.java:lambda$new$0(50)) - 2748af54-33a5-4620-a4be-2202c3ceebf6->9e931dfc-5b3d-42f4-90f5-b6eeec8695f1: nextIndex: updateUnconditionally 0 -> 0
2019-06-12 13:41:56,252 WARN  server.GrpcLogAppender (LogUtils.java:warn(134)) - 2748af54-33a5-4620-a4be-2202c3ceebf6: Failed appendEntries to f774f434-0ad1-462e-af15-84bd84bd91e9:192.168.19.46:32903: org.apache.ratis.thirdparty.io.grpc.StatusRuntimeException: UNAVAILABLE: io exception
2019-06-12 13:41:56,252 INFO  impl.FollowerInfo (FollowerInfo.java:lambda$new$0(50)) - 2748af54-33a5-4620-a4be-2202c3ceebf6->f774f434-0ad1-462e-af15-84bd84bd91e9: nextIndex: updateUnconditionally 0 -> 0
2019-06-12 13:41:56,752 WARN  server.GrpcLogAppender (LogUtils.java:warn(134)) - 2748af54-33a5-4620-a4be-2202c3ceebf6: Failed appendEntries to f774f434-0ad1-462e-af15-84bd84bd91e9:192.168.19.46:32903: org.apache.ratis.thirdparty.io.grpc.StatusRuntimeException: UNAVAILABLE: io exception
2019-06-12 13:41:56,753 INFO  impl.FollowerInfo (FollowerInfo.java:lambda$new$0(50)) - 2748af54-33a5-4620-a4be-2202c3ceebf6->f774f434-0ad1-462e-af15-84bd84bd91e9: nextIndex: updateUnconditionally 0 -> 0
2019-06-12 13:41:56,753 WARN  server.GrpcLogAppender (LogUtils.java:warn(134)) - 2748af54-33a5-4620-a4be-2202c3ceebf6: Failed appendEntries to 9e931dfc-5b3d-42f4-90f5-b6eeec8695f1:192.168.19.46:45939: org.apache.ratis.thirdparty.io.grpc.StatusRuntimeException: UNAVAILABLE: io exception
2019-06-12 13:41:56,753 INFO  impl.FollowerInfo (FollowerInfo.java:lambda$new$0(50)) - 2748af54-33a5-4620-a4be-2202c3ceebf6->9e931dfc-5b3d-42f4-90f5-b6eeec8695f1: nextIndex: updateUnconditionally 0 -> 0
2019-06-12 13:41:57,253 WARN  server.GrpcLogAppender (LogUtils.java:warn(134)) - 2748af54-33a5-4620-a4be-2202c3ceebf6: Failed appendEntries to f774f434-0ad1-462e-af15-84bd84bd91e9:192.168.19.46:32903: org.apache.ratis.thirdparty.io.grpc.StatusRuntimeException: UNAVAILABLE: io exception
2019-06-12 13:41:57,253 WARN  server.GrpcLogAppender (LogUtils.java:warn(134)) - 2748af54-33a5-4620-a4be-2202c3ceebf6: Failed appendEntries to 9e931dfc-5b3d-42f4-90f5-b6eeec8695f1:192.168.19.46:45939: org.apache.ratis.thirdparty.io.grpc.StatusRuntimeException: UNAVAILABLE: io exception
2019-06-12 13:41:57,253 INFO  impl.FollowerInfo (FollowerInfo.java:lambda$new$0(50)) - 2748af54-33a5-4620-a4be-2202c3ceebf6->f774f434-0ad1-462e-af15-84bd84bd91e9: nextIndex: updateUnconditionally 0 -> 0
2019-06-12 13:41:57,254 INFO  impl.FollowerInfo (FollowerInfo.java:lambda$new$0(50)) - 2748af54-33a5-4620-a4be-2202c3ceebf6->9e931dfc-5b3d-42f4-90f5-b6eeec8695f1: nextIndex: updateUnconditionally 0 -> 0
2019-06-12 13:41:57,754 WARN  server.GrpcLogAppender (LogUtils.java:warn(134)) - 2748af54-33a5-4620-a4be-2202c3ceebf6: Failed appendEntries to f774f434-0ad1-462e-af15-84bd84bd91e9:192.168.19.46:32903: org.apache.ratis.thirdparty.io.grpc.StatusRuntimeException: UNAVAILABLE: io exception
2019-06-12 13:41:57,754 WARN  server.GrpcLogAppender (LogUtils.java:warn(134)) - 2748af54-33a5-4620-a4be-2202c3ceebf6: Failed appendEntries to 9e931dfc-5b3d-42f4-90f5-b6eeec8695f1:192.168.19.46:45939: org.apache.ratis.thirdparty.io.grpc.StatusRuntimeException: UNAVAILABLE: io exception
2019-06-12 13:41:57,754 INFO  impl.FollowerInfo (FollowerInfo.java:lambda$new$0(50)) - 2748af54-33a5-4620-a4be-2202c3ceebf6->f774f434-0ad1-462e-af15-84bd84bd91e9: nextIndex: updateUnconditionally 0 -> 0
2019-06-12 13:41:57,754 INFO  impl.FollowerInfo (FollowerInfo.java:lambda$new$0(50)) - 2748af54-33a5-4620-a4be-2202c3ceebf6->9e931dfc-5b3d-42f4-90f5-b6eeec8695f1: nextIndex: updateUnconditionally 0 -> 0
2019-06-12 13:41:58,254 WARN  server.GrpcLogAppender (LogUtils.java:warn(134)) - 2748af54-33a5-4620-a4be-2202c3ceebf6: Failed appendEntries to f774f434-0ad1-462e-af15-84bd84bd91e9:192.168.19.46:32903: org.apache.ratis.thirdparty.io.grpc.StatusRuntimeException: UNAVAILABLE: io exception
2019-06-12 13:41:58,254 WARN  server.GrpcLogAppender (LogUtils.java:warn(134)) - 2748af54-33a5-4620-a4be-2202c3ceebf6: Failed appendEntries to 9e931dfc-5b3d-42f4-90f5-b6eeec8695f1:192.168.19.46:45939: org.apache.ratis.thirdparty.io.grpc.StatusRuntimeException: UNAVAILABLE: io exception
2019-06-12 13:41:58,254 INFO  impl.FollowerInfo (FollowerInfo.java:lambda$new$0(50)) - 2748af54-33a5-4620-a4be-2202c3ceebf6->f774f434-0ad1-462e-af15-84bd84bd91e9: nextIndex: updateUnconditionally 0 -> 0
2019-06-12 13:41:58,255 INFO  impl.FollowerInfo (FollowerInfo.java:lambda$new$0(50)) - 2748af54-33a5-4620-a4be-2202c3ceebf6->9e931dfc-5b3d-42f4-90f5-b6eeec8695f1: nextIndex: updateUnconditionally 0 -> 0
2019-06-12 13:41:58,755 WARN  server.GrpcLogAppender (LogUtils.java:warn(134)) - 2748af54-33a5-4620-a4be-2202c3ceebf6: Failed appendEntries to 9e931dfc-5b3d-42f4-90f5-b6eeec8695f1:192.168.19.46:45939: org.apache.ratis.thirdparty.io.grpc.StatusRuntimeException: UNAVAILABLE: io exception
2019-06-12 13:41:58,755 INFO  impl.FollowerInfo (FollowerInfo.java:lambda$new$0(50)) - 2748af54-33a5-4620-a4be-2202c3ceebf6->9e931dfc-5b3d-42f4-90f5-b6eeec8695f1: nextIndex: updateUnconditionally 0 -> 0
2019-06-12 13:41:58,755 WARN  server.GrpcLogAppender (LogUtils.java:warn(134)) - 2748af54-33a5-4620-a4be-2202c3ceebf6: Failed appendEntries to f774f434-0ad1-462e-af15-84bd84bd91e9:192.168.19.46:32903: org.apache.ratis.thirdparty.io.grpc.StatusRuntimeException: UNAVAILABLE: io exception
2019-06-12 13:41:58,756 INFO  impl.FollowerInfo (FollowerInfo.java:lambda$new$0(50)) - 2748af54-33a5-4620-a4be-2202c3ceebf6->f774f434-0ad1-462e-af15-84bd84bd91e9: nextIndex: updateUnconditionally 0 -> 0
]]></system-out>
    <system-err><![CDATA[Jun 12, 2019 1:41:11 PM com.sun.jersey.server.impl.application.WebApplicationImpl _initiate
INFO: Initiating Jersey application, version 'Jersey: 1.19 02/11/2015 03:25 AM'
Jun 12, 2019 1:41:11 PM com.sun.jersey.server.impl.application.WebApplicationImpl _initiate
INFO: Initiating Jersey application, version 'Jersey: 1.19 02/11/2015 03:25 AM'
Jun 12, 2019 1:41:11 PM com.sun.jersey.server.impl.application.WebApplicationImpl _initiate
INFO: Initiating Jersey application, version 'Jersey: 1.19 02/11/2015 03:25 AM'
Jun 12, 2019 1:41:12 PM com.sun.jersey.server.impl.application.WebApplicationImpl _initiate
INFO: Initiating Jersey application, version 'Jersey: 1.19 02/11/2015 03:25 AM'
Jun 12, 2019 1:41:12 PM com.sun.jersey.server.impl.application.WebApplicationImpl _initiate
INFO: Initiating Jersey application, version 'Jersey: 1.19 02/11/2015 03:25 AM'
Jun 12, 2019 1:41:12 PM com.sun.jersey.server.impl.application.WebApplicationImpl _initiate
INFO: Initiating Jersey application, version 'Jersey: 1.19 02/11/2015 03:25 AM'
Jun 12, 2019 1:41:12 PM com.sun.jersey.server.impl.application.WebApplicationImpl _initiate
INFO: Initiating Jersey application, version 'Jersey: 1.19 02/11/2015 03:25 AM'
]]></system-err>
  </testcase>
  <testcase name="testWatchForCommitForGroupMismatchException" classname="org.apache.hadoop.ozone.client.rpc.TestWatchForCommit" time="7.046"/>
  <testcase name="test2WayCommitForTimeoutException" classname="org.apache.hadoop.ozone.client.rpc.TestWatchForCommit" time="12.057"/>
  <testcase name="test2WayCommitForRetryfailure" classname="org.apache.hadoop.ozone.client.rpc.TestWatchForCommit" time="31.166"/>
</testsuite>