<?xml version="1.0" encoding="UTF-8"?>
<testsuite xmlns:xsi="http://www.w3.org/2001/XMLSchema-instance" xsi:noNamespaceSchemaLocation="https://maven.apache.org/surefire/maven-surefire-plugin/xsd/surefire-test-report.xsd" name="org.apache.hadoop.ozone.freon.TestFreonWithDatanodeFastRestart" time="11.72" tests="1" errors="0" skipped="1" failures="0">
  <properties>
[...]
</properties>
  <testcase name="testRestart" classname="org.apache.hadoop.ozone.freon.TestFreonWithDatanodeFastRestart" time="0">
    <skipped message="TODO:HDDS-1160"/>
    <system-out><![CDATA[2019-06-18 09:16:01,925 WARN  server.ServerUtils (ServerUtils.java:getScmDbDir(145)) - ozone.scm.db.dirs is not configured. We recommend adding this setting. Falling back to ozone.metadata.dirs instead.
2019-06-18 09:16:02,028 WARN  server.ServerUtils (ServerUtils.java:getScmDbDir(145)) - ozone.scm.db.dirs is not configured. We recommend adding this setting. Falling back to ozone.metadata.dirs instead.
2019-06-18 09:16:02,032 WARN  server.ServerUtils (ServerUtils.java:getScmDbDir(145)) - ozone.scm.db.dirs is not configured. We recommend adding this setting. Falling back to ozone.metadata.dirs instead.
2019-06-18 09:16:02,053 INFO  util.log (Log.java:initialized(192)) - Logging initialized @1043ms
2019-06-18 09:16:02,175 INFO  db.DBStoreBuilder (DBStoreBuilder.java:addTable(110)) - using custom profile for table: deletedBlocks
2019-06-18 09:16:02,175 INFO  db.DBStoreBuilder (DBStoreBuilder.java:processTables(161)) - Using default column profile:DBProfile.DISK for Table:deletedBlocks
2019-06-18 09:16:02,176 INFO  db.DBStoreBuilder (DBStoreBuilder.java:addTable(110)) - using custom profile for table: validCerts
2019-06-18 09:16:02,176 INFO  db.DBStoreBuilder (DBStoreBuilder.java:processTables(161)) - Using default column profile:DBProfile.DISK for Table:validCerts
2019-06-18 09:16:02,177 INFO  db.DBStoreBuilder (DBStoreBuilder.java:addTable(110)) - using custom profile for table: revokedCerts
2019-06-18 09:16:02,177 INFO  db.DBStoreBuilder (DBStoreBuilder.java:processTables(161)) - Using default column profile:DBProfile.DISK for Table:revokedCerts
2019-06-18 09:16:02,192 INFO  db.DBStoreBuilder (DBStoreBuilder.java:addTable(110)) - using custom profile for table: default
2019-06-18 09:16:02,192 INFO  db.DBStoreBuilder (DBStoreBuilder.java:processTables(167)) - Using default column profile:DBProfile.DISK for Table:default
2019-06-18 09:16:02,194 INFO  db.DBStoreBuilder (DBStoreBuilder.java:getDbProfile(198)) - Using default options. DBProfile.DISK
2019-06-18 09:16:02,264 INFO  net.NodeSchemaLoader (NodeSchemaLoader.java:loadSchemaFromFile(125)) - Loading file from sun.misc.CompoundEnumeration@419c5f1a
2019-06-18 09:16:02,266 INFO  net.NodeSchemaLoader (NodeSchemaLoader.java:loadSchema(171)) - Loading network topology layer schema file
2019-06-18 09:16:02,350 INFO  node.SCMNodeManager (SCMNodeManager.java:<init>(119)) - Entering startup safe mode.
2019-06-18 09:16:02,451 WARN  server.ServerUtils (ServerUtils.java:getScmDbDir(145)) - ozone.scm.db.dirs is not configured. We recommend adding this setting. Falling back to ozone.metadata.dirs instead.
2019-06-18 09:16:02,476 INFO  pipeline.SCMPipelineManager (SCMPipelineManager.java:initializePipelineState(126)) - No pipeline exists in current db
2019-06-18 09:16:02,478 WARN  server.ServerUtils (ServerUtils.java:getScmDbDir(145)) - ozone.scm.db.dirs is not configured. We recommend adding this setting. Falling back to ozone.metadata.dirs instead.
2019-06-18 09:16:02,545 WARN  events.EventQueue (EventQueue.java:fireEvent(175)) - No event handler registered for event TypedEvent{payloadType=SafeModeStatus, name='SafeModeStatus'}
2019-06-18 09:16:03,014 INFO  ipc.CallQueueManager (CallQueueManager.java:<init>(84)) - Using callQueue: class java.util.concurrent.LinkedBlockingQueue, queueCapacity: 2000, scheduler: class org.apache.hadoop.ipc.DefaultRpcScheduler, ipcBackoff: false.
2019-06-18 09:16:03,047 INFO  ipc.Server (Server.java:run(1074)) - Starting Socket Reader #1 for port 33313
2019-06-18 09:16:03,080 INFO  ipc.CallQueueManager (CallQueueManager.java:<init>(84)) - Using callQueue: class java.util.concurrent.LinkedBlockingQueue, queueCapacity: 2000, scheduler: class org.apache.hadoop.ipc.DefaultRpcScheduler, ipcBackoff: false.
2019-06-18 09:16:03,081 INFO  ipc.Server (Server.java:run(1074)) - Starting Socket Reader #1 for port 43793
2019-06-18 09:16:03,089 INFO  ipc.CallQueueManager (CallQueueManager.java:<init>(84)) - Using callQueue: class java.util.concurrent.LinkedBlockingQueue, queueCapacity: 2000, scheduler: class org.apache.hadoop.ipc.DefaultRpcScheduler, ipcBackoff: false.
2019-06-18 09:16:03,089 INFO  ipc.Server (Server.java:run(1074)) - Starting Socket Reader #1 for port 36749
2019-06-18 09:16:03,122 INFO  hdfs.DFSUtil (DFSUtil.java:httpServerTemplateForNNAndJN(1641)) - Starting Web-server for scm at: http://0.0.0.0:0
2019-06-18 09:16:03,354 INFO  server.AuthenticationFilter (AuthenticationFilter.java:constructSecretProvider(240)) - Unable to initialize FileSignerSecretProvider, falling back to use random secrets.
2019-06-18 09:16:03,374 WARN  http.HttpRequestLog (HttpRequestLog.java:getRequestLog(97)) - Jetty request log can only be enabled using Log4j
2019-06-18 09:16:03,384 INFO  http.HttpServer2 (HttpServer2.java:addGlobalFilter(975)) - Added global filter 'safety' (class=org.apache.hadoop.http.HttpServer2$QuotingInputFilter)
2019-06-18 09:16:03,387 INFO  http.HttpServer2 (HttpServer2.java:addFilter(948)) - Added filter static_user_filter (class=org.apache.hadoop.http.lib.StaticUserWebFilter$StaticUserFilter) to context scm
2019-06-18 09:16:03,387 INFO  http.HttpServer2 (HttpServer2.java:addFilter(958)) - Added filter static_user_filter (class=org.apache.hadoop.http.lib.StaticUserWebFilter$StaticUserFilter) to context logs
2019-06-18 09:16:03,387 INFO  http.HttpServer2 (HttpServer2.java:addFilter(958)) - Added filter static_user_filter (class=org.apache.hadoop.http.lib.StaticUserWebFilter$StaticUserFilter) to context static
2019-06-18 09:16:03,416 INFO  server.StorageContainerManager (StorageContainerManager.java:start(753)) - StorageContainerLocationProtocol RPC server is listening at /0.0.0.0:36749
2019-06-18 09:16:03,486 WARN  impl.MetricsConfig (MetricsConfig.java:loadFirst(134)) - Cannot locate configuration: tried hadoop-metrics2-storagecontainermanager.properties,hadoop-metrics2.properties
2019-06-18 09:16:03,502 INFO  impl.MetricsSystemImpl (MetricsSystemImpl.java:startTimer(374)) - Scheduled Metric snapshot period at 10 second(s).
2019-06-18 09:16:03,503 INFO  impl.MetricsSystemImpl (MetricsSystemImpl.java:start(191)) - StorageContainerManager metrics system started
2019-06-18 09:16:03,763 INFO  server.SCMClientProtocolServer (SCMClientProtocolServer.java:start(149)) - RPC server for Client  is listening at /0.0.0.0:36749
2019-06-18 09:16:03,764 INFO  ipc.Server (Server.java:run(1314)) - IPC Server Responder: starting
2019-06-18 09:16:03,764 INFO  ipc.Server (Server.java:run(1153)) - IPC Server listener on 36749: starting
2019-06-18 09:16:03,766 INFO  server.StorageContainerManager (StorageContainerManager.java:start(762)) - ScmBlockLocationProtocol RPC server is listening at /0.0.0.0:43793
2019-06-18 09:16:03,767 INFO  server.SCMBlockProtocolServer (SCMBlockProtocolServer.java:start(137)) - RPC server for Block Protocol is listening at /0.0.0.0:43793
2019-06-18 09:16:03,767 INFO  ipc.Server (Server.java:run(1153)) - IPC Server listener on 43793: starting
2019-06-18 09:16:03,768 INFO  ipc.Server (Server.java:run(1314)) - IPC Server Responder: starting
2019-06-18 09:16:03,771 INFO  server.StorageContainerManager (StorageContainerManager.java:start(766)) - ScmDatanodeProtocl RPC server is listening at /0.0.0.0:33313
2019-06-18 09:16:03,771 INFO  server.SCMDatanodeProtocolServer (SCMDatanodeProtocolServer.java:start(191)) - RPC server for DataNodes is listening at /0.0.0.0:33313
2019-06-18 09:16:03,772 INFO  ipc.Server (Server.java:run(1314)) - IPC Server Responder: starting
2019-06-18 09:16:03,772 INFO  ipc.Server (Server.java:run(1153)) - IPC Server listener on 33313: starting
2019-06-18 09:16:03,799 INFO  http.HttpServer2 (HttpServer2.java:bindListener(1191)) - Jetty bound to port 43885
2019-06-18 09:16:03,801 INFO  server.Server (Server.java:doStart(351)) - jetty-9.3.24.v20180605, build timestamp: 2018-06-05T17:11:56Z, git hash: 84205aa28f11a4f31f2a3b86d1bba2cc8ab69827
2019-06-18 09:16:03,843 INFO  handler.ContextHandler (ContextHandler.java:doStart(781)) - Started o.e.j.s.ServletContextHandler@413f69cc{/logs,file:///opt/src/hadoop-ozone/tools/target/log,AVAILABLE}
2019-06-18 09:16:03,844 INFO  handler.ContextHandler (ContextHandler.java:doStart(781)) - Started o.e.j.s.ServletContextHandler@1b75c2e3{/static,file:///opt/src/hadoop-hdds/server-scm/target/classes/webapps/static/,AVAILABLE}
2019-06-18 09:16:03,882 INFO  handler.ContextHandler (ContextHandler.java:doStart(781)) - Started o.e.j.w.WebAppContext@295eaa7c{/,file:///opt/src/hadoop-hdds/server-scm/target/classes/webapps/scm/,AVAILABLE}{/scm}
2019-06-18 09:16:03,889 INFO  server.AbstractConnector (AbstractConnector.java:doStart(278)) - Started ServerConnector@60f7cc1d{HTTP/1.1,[http/1.1]}{0.0.0.0:43885}
2019-06-18 09:16:03,889 INFO  server.Server (Server.java:doStart(419)) - Started @2879ms
2019-06-18 09:16:03,890 INFO  server.BaseHttpServer (BaseHttpServer.java:updateConnectorAddress(207)) - HTTP server of SCM is listening at http://0.0.0.0:43885
2019-06-18 09:16:03,899 INFO  util.JvmPauseMonitor (JvmPauseMonitor.java:run(188)) - Starting JVM pause monitor
2019-06-18 09:16:03,902 WARN  scm.ScmUtils (ScmUtils.java:getDBPath(63)) - ozone.om.db.dirs is not configured. We recommend adding this setting. Falling back to ozone.metadata.dirs instead.
2019-06-18 09:16:04,006 WARN  scm.ScmUtils (ScmUtils.java:getDBPath(63)) - ozone.om.db.dirs is not configured. We recommend adding this setting. Falling back to ozone.metadata.dirs instead.
2019-06-18 09:16:04,007 INFO  om.OzoneManager (OzoneManager.java:setOMNodeDetails(532)) - OM Service ID is not set. Setting it to the default ID: omServiceIdDefault
2019-06-18 09:16:04,007 INFO  om.OzoneManager (OzoneManager.java:setOMNodeDetails(538)) - OM Node ID is not set. Setting it to the OmStorage's OmID: 56de16fd-dcca-4e90-bd28-b6c739a4187f
2019-06-18 09:16:04,009 WARN  scm.HddsServerUtil (HddsServerUtil.java:getDefaultRatisDirectory(354)) - Storage directory for Ratis is not configured. It is a good idea to map this to an SSD disk. Falling back to ozone.metadata.dirs
2019-06-18 09:16:04,010 WARN  scm.HddsServerUtil (HddsServerUtil.java:getDefaultRatisDirectory(354)) - Storage directory for Ratis is not configured. It is a good idea to map this to an SSD disk. Falling back to ozone.metadata.dirs
2019-06-18 09:16:04,010 INFO  om.OzoneManager (OzoneManager.java:loadOMHAConfigs(489)) - Found matching OM address with OMServiceId: null, OMNodeId: null, RPC Address: localhost:0 and Ratis port: 9872
2019-06-18 09:16:04,307 WARN  scm.ScmUtils (ScmUtils.java:getDBPath(63)) - ozone.om.db.dirs is not configured. We recommend adding this setting. Falling back to ozone.metadata.dirs instead.
2019-06-18 09:16:04,315 INFO  db.DBStoreBuilder (DBStoreBuilder.java:addTable(110)) - using custom profile for table: userTable
2019-06-18 09:16:04,315 INFO  db.DBStoreBuilder (DBStoreBuilder.java:processTables(161)) - Using default column profile:DBProfile.DISK for Table:userTable
2019-06-18 09:16:04,315 INFO  db.DBStoreBuilder (DBStoreBuilder.java:addTable(110)) - using custom profile for table: volumeTable
2019-06-18 09:16:04,316 INFO  db.DBStoreBuilder (DBStoreBuilder.java:processTables(161)) - Using default column profile:DBProfile.DISK for Table:volumeTable
2019-06-18 09:16:04,316 INFO  db.DBStoreBuilder (DBStoreBuilder.java:addTable(110)) - using custom profile for table: bucketTable
2019-06-18 09:16:04,316 INFO  db.DBStoreBuilder (DBStoreBuilder.java:processTables(161)) - Using default column profile:DBProfile.DISK for Table:bucketTable
2019-06-18 09:16:04,317 INFO  db.DBStoreBuilder (DBStoreBuilder.java:addTable(110)) - using custom profile for table: keyTable
2019-06-18 09:16:04,317 INFO  db.DBStoreBuilder (DBStoreBuilder.java:processTables(161)) - Using default column profile:DBProfile.DISK for Table:keyTable
2019-06-18 09:16:04,317 INFO  db.DBStoreBuilder (DBStoreBuilder.java:addTable(110)) - using custom profile for table: deletedTable
2019-06-18 09:16:04,317 INFO  db.DBStoreBuilder (DBStoreBuilder.java:processTables(161)) - Using default column profile:DBProfile.DISK for Table:deletedTable
2019-06-18 09:16:04,318 INFO  db.DBStoreBuilder (DBStoreBuilder.java:addTable(110)) - using custom profile for table: openKeyTable
2019-06-18 09:16:04,318 INFO  db.DBStoreBuilder (DBStoreBuilder.java:processTables(161)) - Using default column profile:DBProfile.DISK for Table:openKeyTable
2019-06-18 09:16:04,318 INFO  db.DBStoreBuilder (DBStoreBuilder.java:addTable(110)) - using custom profile for table: s3Table
2019-06-18 09:16:04,319 INFO  db.DBStoreBuilder (DBStoreBuilder.java:processTables(161)) - Using default column profile:DBProfile.DISK for Table:s3Table
2019-06-18 09:16:04,319 INFO  db.DBStoreBuilder (DBStoreBuilder.java:addTable(110)) - using custom profile for table: multipartInfoTable
2019-06-18 09:16:04,319 INFO  db.DBStoreBuilder (DBStoreBuilder.java:processTables(161)) - Using default column profile:DBProfile.DISK for Table:multipartInfoTable
2019-06-18 09:16:04,320 INFO  db.DBStoreBuilder (DBStoreBuilder.java:addTable(110)) - using custom profile for table: dTokenTable
2019-06-18 09:16:04,320 INFO  db.DBStoreBuilder (DBStoreBuilder.java:processTables(161)) - Using default column profile:DBProfile.DISK for Table:dTokenTable
2019-06-18 09:16:04,320 INFO  db.DBStoreBuilder (DBStoreBuilder.java:addTable(110)) - using custom profile for table: s3SecretTable
2019-06-18 09:16:04,320 INFO  db.DBStoreBuilder (DBStoreBuilder.java:processTables(161)) - Using default column profile:DBProfile.DISK for Table:s3SecretTable
2019-06-18 09:16:04,321 INFO  db.DBStoreBuilder (DBStoreBuilder.java:addTable(110)) - using custom profile for table: prefixTable
2019-06-18 09:16:04,321 INFO  db.DBStoreBuilder (DBStoreBuilder.java:processTables(161)) - Using default column profile:DBProfile.DISK for Table:prefixTable
2019-06-18 09:16:04,321 INFO  db.DBStoreBuilder (DBStoreBuilder.java:addTable(110)) - using custom profile for table: default
2019-06-18 09:16:04,322 INFO  db.DBStoreBuilder (DBStoreBuilder.java:processTables(167)) - Using default column profile:DBProfile.DISK for Table:default
2019-06-18 09:16:04,322 INFO  db.DBStoreBuilder (DBStoreBuilder.java:getDbProfile(198)) - Using default options. DBProfile.DISK
2019-06-18 09:16:05,011 INFO  ipc.CallQueueManager (CallQueueManager.java:<init>(84)) - Using callQueue: class java.util.concurrent.LinkedBlockingQueue, queueCapacity: 2000, scheduler: class org.apache.hadoop.ipc.DefaultRpcScheduler, ipcBackoff: false.
2019-06-18 09:16:05,012 INFO  ipc.Server (Server.java:run(1074)) - Starting Socket Reader #1 for port 42365
2019-06-18 09:16:05,046 WARN  scm.ScmUtils (ScmUtils.java:getDBPath(63)) - ozone.om.db.dirs is not configured. We recommend adding this setting. Falling back to ozone.metadata.dirs instead.
2019-06-18 09:16:05,046 INFO  om.OzoneManager (OzoneManager.java:start(1230)) - OzoneManager RPC server is listening at localhost/127.0.0.1:42365
2019-06-18 09:16:05,047 INFO  impl.MetricsSystemImpl (MetricsSystemImpl.java:init(158)) - OzoneManager metrics system started (again)
2019-06-18 09:16:05,047 INFO  ipc.Server (Server.java:run(1314)) - IPC Server Responder: starting
2019-06-18 09:16:05,050 INFO  ipc.Server (Server.java:run(1153)) - IPC Server listener on 42365: starting
2019-06-18 09:16:05,054 INFO  hdfs.DFSUtil (DFSUtil.java:httpServerTemplateForNNAndJN(1641)) - Starting Web-server for ozoneManager at: http://0.0.0.0:0
2019-06-18 09:16:05,056 INFO  server.AuthenticationFilter (AuthenticationFilter.java:constructSecretProvider(240)) - Unable to initialize FileSignerSecretProvider, falling back to use random secrets.
2019-06-18 09:16:05,057 WARN  http.HttpRequestLog (HttpRequestLog.java:getRequestLog(97)) - Jetty request log can only be enabled using Log4j
2019-06-18 09:16:05,060 INFO  http.HttpServer2 (HttpServer2.java:addGlobalFilter(975)) - Added global filter 'safety' (class=org.apache.hadoop.http.HttpServer2$QuotingInputFilter)
2019-06-18 09:16:05,061 INFO  http.HttpServer2 (HttpServer2.java:addFilter(948)) - Added filter static_user_filter (class=org.apache.hadoop.http.lib.StaticUserWebFilter$StaticUserFilter) to context ozoneManager
2019-06-18 09:16:05,062 INFO  http.HttpServer2 (HttpServer2.java:addFilter(958)) - Added filter static_user_filter (class=org.apache.hadoop.http.lib.StaticUserWebFilter$StaticUserFilter) to context static
2019-06-18 09:16:05,063 INFO  http.HttpServer2 (HttpServer2.java:addFilter(958)) - Added filter static_user_filter (class=org.apache.hadoop.http.lib.StaticUserWebFilter$StaticUserFilter) to context logs
2019-06-18 09:16:05,065 INFO  http.HttpServer2 (HttpServer2.java:bindListener(1191)) - Jetty bound to port 35377
2019-06-18 09:16:05,066 INFO  server.Server (Server.java:doStart(351)) - jetty-9.3.24.v20180605, build timestamp: 2018-06-05T17:11:56Z, git hash: 84205aa28f11a4f31f2a3b86d1bba2cc8ab69827
2019-06-18 09:16:05,067 INFO  handler.ContextHandler (ContextHandler.java:doStart(781)) - Started o.e.j.s.ServletContextHandler@74a9c4b0{/logs,file:///opt/src/hadoop-ozone/tools/target/log,AVAILABLE}
2019-06-18 09:16:05,069 INFO  handler.ContextHandler (ContextHandler.java:doStart(781)) - Started o.e.j.s.ServletContextHandler@1c05a54d{/static,file:///opt/src/hadoop-ozone/ozone-manager/target/classes/webapps/static/,AVAILABLE}
2019-06-18 09:16:05,074 INFO  handler.ContextHandler (ContextHandler.java:doStart(781)) - Started o.e.j.w.WebAppContext@1a1d3c1a{/,file:///opt/src/hadoop-ozone/ozone-manager/target/classes/webapps/ozoneManager/,AVAILABLE}{/ozoneManager}
2019-06-18 09:16:05,074 INFO  server.AbstractConnector (AbstractConnector.java:doStart(278)) - Started ServerConnector@1c65121{HTTP/1.1,[http/1.1]}{0.0.0.0:35377}
2019-06-18 09:16:05,075 INFO  server.Server (Server.java:doStart(419)) - Started @4065ms
2019-06-18 09:16:05,077 INFO  server.BaseHttpServer (BaseHttpServer.java:updateConnectorAddress(207)) - HTTP server of OZONEMANAGER is listening at http://0.0.0.0:35377
2019-06-18 09:16:05,250 INFO  impl.MetricsSystemImpl (MetricsSystemImpl.java:init(158)) - HddsDatanode metrics system started (again)
2019-06-18 09:16:05,461 INFO  ozone.HddsDatanodeService (HddsDatanodeService.java:start(185)) - HddsDatanodeService host:ozone-unit-076618677d396fw8-2484198397 ip:192.168.46.50
2019-06-18 09:16:05,504 INFO  volume.HddsVolume (HddsVolume.java:<init>(176)) - Creating Volume: /opt/src/hadoop-ozone/tools/target/test-dir/MiniOzoneClusterImpl-6a91cba8-de09-4772-a400-dcfdecb732a8/datanode-0/data/containers/hdds of  storage type : DISK and capacity : 104021790720
2019-06-18 09:16:05,506 INFO  volume.VolumeSet (VolumeSet.java:initializeVolumeSet(170)) - Added Volume : /opt/src/hadoop-ozone/tools/target/test-dir/MiniOzoneClusterImpl-6a91cba8-de09-4772-a400-dcfdecb732a8/datanode-0/data/containers/hdds to VolumeSet
2019-06-18 09:16:05,509 INFO  volume.ThrottledAsyncChecker (ThrottledAsyncChecker.java:schedule(140)) - Scheduling a check for org.apache.hadoop.ozone.container.common.volume.HddsVolume@2bc12da
2019-06-18 09:16:05,528 INFO  volume.HddsVolumeChecker (HddsVolumeChecker.java:checkAllVolumes(203)) - Scheduled health check for volume org.apache.hadoop.ozone.container.common.volume.HddsVolume@2bc12da
2019-06-18 09:16:05,578 INFO  ratis.XceiverServerRatis (XceiverServerRatis.java:newXceiverServerRatis(401)) - Found a free port for the server : 39549
2019-06-18 09:16:05,670 INFO  impl.RaftServerProxy (ConfUtils.java:logGet(43)) - raft.rpc.type = GRPC (default)
2019-06-18 09:16:05,690 INFO  grpc.GrpcConfigKeys$Server (ConfUtils.java:logGet(43)) - raft.grpc.server.port = 39549 (custom)
2019-06-18 09:16:05,691 INFO  server.GrpcService (ConfUtils.java:logGet(43)) - raft.grpc.message.size.max = 33570816 (custom)
2019-06-18 09:16:05,693 INFO  server.RaftServerConfigKeys (ConfUtils.java:logGet(43)) - raft.server.log.appender.buffer.byte-limit = 33554432 (custom)
2019-06-18 09:16:05,694 INFO  server.GrpcService (ConfUtils.java:logGet(43)) - raft.grpc.flow.control.window = 1MB (=1048576) (default)
2019-06-18 09:16:05,695 INFO  server.RaftServerConfigKeys (ConfUtils.java:logGet(43)) - raft.server.rpc.request.timeout = 3000ms (default)
2019-06-18 09:16:05,895 INFO  server.RaftServerConfigKeys (ConfUtils.java:logGet(43)) - raft.server.storage.dir = [/opt/src/hadoop-ozone/tools/target/test-dir/MiniOzoneClusterImpl-6a91cba8-de09-4772-a400-dcfdecb732a8/datanode-0/data/ratis] (custom)
2019-06-18 09:16:05,903 INFO  server.XceiverServerGrpc (XceiverServerGrpc.java:<init>(97)) - Found a free port for the server : 38167
2019-06-18 09:16:05,936 INFO  replication.SimpleContainerDownloader (SimpleContainerDownloader.java:<init>(72)) - Starting container downloader service to copy containers to replicate.
2019-06-18 09:16:05,950 INFO  hdfs.DFSUtil (DFSUtil.java:httpServerTemplateForNNAndJN(1641)) - Starting Web-server for hddsDatanode at: http://0.0.0.0:0
2019-06-18 09:16:05,952 INFO  server.AuthenticationFilter (AuthenticationFilter.java:constructSecretProvider(240)) - Unable to initialize FileSignerSecretProvider, falling back to use random secrets.
2019-06-18 09:16:05,952 WARN  http.HttpRequestLog (HttpRequestLog.java:getRequestLog(97)) - Jetty request log can only be enabled using Log4j
2019-06-18 09:16:05,954 INFO  http.HttpServer2 (HttpServer2.java:addGlobalFilter(975)) - Added global filter 'safety' (class=org.apache.hadoop.http.HttpServer2$QuotingInputFilter)
2019-06-18 09:16:05,955 INFO  http.HttpServer2 (HttpServer2.java:addFilter(948)) - Added filter static_user_filter (class=org.apache.hadoop.http.lib.StaticUserWebFilter$StaticUserFilter) to context hddsDatanode
2019-06-18 09:16:05,955 INFO  http.HttpServer2 (HttpServer2.java:addFilter(958)) - Added filter static_user_filter (class=org.apache.hadoop.http.lib.StaticUserWebFilter$StaticUserFilter) to context logs
2019-06-18 09:16:05,956 INFO  http.HttpServer2 (HttpServer2.java:addFilter(958)) - Added filter static_user_filter (class=org.apache.hadoop.http.lib.StaticUserWebFilter$StaticUserFilter) to context static
2019-06-18 09:16:05,956 INFO  http.HttpServer2 (HttpServer2.java:bindListener(1191)) - Jetty bound to port 42501
2019-06-18 09:16:05,956 INFO  server.Server (Server.java:doStart(351)) - jetty-9.3.24.v20180605, build timestamp: 2018-06-05T17:11:56Z, git hash: 84205aa28f11a4f31f2a3b86d1bba2cc8ab69827
2019-06-18 09:16:05,959 INFO  handler.ContextHandler (ContextHandler.java:doStart(781)) - Started o.e.j.s.ServletContextHandler@540a903b{/logs,file:///opt/src/hadoop-ozone/tools/target/log,AVAILABLE}
2019-06-18 09:16:05,960 INFO  handler.ContextHandler (ContextHandler.java:doStart(781)) - Started o.e.j.s.ServletContextHandler@151db587{/static,file:///opt/src/hadoop-hdds/container-service/target/classes/webapps/static,AVAILABLE}
2019-06-18 09:16:05,964 INFO  handler.ContextHandler (ContextHandler.java:doStart(781)) - Started o.e.j.w.WebAppContext@56d93692{/,file:///opt/src/hadoop-hdds/container-service/target/classes/webapps/hddsDatanode/,AVAILABLE}{/hddsDatanode}
2019-06-18 09:16:05,965 INFO  server.AbstractConnector (AbstractConnector.java:doStart(278)) - Started ServerConnector@1686f0b4{HTTP/1.1,[http/1.1]}{0.0.0.0:42501}
2019-06-18 09:16:05,966 INFO  server.Server (Server.java:doStart(419)) - Started @4956ms
2019-06-18 09:16:05,967 INFO  server.BaseHttpServer (BaseHttpServer.java:updateConnectorAddress(207)) - HTTP server of HDDSDATANODE is listening at http://0.0.0.0:42501
2019-06-18 09:16:07,306 INFO  ozone.HddsDatanodeService (HddsDatanodeService.java:startPlugins(396)) - Started plug-in org.apache.hadoop.ozone.web.OzoneHddsDatanodeService@51ab1ee3
2019-06-18 09:16:07,307 INFO  impl.MetricsSystemImpl (MetricsSystemImpl.java:init(158)) - HddsDatanode metrics system started (again)
2019-06-18 09:16:07,308 INFO  ozone.HddsDatanodeService (HddsDatanodeService.java:start(185)) - HddsDatanodeService host:ozone-unit-076618677d396fw8-2484198397 ip:192.168.46.50
2019-06-18 09:16:07,337 INFO  util.JvmPauseMonitor (JvmPauseMonitor.java:run(188)) - Starting JVM pause monitor
2019-06-18 09:16:07,339 INFO  volume.HddsVolume (HddsVolume.java:<init>(176)) - Creating Volume: /opt/src/hadoop-ozone/tools/target/test-dir/MiniOzoneClusterImpl-6a91cba8-de09-4772-a400-dcfdecb732a8/datanode-1/data/containers/hdds of  storage type : DISK and capacity : 104021790720
2019-06-18 09:16:07,340 INFO  volume.VolumeSet (VolumeSet.java:initializeVolumeSet(170)) - Added Volume : /opt/src/hadoop-ozone/tools/target/test-dir/MiniOzoneClusterImpl-6a91cba8-de09-4772-a400-dcfdecb732a8/datanode-1/data/containers/hdds to VolumeSet
2019-06-18 09:16:07,340 INFO  volume.ThrottledAsyncChecker (ThrottledAsyncChecker.java:schedule(140)) - Scheduling a check for org.apache.hadoop.ozone.container.common.volume.HddsVolume@1945113f
2019-06-18 09:16:07,346 INFO  volume.HddsVolumeChecker (HddsVolumeChecker.java:checkAllVolumes(203)) - Scheduled health check for volume org.apache.hadoop.ozone.container.common.volume.HddsVolume@1945113f
2019-06-18 09:16:07,374 INFO  ratis.XceiverServerRatis (XceiverServerRatis.java:newXceiverServerRatis(401)) - Found a free port for the server : 41389
2019-06-18 09:16:07,375 INFO  impl.RaftServerProxy (ConfUtils.java:logGet(43)) - raft.rpc.type = GRPC (default)
2019-06-18 09:16:07,375 INFO  grpc.GrpcConfigKeys$Server (ConfUtils.java:logGet(43)) - raft.grpc.server.port = 41389 (custom)
2019-06-18 09:16:07,376 INFO  server.GrpcService (ConfUtils.java:logGet(43)) - raft.grpc.message.size.max = 33570816 (custom)
2019-06-18 09:16:07,376 INFO  server.RaftServerConfigKeys (ConfUtils.java:logGet(43)) - raft.server.log.appender.buffer.byte-limit = 33554432 (custom)
2019-06-18 09:16:07,376 INFO  server.GrpcService (ConfUtils.java:logGet(43)) - raft.grpc.flow.control.window = 1MB (=1048576) (default)
2019-06-18 09:16:07,376 INFO  server.RaftServerConfigKeys (ConfUtils.java:logGet(43)) - raft.server.rpc.request.timeout = 3000ms (default)
2019-06-18 09:16:07,377 INFO  server.RaftServerConfigKeys (ConfUtils.java:logGet(43)) - raft.server.storage.dir = [/opt/src/hadoop-ozone/tools/target/test-dir/MiniOzoneClusterImpl-6a91cba8-de09-4772-a400-dcfdecb732a8/datanode-1/data/ratis] (custom)
2019-06-18 09:16:07,378 INFO  server.XceiverServerGrpc (XceiverServerGrpc.java:<init>(97)) - Found a free port for the server : 36493
2019-06-18 09:16:07,378 INFO  replication.SimpleContainerDownloader (SimpleContainerDownloader.java:<init>(72)) - Starting container downloader service to copy containers to replicate.
2019-06-18 09:16:07,380 INFO  hdfs.DFSUtil (DFSUtil.java:httpServerTemplateForNNAndJN(1641)) - Starting Web-server for hddsDatanode at: http://0.0.0.0:0
2019-06-18 09:16:07,382 INFO  server.AuthenticationFilter (AuthenticationFilter.java:constructSecretProvider(240)) - Unable to initialize FileSignerSecretProvider, falling back to use random secrets.
2019-06-18 09:16:07,387 WARN  http.HttpRequestLog (HttpRequestLog.java:getRequestLog(97)) - Jetty request log can only be enabled using Log4j
2019-06-18 09:16:07,398 INFO  http.HttpServer2 (HttpServer2.java:addGlobalFilter(975)) - Added global filter 'safety' (class=org.apache.hadoop.http.HttpServer2$QuotingInputFilter)
2019-06-18 09:16:07,399 INFO  http.HttpServer2 (HttpServer2.java:addFilter(948)) - Added filter static_user_filter (class=org.apache.hadoop.http.lib.StaticUserWebFilter$StaticUserFilter) to context hddsDatanode
2019-06-18 09:16:07,399 INFO  http.HttpServer2 (HttpServer2.java:addFilter(958)) - Added filter static_user_filter (class=org.apache.hadoop.http.lib.StaticUserWebFilter$StaticUserFilter) to context logs
2019-06-18 09:16:07,399 INFO  http.HttpServer2 (HttpServer2.java:addFilter(958)) - Added filter static_user_filter (class=org.apache.hadoop.http.lib.StaticUserWebFilter$StaticUserFilter) to context static
2019-06-18 09:16:07,401 INFO  http.HttpServer2 (HttpServer2.java:bindListener(1191)) - Jetty bound to port 34035
2019-06-18 09:16:07,401 INFO  server.Server (Server.java:doStart(351)) - jetty-9.3.24.v20180605, build timestamp: 2018-06-05T17:11:56Z, git hash: 84205aa28f11a4f31f2a3b86d1bba2cc8ab69827
2019-06-18 09:16:07,406 INFO  handler.ContextHandler (ContextHandler.java:doStart(781)) - Started o.e.j.s.ServletContextHandler@6ba060f3{/logs,file:///opt/src/hadoop-ozone/tools/target/log,AVAILABLE}
2019-06-18 09:16:07,408 INFO  handler.ContextHandler (ContextHandler.java:doStart(781)) - Started o.e.j.s.ServletContextHandler@77bc2e16{/static,file:///opt/src/hadoop-hdds/container-service/target/classes/webapps/static,AVAILABLE}
2019-06-18 09:16:07,415 INFO  handler.ContextHandler (ContextHandler.java:doStart(781)) - Started o.e.j.w.WebAppContext@41b13f3d{/,file:///opt/src/hadoop-hdds/container-service/target/classes/webapps/hddsDatanode/,AVAILABLE}{/hddsDatanode}
2019-06-18 09:16:07,416 INFO  server.AbstractConnector (AbstractConnector.java:doStart(278)) - Started ServerConnector@7c0777b5{HTTP/1.1,[http/1.1]}{0.0.0.0:34035}
2019-06-18 09:16:07,423 INFO  server.Server (Server.java:doStart(419)) - Started @6413ms
2019-06-18 09:16:07,424 INFO  server.BaseHttpServer (BaseHttpServer.java:updateConnectorAddress(207)) - HTTP server of HDDSDATANODE is listening at http://0.0.0.0:34035
2019-06-18 09:16:07,512 INFO  datanode.InitDatanodeState (InitDatanodeState.java:persistContainerDatanodeDetails(140)) - DatanodeDetails is persisted to /opt/src/hadoop-ozone/tools/target/test-dir/MiniOzoneClusterImpl-6a91cba8-de09-4772-a400-dcfdecb732a8/datanode-0/meta/datanode.id
2019-06-18 09:16:07,625 INFO  ozone.HddsDatanodeService (HddsDatanodeService.java:startPlugins(396)) - Started plug-in org.apache.hadoop.ozone.web.OzoneHddsDatanodeService@79d82f66
2019-06-18 09:16:07,626 INFO  impl.MetricsSystemImpl (MetricsSystemImpl.java:init(158)) - HddsDatanode metrics system started (again)
2019-06-18 09:16:07,627 INFO  ozone.HddsDatanodeService (HddsDatanodeService.java:start(185)) - HddsDatanodeService host:ozone-unit-076618677d396fw8-2484198397 ip:192.168.46.50
2019-06-18 09:16:07,633 INFO  util.JvmPauseMonitor (JvmPauseMonitor.java:run(188)) - Starting JVM pause monitor
2019-06-18 09:16:07,640 INFO  datanode.InitDatanodeState (InitDatanodeState.java:persistContainerDatanodeDetails(140)) - DatanodeDetails is persisted to /opt/src/hadoop-ozone/tools/target/test-dir/MiniOzoneClusterImpl-6a91cba8-de09-4772-a400-dcfdecb732a8/datanode-1/meta/datanode.id
2019-06-18 09:16:07,647 INFO  volume.HddsVolume (HddsVolume.java:<init>(176)) - Creating Volume: /opt/src/hadoop-ozone/tools/target/test-dir/MiniOzoneClusterImpl-6a91cba8-de09-4772-a400-dcfdecb732a8/datanode-2/data/containers/hdds of  storage type : DISK and capacity : 104021790720
2019-06-18 09:16:07,647 INFO  volume.VolumeSet (VolumeSet.java:initializeVolumeSet(170)) - Added Volume : /opt/src/hadoop-ozone/tools/target/test-dir/MiniOzoneClusterImpl-6a91cba8-de09-4772-a400-dcfdecb732a8/datanode-2/data/containers/hdds to VolumeSet
2019-06-18 09:16:07,647 INFO  volume.ThrottledAsyncChecker (ThrottledAsyncChecker.java:schedule(140)) - Scheduling a check for org.apache.hadoop.ozone.container.common.volume.HddsVolume@bfec2f9
2019-06-18 09:16:07,654 INFO  volume.HddsVolumeChecker (HddsVolumeChecker.java:checkAllVolumes(203)) - Scheduled health check for volume org.apache.hadoop.ozone.container.common.volume.HddsVolume@bfec2f9
2019-06-18 09:16:07,678 INFO  ratis.XceiverServerRatis (XceiverServerRatis.java:newXceiverServerRatis(401)) - Found a free port for the server : 35879
2019-06-18 09:16:07,682 INFO  impl.RaftServerProxy (ConfUtils.java:logGet(43)) - raft.rpc.type = GRPC (default)
2019-06-18 09:16:07,683 INFO  grpc.GrpcConfigKeys$Server (ConfUtils.java:logGet(43)) - raft.grpc.server.port = 35879 (custom)
2019-06-18 09:16:07,683 INFO  server.GrpcService (ConfUtils.java:logGet(43)) - raft.grpc.message.size.max = 33570816 (custom)
2019-06-18 09:16:07,683 INFO  server.RaftServerConfigKeys (ConfUtils.java:logGet(43)) - raft.server.log.appender.buffer.byte-limit = 33554432 (custom)
2019-06-18 09:16:07,684 INFO  server.GrpcService (ConfUtils.java:logGet(43)) - raft.grpc.flow.control.window = 1MB (=1048576) (default)
2019-06-18 09:16:07,685 INFO  server.RaftServerConfigKeys (ConfUtils.java:logGet(43)) - raft.server.rpc.request.timeout = 3000ms (default)
2019-06-18 09:16:07,686 INFO  server.RaftServerConfigKeys (ConfUtils.java:logGet(43)) - raft.server.storage.dir = [/opt/src/hadoop-ozone/tools/target/test-dir/MiniOzoneClusterImpl-6a91cba8-de09-4772-a400-dcfdecb732a8/datanode-2/data/ratis] (custom)
2019-06-18 09:16:07,686 INFO  server.XceiverServerGrpc (XceiverServerGrpc.java:<init>(97)) - Found a free port for the server : 40119
2019-06-18 09:16:07,688 INFO  replication.SimpleContainerDownloader (SimpleContainerDownloader.java:<init>(72)) - Starting container downloader service to copy containers to replicate.
2019-06-18 09:16:07,689 INFO  hdfs.DFSUtil (DFSUtil.java:httpServerTemplateForNNAndJN(1641)) - Starting Web-server for hddsDatanode at: http://0.0.0.0:0
2019-06-18 09:16:07,691 INFO  server.AuthenticationFilter (AuthenticationFilter.java:constructSecretProvider(240)) - Unable to initialize FileSignerSecretProvider, falling back to use random secrets.
2019-06-18 09:16:07,691 WARN  http.HttpRequestLog (HttpRequestLog.java:getRequestLog(97)) - Jetty request log can only be enabled using Log4j
2019-06-18 09:16:07,694 INFO  http.HttpServer2 (HttpServer2.java:addGlobalFilter(975)) - Added global filter 'safety' (class=org.apache.hadoop.http.HttpServer2$QuotingInputFilter)
2019-06-18 09:16:07,695 INFO  http.HttpServer2 (HttpServer2.java:addFilter(948)) - Added filter static_user_filter (class=org.apache.hadoop.http.lib.StaticUserWebFilter$StaticUserFilter) to context hddsDatanode
2019-06-18 09:16:07,695 INFO  http.HttpServer2 (HttpServer2.java:addFilter(958)) - Added filter static_user_filter (class=org.apache.hadoop.http.lib.StaticUserWebFilter$StaticUserFilter) to context logs
2019-06-18 09:16:07,695 INFO  http.HttpServer2 (HttpServer2.java:addFilter(958)) - Added filter static_user_filter (class=org.apache.hadoop.http.lib.StaticUserWebFilter$StaticUserFilter) to context static
2019-06-18 09:16:07,696 INFO  http.HttpServer2 (HttpServer2.java:bindListener(1191)) - Jetty bound to port 42721
2019-06-18 09:16:07,696 INFO  server.Server (Server.java:doStart(351)) - jetty-9.3.24.v20180605, build timestamp: 2018-06-05T17:11:56Z, git hash: 84205aa28f11a4f31f2a3b86d1bba2cc8ab69827
2019-06-18 09:16:07,710 INFO  handler.ContextHandler (ContextHandler.java:doStart(781)) - Started o.e.j.s.ServletContextHandler@10c47c79{/logs,file:///opt/src/hadoop-ozone/tools/target/log,AVAILABLE}
2019-06-18 09:16:07,711 INFO  handler.ContextHandler (ContextHandler.java:doStart(781)) - Started o.e.j.s.ServletContextHandler@753fd7a1{/static,file:///opt/src/hadoop-hdds/container-service/target/classes/webapps/static,AVAILABLE}
2019-06-18 09:16:07,716 INFO  handler.ContextHandler (ContextHandler.java:doStart(781)) - Started o.e.j.w.WebAppContext@6ef60295{/,file:///opt/src/hadoop-hdds/container-service/target/classes/webapps/hddsDatanode/,AVAILABLE}{/hddsDatanode}
2019-06-18 09:16:07,718 INFO  server.AbstractConnector (AbstractConnector.java:doStart(278)) - Started ServerConnector@468c558f{HTTP/1.1,[http/1.1]}{0.0.0.0:42721}
2019-06-18 09:16:07,718 INFO  server.Server (Server.java:doStart(419)) - Started @6708ms
2019-06-18 09:16:07,723 INFO  server.BaseHttpServer (BaseHttpServer.java:updateConnectorAddress(207)) - HTTP server of HDDSDATANODE is listening at http://0.0.0.0:42721
2019-06-18 09:16:07,965 INFO  ozone.HddsDatanodeService (HddsDatanodeService.java:startPlugins(396)) - Started plug-in org.apache.hadoop.ozone.web.OzoneHddsDatanodeService@168b4cb0
2019-06-18 09:16:07,966 INFO  ozone.MiniOzoneClusterImpl (MiniOzoneClusterImpl.java:lambda$waitForClusterToBeReady$0(142)) - Waiting for cluster to be ready. Got 0 of 3 DN Heartbeats.
2019-06-18 09:16:07,983 INFO  util.JvmPauseMonitor (JvmPauseMonitor.java:run(188)) - Starting JVM pause monitor
2019-06-18 09:16:07,985 INFO  datanode.InitDatanodeState (InitDatanodeState.java:persistContainerDatanodeDetails(140)) - DatanodeDetails is persisted to /opt/src/hadoop-ozone/tools/target/test-dir/MiniOzoneClusterImpl-6a91cba8-de09-4772-a400-dcfdecb732a8/datanode-2/meta/datanode.id
2019-06-18 09:16:08,966 INFO  ozone.MiniOzoneClusterImpl (MiniOzoneClusterImpl.java:lambda$waitForClusterToBeReady$0(142)) - Waiting for cluster to be ready. Got 0 of 3 DN Heartbeats.
2019-06-18 09:16:09,383 INFO  ozoneimpl.OzoneContainer (OzoneContainer.java:start(186)) - Attempting to start container services.
2019-06-18 09:16:09,384 INFO  ozoneimpl.OzoneContainer (OzoneContainer.java:startContainerScrub(160)) - Background container scrubber has been disabled by hdds.containerscrub.enabled
2019-06-18 09:16:09,384 INFO  ratis.XceiverServerRatis (XceiverServerRatis.java:start(418)) - Starting XceiverServerRatis 257d68ee-ec95-424d-9fd4-83d5efff9bfc at port 39549
2019-06-18 09:16:09,457 INFO  impl.RaftServerProxy (RaftServerProxy.java:lambda$start$3(299)) - 257d68ee-ec95-424d-9fd4-83d5efff9bfc: start RPC server
2019-06-18 09:16:09,640 INFO  ozoneimpl.OzoneContainer (OzoneContainer.java:start(186)) - Attempting to start container services.
2019-06-18 09:16:09,642 INFO  ozoneimpl.OzoneContainer (OzoneContainer.java:startContainerScrub(160)) - Background container scrubber has been disabled by hdds.containerscrub.enabled
2019-06-18 09:16:09,642 INFO  ratis.XceiverServerRatis (XceiverServerRatis.java:start(418)) - Starting XceiverServerRatis 905349fd-0ddc-4287-bddb-3368864cef2a at port 41389
2019-06-18 09:16:09,653 INFO  server.GrpcService (GrpcService.java:startImpl(148)) - 257d68ee-ec95-424d-9fd4-83d5efff9bfc: GrpcService started, listening on 0.0.0.0/0.0.0.0:39549
2019-06-18 09:16:09,667 INFO  impl.RaftServerProxy (RaftServerProxy.java:lambda$start$3(299)) - 905349fd-0ddc-4287-bddb-3368864cef2a: start RPC server
2019-06-18 09:16:09,668 INFO  server.GrpcService (GrpcService.java:startImpl(148)) - 905349fd-0ddc-4287-bddb-3368864cef2a: GrpcService started, listening on 0.0.0.0/0.0.0.0:41389
2019-06-18 09:16:09,967 INFO  ozone.MiniOzoneClusterImpl (MiniOzoneClusterImpl.java:lambda$waitForClusterToBeReady$0(142)) - Waiting for cluster to be ready. Got 0 of 3 DN Heartbeats.
2019-06-18 09:16:09,988 INFO  ozoneimpl.OzoneContainer (OzoneContainer.java:start(186)) - Attempting to start container services.
2019-06-18 09:16:09,989 INFO  ozoneimpl.OzoneContainer (OzoneContainer.java:startContainerScrub(160)) - Background container scrubber has been disabled by hdds.containerscrub.enabled
2019-06-18 09:16:09,989 INFO  ratis.XceiverServerRatis (XceiverServerRatis.java:start(418)) - Starting XceiverServerRatis 54c91d56-a6b8-4622-a61c-de46d8b81a5e at port 35879
2019-06-18 09:16:10,004 INFO  impl.RaftServerProxy (RaftServerProxy.java:lambda$start$3(299)) - 54c91d56-a6b8-4622-a61c-de46d8b81a5e: start RPC server
2019-06-18 09:16:10,006 INFO  server.GrpcService (GrpcService.java:startImpl(148)) - 54c91d56-a6b8-4622-a61c-de46d8b81a5e: GrpcService started, listening on 0.0.0.0/0.0.0.0:35879
2019-06-18 09:16:10,967 INFO  ozone.MiniOzoneClusterImpl (MiniOzoneClusterImpl.java:lambda$waitForClusterToBeReady$0(142)) - Waiting for cluster to be ready. Got 0 of 3 DN Heartbeats.
2019-06-18 09:16:11,366 INFO  net.NetworkTopology (NetworkTopologyImpl.java:add(109)) - Added a new node: /default-rack/192.168.46.50
2019-06-18 09:16:11,367 INFO  node.SCMNodeManager (SCMNodeManager.java:register(269)) - Registered Data node : 257d68ee-ec95-424d-9fd4-83d5efff9bfc{ip: 192.168.46.50, host: ozone-unit-076618677d396fw8-2484198397, networkLocation: /default-rack, certSerialId: null}
2019-06-18 09:16:11,382 INFO  safemode.SCMSafeModeManager (DataNodeSafeModeRule.java:process(71)) - SCM in safe mode. 1 DataNodes registered, 1 required.
2019-06-18 09:16:11,387 INFO  safemode.SCMSafeModeManager (SCMSafeModeManager.java:validateSafeModeExitRules(177)) - ScmSafeModeManager, all rules are successfully validated
2019-06-18 09:16:11,388 INFO  safemode.SCMSafeModeManager (SCMSafeModeManager.java:exitSafeMode(193)) - SCM exiting safe mode.
2019-06-18 09:16:11,635 INFO  node.SCMNodeManager (SCMNodeManager.java:register(269)) - Registered Data node : 905349fd-0ddc-4287-bddb-3368864cef2a{ip: 192.168.46.50, host: ozone-unit-076618677d396fw8-2484198397, networkLocation: /default-rack, certSerialId: null}
2019-06-18 09:16:11,850 INFO  impl.RaftServerProxy (RaftServerProxy.java:addNew(89)) - 257d68ee-ec95-424d-9fd4-83d5efff9bfc: addNew group-5C171B048703:[257d68ee-ec95-424d-9fd4-83d5efff9bfc:192.168.46.50:39549] returns group-5C171B048703:java.util.concurrent.CompletableFuture@213040de[Not completed]
2019-06-18 09:16:11,860 INFO  impl.RaftServerImpl (RaftServerImpl.java:<init>(91)) - 257d68ee-ec95-424d-9fd4-83d5efff9bfc: new RaftServerImpl for group-5C171B048703:[257d68ee-ec95-424d-9fd4-83d5efff9bfc:192.168.46.50:39549] with ContainerStateMachine:uninitialized
2019-06-18 09:16:11,862 INFO  server.RaftServerConfigKeys (ConfUtils.java:logGet(43)) - raft.server.rpc.timeout.min = 1s (custom)
2019-06-18 09:16:11,863 INFO  server.RaftServerConfigKeys (ConfUtils.java:logGet(43)) - raft.server.rpc.timeout.max = 1200ms (custom)
2019-06-18 09:16:11,863 INFO  server.RaftServerConfigKeys (ConfUtils.java:logGet(43)) - raft.server.rpcslowness.timeout = 120s (custom)
2019-06-18 09:16:11,864 INFO  server.RaftServerConfigKeys (ConfUtils.java:logGet(43)) - raft.server.log.appender.install.snapshot.enabled = true (default)
2019-06-18 09:16:11,871 INFO  impl.RaftServerImpl (ServerState.java:<init>(101)) - 257d68ee-ec95-424d-9fd4-83d5efff9bfc:group-5C171B048703 ConfigurationManager, init=-1: [257d68ee-ec95-424d-9fd4-83d5efff9bfc:192.168.46.50:39549], old=null, confs=<EMPTY_MAP>
2019-06-18 09:16:11,871 INFO  server.RaftServerConfigKeys (ConfUtils.java:logGet(43)) - raft.server.storage.dir = [/opt/src/hadoop-ozone/tools/target/test-dir/MiniOzoneClusterImpl-6a91cba8-de09-4772-a400-dcfdecb732a8/datanode-0/data/ratis] (custom)
2019-06-18 09:16:11,878 INFO  storage.RaftStorageDirectory (RaftStorageDirectory.java:analyzeStorage(246)) - The storage directory /opt/src/hadoop-ozone/tools/target/test-dir/MiniOzoneClusterImpl-6a91cba8-de09-4772-a400-dcfdecb732a8/datanode-0/data/ratis/d14ef7b2-e178-4c75-9404-5c171b048703 does not exist. Creating ...
2019-06-18 09:16:11,885 INFO  storage.RaftStorageDirectory (RaftStorageDirectory.java:tryLock(328)) - Lock on /opt/src/hadoop-ozone/tools/target/test-dir/MiniOzoneClusterImpl-6a91cba8-de09-4772-a400-dcfdecb732a8/datanode-0/data/ratis/d14ef7b2-e178-4c75-9404-5c171b048703/in_use.lock acquired by nodename 23147@ozone-unit-076618677d396fw8-2484198397
2019-06-18 09:16:11,890 INFO  storage.RaftStorage (RaftStorage.java:format(75)) - Storage directory /opt/src/hadoop-ozone/tools/target/test-dir/MiniOzoneClusterImpl-6a91cba8-de09-4772-a400-dcfdecb732a8/datanode-0/data/ratis/d14ef7b2-e178-4c75-9404-5c171b048703 has been successfully formatted.
2019-06-18 09:16:11,891 INFO  ratis.ContainerStateMachine (ContainerStateMachine.java:loadSnapshot(199)) - The snapshot info is null.Setting the last applied index to:(t:0, i:~)
2019-06-18 09:16:11,892 INFO  server.RaftServerConfigKeys (ConfUtils.java:logGet(43)) - raft.server.leader.election.timeout = 120s (custom)
2019-06-18 09:16:11,894 INFO  server.RaftServerConfigKeys (ConfUtils.java:logGet(43)) - raft.server.log.use.memory = false (default)
2019-06-18 09:16:11,896 INFO  server.RaftServerConfigKeys (ConfUtils.java:logGet(43)) - raft.server.log.appender.buffer.byte-limit = 33554432 (custom)
2019-06-18 09:16:11,900 INFO  server.RaftServerConfigKeys (ConfUtils.java:logGet(43)) - raft.server.log.segment.size.max = 16384 (custom)
2019-06-18 09:16:11,905 INFO  server.RaftServerConfigKeys (ConfUtils.java:logGet(43)) - raft.server.log.segment.cache.num.max = 2 (custom)
2019-06-18 09:16:11,909 INFO  storage.RaftLogWorker (RaftLogWorker.java:<init>(123)) - new 257d68ee-ec95-424d-9fd4-83d5efff9bfc-RaftLogWorker for Storage Directory /opt/src/hadoop-ozone/tools/target/test-dir/MiniOzoneClusterImpl-6a91cba8-de09-4772-a400-dcfdecb732a8/datanode-0/data/ratis/d14ef7b2-e178-4c75-9404-5c171b048703
2019-06-18 09:16:11,909 INFO  server.RaftServerConfigKeys (ConfUtils.java:logGet(43)) - raft.server.log.queue.byte-limit = 2147483647 (custom)
2019-06-18 09:16:11,910 INFO  server.RaftServerConfigKeys (ConfUtils.java:logGet(43)) - raft.server.log.queue.element-limit = 1024 (custom)
2019-06-18 09:16:11,912 INFO  server.RaftServerConfigKeys (ConfUtils.java:logGet(43)) - raft.server.log.segment.size.max = 16384 (custom)
2019-06-18 09:16:11,912 INFO  server.RaftServerConfigKeys (ConfUtils.java:logGet(43)) - raft.server.log.preallocated.size = 16384 (custom)
2019-06-18 09:16:11,913 INFO  server.RaftServerConfigKeys (ConfUtils.java:logGet(43)) - raft.server.log.write.buffer.size = 33554432 (custom)
2019-06-18 09:16:11,913 INFO  server.RaftServerConfigKeys (ConfUtils.java:logGet(43)) - raft.server.log.force.sync.num = 128 (default)
2019-06-18 09:16:11,915 INFO  server.RaftServerConfigKeys (ConfUtils.java:logGet(43)) - raft.server.log.statemachine.data.sync = true (default)
2019-06-18 09:16:11,915 INFO  server.RaftServerConfigKeys (ConfUtils.java:logGet(43)) - raft.server.log.statemachine.data.sync.timeout = 10s (default)
2019-06-18 09:16:11,915 INFO  server.RaftServerConfigKeys (ConfUtils.java:logGet(43)) - raft.server.log.statemachine.data.sync.timeout.retry = -1 (default)
2019-06-18 09:16:11,919 INFO  server.RaftServerConfigKeys (ConfUtils.java:logGet(43)) - raft.server.log.statemachine.data.caching.enabled = true (custom)
2019-06-18 09:16:11,925 INFO  server.RaftServerConfigKeys (ConfUtils.java:logGet(43)) - raft.server.snapshot.auto.trigger.enabled = true (custom)
2019-06-18 09:16:11,926 INFO  server.RaftServerConfigKeys (ConfUtils.java:logGet(43)) - raft.server.snapshot.auto.trigger.threshold = 10000 (custom)
2019-06-18 09:16:11,926 INFO  server.RaftServerConfigKeys (ConfUtils.java:logGet(43)) - raft.server.retrycache.expirytime = 600000ms (custom)
2019-06-18 09:16:11,948 INFO  impl.RaftServerImpl (RaftServerImpl.java:start(173)) - 257d68ee-ec95-424d-9fd4-83d5efff9bfc: start group-5C171B048703
2019-06-18 09:16:11,954 INFO  impl.RaftServerImpl (RaftServerImpl.java:setRole(164)) - 257d68ee-ec95-424d-9fd4-83d5efff9bfc:group-5C171B048703 changes role from null to FOLLOWER at term 0 for startAsFollower
2019-06-18 09:16:11,955 INFO  impl.RoleInfo (RoleInfo.java:updateAndGet(143)) - 257d68ee-ec95-424d-9fd4-83d5efff9bfc: start FollowerState
2019-06-18 09:16:11,956 INFO  util.JmxRegister (JmxRegister.java:tryRegister(44)) - Successfully registered JMX Bean with object name Ratis:service=RaftServer,group=group-5C171B048703,id=257d68ee-ec95-424d-9fd4-83d5efff9bfc
2019-06-18 09:16:11,968 INFO  ozone.MiniOzoneClusterImpl (MiniOzoneClusterImpl.java:lambda$waitForClusterToBeReady$0(142)) - Waiting for cluster to be ready. Got 2 of 3 DN Heartbeats.
2019-06-18 09:16:11,988 INFO  node.SCMNodeManager (SCMNodeManager.java:register(269)) - Registered Data node : 54c91d56-a6b8-4622-a61c-de46d8b81a5e{ip: 192.168.46.50, host: ozone-unit-076618677d396fw8-2484198397, networkLocation: /default-rack, certSerialId: null}
2019-06-18 09:16:12,217 INFO  pipeline.PipelineStateManager (PipelineStateManager.java:addPipeline(56)) - Created pipeline Pipeline[ Id: d14ef7b2-e178-4c75-9404-5c171b048703, Nodes: 257d68ee-ec95-424d-9fd4-83d5efff9bfc{ip: 192.168.46.50, host: ozone-unit-076618677d396fw8-2484198397, networkLocation: /default-rack, certSerialId: null}, Type:RATIS, Factor:ONE, State:OPEN]
2019-06-18 09:16:12,247 INFO  impl.RaftServerProxy (RaftServerProxy.java:addNew(89)) - 905349fd-0ddc-4287-bddb-3368864cef2a: addNew group-47039B08ABF2:[905349fd-0ddc-4287-bddb-3368864cef2a:192.168.46.50:41389] returns group-47039B08ABF2:java.util.concurrent.CompletableFuture@2ec9adc6[Not completed]
2019-06-18 09:16:12,280 INFO  impl.RaftServerImpl (RaftServerImpl.java:<init>(91)) - 905349fd-0ddc-4287-bddb-3368864cef2a: new RaftServerImpl for group-47039B08ABF2:[905349fd-0ddc-4287-bddb-3368864cef2a:192.168.46.50:41389] with ContainerStateMachine:uninitialized
2019-06-18 09:16:12,282 INFO  server.RaftServerConfigKeys (ConfUtils.java:logGet(43)) - raft.server.rpc.timeout.min = 1s (custom)
2019-06-18 09:16:12,282 INFO  server.RaftServerConfigKeys (ConfUtils.java:logGet(43)) - raft.server.rpc.timeout.max = 1200ms (custom)
2019-06-18 09:16:12,282 INFO  server.RaftServerConfigKeys (ConfUtils.java:logGet(43)) - raft.server.rpcslowness.timeout = 120s (custom)
2019-06-18 09:16:12,282 INFO  server.RaftServerConfigKeys (ConfUtils.java:logGet(43)) - raft.server.log.appender.install.snapshot.enabled = true (default)
2019-06-18 09:16:12,282 INFO  impl.RaftServerImpl (ServerState.java:<init>(101)) - 905349fd-0ddc-4287-bddb-3368864cef2a:group-47039B08ABF2 ConfigurationManager, init=-1: [905349fd-0ddc-4287-bddb-3368864cef2a:192.168.46.50:41389], old=null, confs=<EMPTY_MAP>
2019-06-18 09:16:12,283 INFO  server.RaftServerConfigKeys (ConfUtils.java:logGet(43)) - raft.server.storage.dir = [/opt/src/hadoop-ozone/tools/target/test-dir/MiniOzoneClusterImpl-6a91cba8-de09-4772-a400-dcfdecb732a8/datanode-1/data/ratis] (custom)
2019-06-18 09:16:12,283 INFO  storage.RaftStorageDirectory (RaftStorageDirectory.java:analyzeStorage(246)) - The storage directory /opt/src/hadoop-ozone/tools/target/test-dir/MiniOzoneClusterImpl-6a91cba8-de09-4772-a400-dcfdecb732a8/datanode-1/data/ratis/176de537-e057-4bfb-b349-47039b08abf2 does not exist. Creating ...
2019-06-18 09:16:12,288 INFO  storage.RaftStorageDirectory (RaftStorageDirectory.java:tryLock(328)) - Lock on /opt/src/hadoop-ozone/tools/target/test-dir/MiniOzoneClusterImpl-6a91cba8-de09-4772-a400-dcfdecb732a8/datanode-1/data/ratis/176de537-e057-4bfb-b349-47039b08abf2/in_use.lock acquired by nodename 23147@ozone-unit-076618677d396fw8-2484198397
2019-06-18 09:16:12,290 INFO  storage.RaftStorage (RaftStorage.java:format(75)) - Storage directory /opt/src/hadoop-ozone/tools/target/test-dir/MiniOzoneClusterImpl-6a91cba8-de09-4772-a400-dcfdecb732a8/datanode-1/data/ratis/176de537-e057-4bfb-b349-47039b08abf2 has been successfully formatted.
2019-06-18 09:16:12,291 INFO  ratis.ContainerStateMachine (ContainerStateMachine.java:loadSnapshot(199)) - The snapshot info is null.Setting the last applied index to:(t:0, i:~)
2019-06-18 09:16:12,292 INFO  server.RaftServerConfigKeys (ConfUtils.java:logGet(43)) - raft.server.leader.election.timeout = 120s (custom)
2019-06-18 09:16:12,292 INFO  server.RaftServerConfigKeys (ConfUtils.java:logGet(43)) - raft.server.log.use.memory = false (default)
2019-06-18 09:16:12,292 INFO  server.RaftServerConfigKeys (ConfUtils.java:logGet(43)) - raft.server.log.appender.buffer.byte-limit = 33554432 (custom)
2019-06-18 09:16:12,292 INFO  server.RaftServerConfigKeys (ConfUtils.java:logGet(43)) - raft.server.log.segment.size.max = 16384 (custom)
2019-06-18 09:16:12,293 INFO  server.RaftServerConfigKeys (ConfUtils.java:logGet(43)) - raft.server.log.segment.cache.num.max = 2 (custom)
2019-06-18 09:16:12,293 INFO  storage.RaftLogWorker (RaftLogWorker.java:<init>(123)) - new 905349fd-0ddc-4287-bddb-3368864cef2a-RaftLogWorker for Storage Directory /opt/src/hadoop-ozone/tools/target/test-dir/MiniOzoneClusterImpl-6a91cba8-de09-4772-a400-dcfdecb732a8/datanode-1/data/ratis/176de537-e057-4bfb-b349-47039b08abf2
2019-06-18 09:16:12,294 INFO  server.RaftServerConfigKeys (ConfUtils.java:logGet(43)) - raft.server.log.queue.byte-limit = 2147483647 (custom)
2019-06-18 09:16:12,294 INFO  server.RaftServerConfigKeys (ConfUtils.java:logGet(43)) - raft.server.log.queue.element-limit = 1024 (custom)
2019-06-18 09:16:12,294 INFO  server.RaftServerConfigKeys (ConfUtils.java:logGet(43)) - raft.server.log.segment.size.max = 16384 (custom)
2019-06-18 09:16:12,294 INFO  server.RaftServerConfigKeys (ConfUtils.java:logGet(43)) - raft.server.log.preallocated.size = 16384 (custom)
2019-06-18 09:16:12,294 INFO  server.RaftServerConfigKeys (ConfUtils.java:logGet(43)) - raft.server.log.write.buffer.size = 33554432 (custom)
2019-06-18 09:16:12,294 INFO  server.RaftServerConfigKeys (ConfUtils.java:logGet(43)) - raft.server.log.force.sync.num = 128 (default)
2019-06-18 09:16:12,294 INFO  server.RaftServerConfigKeys (ConfUtils.java:logGet(43)) - raft.server.log.statemachine.data.sync = true (default)
2019-06-18 09:16:12,295 INFO  server.RaftServerConfigKeys (ConfUtils.java:logGet(43)) - raft.server.log.statemachine.data.sync.timeout = 10s (default)
2019-06-18 09:16:12,295 INFO  server.RaftServerConfigKeys (ConfUtils.java:logGet(43)) - raft.server.log.statemachine.data.sync.timeout.retry = -1 (default)
2019-06-18 09:16:12,295 INFO  server.RaftServerConfigKeys (ConfUtils.java:logGet(43)) - raft.server.log.statemachine.data.caching.enabled = true (custom)
2019-06-18 09:16:12,295 INFO  server.RaftServerConfigKeys (ConfUtils.java:logGet(43)) - raft.server.snapshot.auto.trigger.enabled = true (custom)
2019-06-18 09:16:12,295 INFO  server.RaftServerConfigKeys (ConfUtils.java:logGet(43)) - raft.server.snapshot.auto.trigger.threshold = 10000 (custom)
2019-06-18 09:16:12,296 INFO  server.RaftServerConfigKeys (ConfUtils.java:logGet(43)) - raft.server.retrycache.expirytime = 600000ms (custom)
2019-06-18 09:16:12,296 INFO  impl.RaftServerImpl (RaftServerImpl.java:start(173)) - 905349fd-0ddc-4287-bddb-3368864cef2a: start group-47039B08ABF2
2019-06-18 09:16:12,296 INFO  impl.RaftServerImpl (RaftServerImpl.java:setRole(164)) - 905349fd-0ddc-4287-bddb-3368864cef2a:group-47039B08ABF2 changes role from null to FOLLOWER at term 0 for startAsFollower
2019-06-18 09:16:12,296 INFO  impl.RoleInfo (RoleInfo.java:updateAndGet(143)) - 905349fd-0ddc-4287-bddb-3368864cef2a: start FollowerState
2019-06-18 09:16:12,297 INFO  util.JmxRegister (JmxRegister.java:tryRegister(44)) - Successfully registered JMX Bean with object name Ratis:service=RaftServer,group=group-47039B08ABF2,id=905349fd-0ddc-4287-bddb-3368864cef2a
2019-06-18 09:16:12,313 INFO  pipeline.PipelineStateManager (PipelineStateManager.java:addPipeline(56)) - Created pipeline Pipeline[ Id: 176de537-e057-4bfb-b349-47039b08abf2, Nodes: 905349fd-0ddc-4287-bddb-3368864cef2a{ip: 192.168.46.50, host: ozone-unit-076618677d396fw8-2484198397, networkLocation: /default-rack, certSerialId: null}, Type:RATIS, Factor:ONE, State:OPEN]
2019-06-18 09:16:12,346 INFO  impl.RaftServerProxy (RaftServerProxy.java:addNew(89)) - 54c91d56-a6b8-4622-a61c-de46d8b81a5e: addNew group-B2715A91A5DF:[54c91d56-a6b8-4622-a61c-de46d8b81a5e:192.168.46.50:35879] returns group-B2715A91A5DF:java.util.concurrent.CompletableFuture@1e2fb343[Not completed]
2019-06-18 09:16:12,349 INFO  impl.RaftServerImpl (RaftServerImpl.java:<init>(91)) - 54c91d56-a6b8-4622-a61c-de46d8b81a5e: new RaftServerImpl for group-B2715A91A5DF:[54c91d56-a6b8-4622-a61c-de46d8b81a5e:192.168.46.50:35879] with ContainerStateMachine:uninitialized
2019-06-18 09:16:12,350 INFO  server.RaftServerConfigKeys (ConfUtils.java:logGet(43)) - raft.server.rpc.timeout.min = 1s (custom)
2019-06-18 09:16:12,350 INFO  server.RaftServerConfigKeys (ConfUtils.java:logGet(43)) - raft.server.rpc.timeout.max = 1200ms (custom)
2019-06-18 09:16:12,350 INFO  server.RaftServerConfigKeys (ConfUtils.java:logGet(43)) - raft.server.rpcslowness.timeout = 120s (custom)
2019-06-18 09:16:12,351 INFO  server.RaftServerConfigKeys (ConfUtils.java:logGet(43)) - raft.server.log.appender.install.snapshot.enabled = true (default)
2019-06-18 09:16:12,351 INFO  impl.RaftServerImpl (ServerState.java:<init>(101)) - 54c91d56-a6b8-4622-a61c-de46d8b81a5e:group-B2715A91A5DF ConfigurationManager, init=-1: [54c91d56-a6b8-4622-a61c-de46d8b81a5e:192.168.46.50:35879], old=null, confs=<EMPTY_MAP>
2019-06-18 09:16:12,351 INFO  server.RaftServerConfigKeys (ConfUtils.java:logGet(43)) - raft.server.storage.dir = [/opt/src/hadoop-ozone/tools/target/test-dir/MiniOzoneClusterImpl-6a91cba8-de09-4772-a400-dcfdecb732a8/datanode-2/data/ratis] (custom)
2019-06-18 09:16:12,351 INFO  storage.RaftStorageDirectory (RaftStorageDirectory.java:analyzeStorage(246)) - The storage directory /opt/src/hadoop-ozone/tools/target/test-dir/MiniOzoneClusterImpl-6a91cba8-de09-4772-a400-dcfdecb732a8/datanode-2/data/ratis/d12afe3e-0b1c-4a4f-8770-b2715a91a5df does not exist. Creating ...
2019-06-18 09:16:12,354 INFO  storage.RaftStorageDirectory (RaftStorageDirectory.java:tryLock(328)) - Lock on /opt/src/hadoop-ozone/tools/target/test-dir/MiniOzoneClusterImpl-6a91cba8-de09-4772-a400-dcfdecb732a8/datanode-2/data/ratis/d12afe3e-0b1c-4a4f-8770-b2715a91a5df/in_use.lock acquired by nodename 23147@ozone-unit-076618677d396fw8-2484198397
2019-06-18 09:16:12,356 INFO  storage.RaftStorage (RaftStorage.java:format(75)) - Storage directory /opt/src/hadoop-ozone/tools/target/test-dir/MiniOzoneClusterImpl-6a91cba8-de09-4772-a400-dcfdecb732a8/datanode-2/data/ratis/d12afe3e-0b1c-4a4f-8770-b2715a91a5df has been successfully formatted.
2019-06-18 09:16:12,356 INFO  ratis.ContainerStateMachine (ContainerStateMachine.java:loadSnapshot(199)) - The snapshot info is null.Setting the last applied index to:(t:0, i:~)
2019-06-18 09:16:12,356 INFO  server.RaftServerConfigKeys (ConfUtils.java:logGet(43)) - raft.server.leader.election.timeout = 120s (custom)
2019-06-18 09:16:12,356 INFO  server.RaftServerConfigKeys (ConfUtils.java:logGet(43)) - raft.server.log.use.memory = false (default)
2019-06-18 09:16:12,357 INFO  server.RaftServerConfigKeys (ConfUtils.java:logGet(43)) - raft.server.log.appender.buffer.byte-limit = 33554432 (custom)
2019-06-18 09:16:12,357 INFO  server.RaftServerConfigKeys (ConfUtils.java:logGet(43)) - raft.server.log.segment.size.max = 16384 (custom)
2019-06-18 09:16:12,357 INFO  server.RaftServerConfigKeys (ConfUtils.java:logGet(43)) - raft.server.log.segment.cache.num.max = 2 (custom)
2019-06-18 09:16:12,357 INFO  storage.RaftLogWorker (RaftLogWorker.java:<init>(123)) - new 54c91d56-a6b8-4622-a61c-de46d8b81a5e-RaftLogWorker for Storage Directory /opt/src/hadoop-ozone/tools/target/test-dir/MiniOzoneClusterImpl-6a91cba8-de09-4772-a400-dcfdecb732a8/datanode-2/data/ratis/d12afe3e-0b1c-4a4f-8770-b2715a91a5df
2019-06-18 09:16:12,357 INFO  server.RaftServerConfigKeys (ConfUtils.java:logGet(43)) - raft.server.log.queue.byte-limit = 2147483647 (custom)
2019-06-18 09:16:12,357 INFO  server.RaftServerConfigKeys (ConfUtils.java:logGet(43)) - raft.server.log.queue.element-limit = 1024 (custom)
2019-06-18 09:16:12,357 INFO  server.RaftServerConfigKeys (ConfUtils.java:logGet(43)) - raft.server.log.segment.size.max = 16384 (custom)
2019-06-18 09:16:12,357 INFO  server.RaftServerConfigKeys (ConfUtils.java:logGet(43)) - raft.server.log.preallocated.size = 16384 (custom)
2019-06-18 09:16:12,357 INFO  server.RaftServerConfigKeys (ConfUtils.java:logGet(43)) - raft.server.log.write.buffer.size = 33554432 (custom)
2019-06-18 09:16:12,358 INFO  server.RaftServerConfigKeys (ConfUtils.java:logGet(43)) - raft.server.log.force.sync.num = 128 (default)
2019-06-18 09:16:12,358 INFO  server.RaftServerConfigKeys (ConfUtils.java:logGet(43)) - raft.server.log.statemachine.data.sync = true (default)
2019-06-18 09:16:12,358 INFO  server.RaftServerConfigKeys (ConfUtils.java:logGet(43)) - raft.server.log.statemachine.data.sync.timeout = 10s (default)
2019-06-18 09:16:12,358 INFO  server.RaftServerConfigKeys (ConfUtils.java:logGet(43)) - raft.server.log.statemachine.data.sync.timeout.retry = -1 (default)
2019-06-18 09:16:12,358 INFO  server.RaftServerConfigKeys (ConfUtils.java:logGet(43)) - raft.server.log.statemachine.data.caching.enabled = true (custom)
2019-06-18 09:16:12,358 INFO  server.RaftServerConfigKeys (ConfUtils.java:logGet(43)) - raft.server.snapshot.auto.trigger.enabled = true (custom)
2019-06-18 09:16:12,359 INFO  server.RaftServerConfigKeys (ConfUtils.java:logGet(43)) - raft.server.snapshot.auto.trigger.threshold = 10000 (custom)
2019-06-18 09:16:12,359 INFO  server.RaftServerConfigKeys (ConfUtils.java:logGet(43)) - raft.server.retrycache.expirytime = 600000ms (custom)
2019-06-18 09:16:12,359 INFO  impl.RaftServerImpl (RaftServerImpl.java:start(173)) - 54c91d56-a6b8-4622-a61c-de46d8b81a5e: start group-B2715A91A5DF
2019-06-18 09:16:12,359 INFO  impl.RaftServerImpl (RaftServerImpl.java:setRole(164)) - 54c91d56-a6b8-4622-a61c-de46d8b81a5e:group-B2715A91A5DF changes role from null to FOLLOWER at term 0 for startAsFollower
2019-06-18 09:16:12,359 INFO  impl.RoleInfo (RoleInfo.java:updateAndGet(143)) - 54c91d56-a6b8-4622-a61c-de46d8b81a5e: start FollowerState
2019-06-18 09:16:12,360 INFO  util.JmxRegister (JmxRegister.java:tryRegister(44)) - Successfully registered JMX Bean with object name Ratis:service=RaftServer,group=group-B2715A91A5DF,id=54c91d56-a6b8-4622-a61c-de46d8b81a5e
2019-06-18 09:16:12,374 INFO  pipeline.PipelineStateManager (PipelineStateManager.java:addPipeline(56)) - Created pipeline Pipeline[ Id: d12afe3e-0b1c-4a4f-8770-b2715a91a5df, Nodes: 54c91d56-a6b8-4622-a61c-de46d8b81a5e{ip: 192.168.46.50, host: ozone-unit-076618677d396fw8-2484198397, networkLocation: /default-rack, certSerialId: null}, Type:RATIS, Factor:ONE, State:OPEN]
2019-06-18 09:16:12,398 INFO  impl.RaftServerProxy (RaftServerProxy.java:addNew(89)) - 257d68ee-ec95-424d-9fd4-83d5efff9bfc: addNew group-8F4576DA50B3:[905349fd-0ddc-4287-bddb-3368864cef2a:192.168.46.50:41389, 54c91d56-a6b8-4622-a61c-de46d8b81a5e:192.168.46.50:35879, 257d68ee-ec95-424d-9fd4-83d5efff9bfc:192.168.46.50:39549] returns group-8F4576DA50B3:java.util.concurrent.CompletableFuture@6fc83a38[Not completed]
2019-06-18 09:16:12,399 INFO  impl.RaftServerImpl (RaftServerImpl.java:<init>(91)) - 257d68ee-ec95-424d-9fd4-83d5efff9bfc: new RaftServerImpl for group-8F4576DA50B3:[905349fd-0ddc-4287-bddb-3368864cef2a:192.168.46.50:41389, 54c91d56-a6b8-4622-a61c-de46d8b81a5e:192.168.46.50:35879, 257d68ee-ec95-424d-9fd4-83d5efff9bfc:192.168.46.50:39549] with ContainerStateMachine:uninitialized
2019-06-18 09:16:12,399 INFO  server.RaftServerConfigKeys (ConfUtils.java:logGet(43)) - raft.server.rpc.timeout.min = 1s (custom)
2019-06-18 09:16:12,399 INFO  server.RaftServerConfigKeys (ConfUtils.java:logGet(43)) - raft.server.rpc.timeout.max = 1200ms (custom)
2019-06-18 09:16:12,399 INFO  server.RaftServerConfigKeys (ConfUtils.java:logGet(43)) - raft.server.rpcslowness.timeout = 120s (custom)
2019-06-18 09:16:12,399 INFO  server.RaftServerConfigKeys (ConfUtils.java:logGet(43)) - raft.server.log.appender.install.snapshot.enabled = true (default)
2019-06-18 09:16:12,399 INFO  impl.RaftServerImpl (ServerState.java:<init>(101)) - 257d68ee-ec95-424d-9fd4-83d5efff9bfc:group-8F4576DA50B3 ConfigurationManager, init=-1: [905349fd-0ddc-4287-bddb-3368864cef2a:192.168.46.50:41389, 54c91d56-a6b8-4622-a61c-de46d8b81a5e:192.168.46.50:35879, 257d68ee-ec95-424d-9fd4-83d5efff9bfc:192.168.46.50:39549], old=null, confs=<EMPTY_MAP>
2019-06-18 09:16:12,400 INFO  server.RaftServerConfigKeys (ConfUtils.java:logGet(43)) - raft.server.storage.dir = [/opt/src/hadoop-ozone/tools/target/test-dir/MiniOzoneClusterImpl-6a91cba8-de09-4772-a400-dcfdecb732a8/datanode-0/data/ratis] (custom)
2019-06-18 09:16:12,400 INFO  storage.RaftStorageDirectory (RaftStorageDirectory.java:analyzeStorage(246)) - The storage directory /opt/src/hadoop-ozone/tools/target/test-dir/MiniOzoneClusterImpl-6a91cba8-de09-4772-a400-dcfdecb732a8/datanode-0/data/ratis/7035b781-c68a-406c-82b1-8f4576da50b3 does not exist. Creating ...
2019-06-18 09:16:12,402 INFO  storage.RaftStorageDirectory (RaftStorageDirectory.java:tryLock(328)) - Lock on /opt/src/hadoop-ozone/tools/target/test-dir/MiniOzoneClusterImpl-6a91cba8-de09-4772-a400-dcfdecb732a8/datanode-0/data/ratis/7035b781-c68a-406c-82b1-8f4576da50b3/in_use.lock acquired by nodename 23147@ozone-unit-076618677d396fw8-2484198397
2019-06-18 09:16:12,405 INFO  storage.RaftStorage (RaftStorage.java:format(75)) - Storage directory /opt/src/hadoop-ozone/tools/target/test-dir/MiniOzoneClusterImpl-6a91cba8-de09-4772-a400-dcfdecb732a8/datanode-0/data/ratis/7035b781-c68a-406c-82b1-8f4576da50b3 has been successfully formatted.
2019-06-18 09:16:12,405 INFO  ratis.ContainerStateMachine (ContainerStateMachine.java:loadSnapshot(199)) - The snapshot info is null.Setting the last applied index to:(t:0, i:~)
2019-06-18 09:16:12,405 INFO  server.RaftServerConfigKeys (ConfUtils.java:logGet(43)) - raft.server.leader.election.timeout = 120s (custom)
2019-06-18 09:16:12,405 INFO  server.RaftServerConfigKeys (ConfUtils.java:logGet(43)) - raft.server.log.use.memory = false (default)
2019-06-18 09:16:12,405 INFO  server.RaftServerConfigKeys (ConfUtils.java:logGet(43)) - raft.server.log.appender.buffer.byte-limit = 33554432 (custom)
2019-06-18 09:16:12,406 INFO  server.RaftServerConfigKeys (ConfUtils.java:logGet(43)) - raft.server.log.segment.size.max = 16384 (custom)
2019-06-18 09:16:12,406 INFO  server.RaftServerConfigKeys (ConfUtils.java:logGet(43)) - raft.server.log.segment.cache.num.max = 2 (custom)
2019-06-18 09:16:12,406 INFO  storage.RaftLogWorker (RaftLogWorker.java:<init>(123)) - new 257d68ee-ec95-424d-9fd4-83d5efff9bfc-RaftLogWorker for Storage Directory /opt/src/hadoop-ozone/tools/target/test-dir/MiniOzoneClusterImpl-6a91cba8-de09-4772-a400-dcfdecb732a8/datanode-0/data/ratis/7035b781-c68a-406c-82b1-8f4576da50b3
2019-06-18 09:16:12,406 INFO  server.RaftServerConfigKeys (ConfUtils.java:logGet(43)) - raft.server.log.queue.byte-limit = 2147483647 (custom)
2019-06-18 09:16:12,406 INFO  server.RaftServerConfigKeys (ConfUtils.java:logGet(43)) - raft.server.log.queue.element-limit = 1024 (custom)
2019-06-18 09:16:12,407 INFO  server.RaftServerConfigKeys (ConfUtils.java:logGet(43)) - raft.server.log.segment.size.max = 16384 (custom)
2019-06-18 09:16:12,407 INFO  server.RaftServerConfigKeys (ConfUtils.java:logGet(43)) - raft.server.log.preallocated.size = 16384 (custom)
2019-06-18 09:16:12,407 INFO  server.RaftServerConfigKeys (ConfUtils.java:logGet(43)) - raft.server.log.write.buffer.size = 33554432 (custom)
2019-06-18 09:16:12,409 INFO  server.RaftServerConfigKeys (ConfUtils.java:logGet(43)) - raft.server.log.force.sync.num = 128 (default)
2019-06-18 09:16:12,409 INFO  server.RaftServerConfigKeys (ConfUtils.java:logGet(43)) - raft.server.log.statemachine.data.sync = true (default)
2019-06-18 09:16:12,408 INFO  impl.RaftServerImpl (RaftServerImpl.java:<init>(91)) - 54c91d56-a6b8-4622-a61c-de46d8b81a5e: new RaftServerImpl for group-8F4576DA50B3:[905349fd-0ddc-4287-bddb-3368864cef2a:192.168.46.50:41389, 54c91d56-a6b8-4622-a61c-de46d8b81a5e:192.168.46.50:35879, 257d68ee-ec95-424d-9fd4-83d5efff9bfc:192.168.46.50:39549] with ContainerStateMachine:uninitialized
2019-06-18 09:16:12,410 INFO  server.RaftServerConfigKeys (ConfUtils.java:logGet(43)) - raft.server.rpc.timeout.min = 1s (custom)
2019-06-18 09:16:12,410 INFO  server.RaftServerConfigKeys (ConfUtils.java:logGet(43)) - raft.server.rpc.timeout.max = 1200ms (custom)
2019-06-18 09:16:12,410 INFO  server.RaftServerConfigKeys (ConfUtils.java:logGet(43)) - raft.server.rpcslowness.timeout = 120s (custom)
2019-06-18 09:16:12,410 INFO  server.RaftServerConfigKeys (ConfUtils.java:logGet(43)) - raft.server.log.appender.install.snapshot.enabled = true (default)
2019-06-18 09:16:12,410 INFO  impl.RaftServerImpl (ServerState.java:<init>(101)) - 54c91d56-a6b8-4622-a61c-de46d8b81a5e:group-8F4576DA50B3 ConfigurationManager, init=-1: [905349fd-0ddc-4287-bddb-3368864cef2a:192.168.46.50:41389, 54c91d56-a6b8-4622-a61c-de46d8b81a5e:192.168.46.50:35879, 257d68ee-ec95-424d-9fd4-83d5efff9bfc:192.168.46.50:39549], old=null, confs=<EMPTY_MAP>
2019-06-18 09:16:12,410 INFO  server.RaftServerConfigKeys (ConfUtils.java:logGet(43)) - raft.server.storage.dir = [/opt/src/hadoop-ozone/tools/target/test-dir/MiniOzoneClusterImpl-6a91cba8-de09-4772-a400-dcfdecb732a8/datanode-2/data/ratis] (custom)
2019-06-18 09:16:12,411 INFO  storage.RaftStorageDirectory (RaftStorageDirectory.java:analyzeStorage(246)) - The storage directory /opt/src/hadoop-ozone/tools/target/test-dir/MiniOzoneClusterImpl-6a91cba8-de09-4772-a400-dcfdecb732a8/datanode-2/data/ratis/7035b781-c68a-406c-82b1-8f4576da50b3 does not exist. Creating ...
2019-06-18 09:16:12,407 INFO  impl.RaftServerProxy (RaftServerProxy.java:addNew(89)) - 54c91d56-a6b8-4622-a61c-de46d8b81a5e: addNew group-8F4576DA50B3:[905349fd-0ddc-4287-bddb-3368864cef2a:192.168.46.50:41389, 54c91d56-a6b8-4622-a61c-de46d8b81a5e:192.168.46.50:35879, 257d68ee-ec95-424d-9fd4-83d5efff9bfc:192.168.46.50:39549] returns group-8F4576DA50B3:java.util.concurrent.CompletableFuture@4e54786e[Not completed]
2019-06-18 09:16:12,410 INFO  impl.RaftServerImpl (RaftServerImpl.java:<init>(91)) - 905349fd-0ddc-4287-bddb-3368864cef2a: new RaftServerImpl for group-8F4576DA50B3:[905349fd-0ddc-4287-bddb-3368864cef2a:192.168.46.50:41389, 54c91d56-a6b8-4622-a61c-de46d8b81a5e:192.168.46.50:35879, 257d68ee-ec95-424d-9fd4-83d5efff9bfc:192.168.46.50:39549] with ContainerStateMachine:uninitialized
2019-06-18 09:16:12,410 INFO  impl.RaftServerProxy (RaftServerProxy.java:addNew(89)) - 905349fd-0ddc-4287-bddb-3368864cef2a: addNew group-8F4576DA50B3:[905349fd-0ddc-4287-bddb-3368864cef2a:192.168.46.50:41389, 54c91d56-a6b8-4622-a61c-de46d8b81a5e:192.168.46.50:35879, 257d68ee-ec95-424d-9fd4-83d5efff9bfc:192.168.46.50:39549] returns group-8F4576DA50B3:java.util.concurrent.CompletableFuture@77932764[Not completed]
2019-06-18 09:16:12,411 INFO  server.RaftServerConfigKeys (ConfUtils.java:logGet(43)) - raft.server.rpc.timeout.min = 1s (custom)
2019-06-18 09:16:12,412 INFO  server.RaftServerConfigKeys (ConfUtils.java:logGet(43)) - raft.server.rpc.timeout.max = 1200ms (custom)
2019-06-18 09:16:12,412 INFO  server.RaftServerConfigKeys (ConfUtils.java:logGet(43)) - raft.server.rpcslowness.timeout = 120s (custom)
2019-06-18 09:16:12,412 INFO  server.RaftServerConfigKeys (ConfUtils.java:logGet(43)) - raft.server.log.appender.install.snapshot.enabled = true (default)
2019-06-18 09:16:12,412 INFO  impl.RaftServerImpl (ServerState.java:<init>(101)) - 905349fd-0ddc-4287-bddb-3368864cef2a:group-8F4576DA50B3 ConfigurationManager, init=-1: [905349fd-0ddc-4287-bddb-3368864cef2a:192.168.46.50:41389, 54c91d56-a6b8-4622-a61c-de46d8b81a5e:192.168.46.50:35879, 257d68ee-ec95-424d-9fd4-83d5efff9bfc:192.168.46.50:39549], old=null, confs=<EMPTY_MAP>
2019-06-18 09:16:12,412 INFO  server.RaftServerConfigKeys (ConfUtils.java:logGet(43)) - raft.server.storage.dir = [/opt/src/hadoop-ozone/tools/target/test-dir/MiniOzoneClusterImpl-6a91cba8-de09-4772-a400-dcfdecb732a8/datanode-1/data/ratis] (custom)
2019-06-18 09:16:12,412 INFO  storage.RaftStorageDirectory (RaftStorageDirectory.java:analyzeStorage(246)) - The storage directory /opt/src/hadoop-ozone/tools/target/test-dir/MiniOzoneClusterImpl-6a91cba8-de09-4772-a400-dcfdecb732a8/datanode-1/data/ratis/7035b781-c68a-406c-82b1-8f4576da50b3 does not exist. Creating ...
2019-06-18 09:16:12,413 INFO  storage.RaftStorageDirectory (RaftStorageDirectory.java:tryLock(328)) - Lock on /opt/src/hadoop-ozone/tools/target/test-dir/MiniOzoneClusterImpl-6a91cba8-de09-4772-a400-dcfdecb732a8/datanode-2/data/ratis/7035b781-c68a-406c-82b1-8f4576da50b3/in_use.lock acquired by nodename 23147@ozone-unit-076618677d396fw8-2484198397
2019-06-18 09:16:12,411 INFO  server.RaftServerConfigKeys (ConfUtils.java:logGet(43)) - raft.server.log.statemachine.data.sync.timeout = 10s (default)
2019-06-18 09:16:12,413 INFO  server.RaftServerConfigKeys (ConfUtils.java:logGet(43)) - raft.server.log.statemachine.data.sync.timeout.retry = -1 (default)
2019-06-18 09:16:12,413 INFO  server.RaftServerConfigKeys (ConfUtils.java:logGet(43)) - raft.server.log.statemachine.data.caching.enabled = true (custom)
2019-06-18 09:16:12,413 INFO  server.RaftServerConfigKeys (ConfUtils.java:logGet(43)) - raft.server.snapshot.auto.trigger.enabled = true (custom)
2019-06-18 09:16:12,414 INFO  server.RaftServerConfigKeys (ConfUtils.java:logGet(43)) - raft.server.snapshot.auto.trigger.threshold = 10000 (custom)
2019-06-18 09:16:12,414 INFO  server.RaftServerConfigKeys (ConfUtils.java:logGet(43)) - raft.server.retrycache.expirytime = 600000ms (custom)
2019-06-18 09:16:12,414 INFO  impl.RaftServerImpl (RaftServerImpl.java:start(173)) - 257d68ee-ec95-424d-9fd4-83d5efff9bfc: start group-8F4576DA50B3
2019-06-18 09:16:12,414 INFO  impl.RaftServerImpl (RaftServerImpl.java:setRole(164)) - 257d68ee-ec95-424d-9fd4-83d5efff9bfc:group-8F4576DA50B3 changes role from null to FOLLOWER at term 0 for startAsFollower
2019-06-18 09:16:12,414 INFO  impl.RoleInfo (RoleInfo.java:updateAndGet(143)) - 257d68ee-ec95-424d-9fd4-83d5efff9bfc: start FollowerState
2019-06-18 09:16:12,414 INFO  util.JmxRegister (JmxRegister.java:tryRegister(44)) - Successfully registered JMX Bean with object name Ratis:service=RaftServer,group=group-8F4576DA50B3,id=257d68ee-ec95-424d-9fd4-83d5efff9bfc
2019-06-18 09:16:12,415 INFO  storage.RaftStorage (RaftStorage.java:format(75)) - Storage directory /opt/src/hadoop-ozone/tools/target/test-dir/MiniOzoneClusterImpl-6a91cba8-de09-4772-a400-dcfdecb732a8/datanode-2/data/ratis/7035b781-c68a-406c-82b1-8f4576da50b3 has been successfully formatted.
2019-06-18 09:16:12,414 INFO  storage.RaftStorageDirectory (RaftStorageDirectory.java:tryLock(328)) - Lock on /opt/src/hadoop-ozone/tools/target/test-dir/MiniOzoneClusterImpl-6a91cba8-de09-4772-a400-dcfdecb732a8/datanode-1/data/ratis/7035b781-c68a-406c-82b1-8f4576da50b3/in_use.lock acquired by nodename 23147@ozone-unit-076618677d396fw8-2484198397
2019-06-18 09:16:12,415 INFO  ratis.ContainerStateMachine (ContainerStateMachine.java:loadSnapshot(199)) - The snapshot info is null.Setting the last applied index to:(t:0, i:~)
2019-06-18 09:16:12,415 INFO  server.RaftServerConfigKeys (ConfUtils.java:logGet(43)) - raft.server.leader.election.timeout = 120s (custom)
2019-06-18 09:16:12,415 INFO  server.RaftServerConfigKeys (ConfUtils.java:logGet(43)) - raft.server.log.use.memory = false (default)
2019-06-18 09:16:12,415 INFO  server.RaftServerConfigKeys (ConfUtils.java:logGet(43)) - raft.server.log.appender.buffer.byte-limit = 33554432 (custom)
2019-06-18 09:16:12,415 INFO  server.RaftServerConfigKeys (ConfUtils.java:logGet(43)) - raft.server.log.segment.size.max = 16384 (custom)
2019-06-18 09:16:12,416 INFO  server.RaftServerConfigKeys (ConfUtils.java:logGet(43)) - raft.server.log.segment.cache.num.max = 2 (custom)
2019-06-18 09:16:12,416 INFO  storage.RaftLogWorker (RaftLogWorker.java:<init>(123)) - new 54c91d56-a6b8-4622-a61c-de46d8b81a5e-RaftLogWorker for Storage Directory /opt/src/hadoop-ozone/tools/target/test-dir/MiniOzoneClusterImpl-6a91cba8-de09-4772-a400-dcfdecb732a8/datanode-2/data/ratis/7035b781-c68a-406c-82b1-8f4576da50b3
2019-06-18 09:16:12,416 INFO  server.RaftServerConfigKeys (ConfUtils.java:logGet(43)) - raft.server.log.queue.byte-limit = 2147483647 (custom)
2019-06-18 09:16:12,416 INFO  server.RaftServerConfigKeys (ConfUtils.java:logGet(43)) - raft.server.log.queue.element-limit = 1024 (custom)
2019-06-18 09:16:12,416 INFO  server.RaftServerConfigKeys (ConfUtils.java:logGet(43)) - raft.server.log.segment.size.max = 16384 (custom)
2019-06-18 09:16:12,416 INFO  server.RaftServerConfigKeys (ConfUtils.java:logGet(43)) - raft.server.log.preallocated.size = 16384 (custom)
2019-06-18 09:16:12,417 INFO  server.RaftServerConfigKeys (ConfUtils.java:logGet(43)) - raft.server.log.write.buffer.size = 33554432 (custom)
2019-06-18 09:16:12,417 INFO  storage.RaftStorage (RaftStorage.java:format(75)) - Storage directory /opt/src/hadoop-ozone/tools/target/test-dir/MiniOzoneClusterImpl-6a91cba8-de09-4772-a400-dcfdecb732a8/datanode-1/data/ratis/7035b781-c68a-406c-82b1-8f4576da50b3 has been successfully formatted.
2019-06-18 09:16:12,422 INFO  ratis.ContainerStateMachine (ContainerStateMachine.java:loadSnapshot(199)) - The snapshot info is null.Setting the last applied index to:(t:0, i:~)
2019-06-18 09:16:12,422 INFO  server.RaftServerConfigKeys (ConfUtils.java:logGet(43)) - raft.server.leader.election.timeout = 120s (custom)
2019-06-18 09:16:12,422 INFO  server.RaftServerConfigKeys (ConfUtils.java:logGet(43)) - raft.server.log.use.memory = false (default)
2019-06-18 09:16:12,422 INFO  server.RaftServerConfigKeys (ConfUtils.java:logGet(43)) - raft.server.log.appender.buffer.byte-limit = 33554432 (custom)
2019-06-18 09:16:12,422 INFO  server.RaftServerConfigKeys (ConfUtils.java:logGet(43)) - raft.server.log.segment.size.max = 16384 (custom)
2019-06-18 09:16:12,422 INFO  server.RaftServerConfigKeys (ConfUtils.java:logGet(43)) - raft.server.log.segment.cache.num.max = 2 (custom)
2019-06-18 09:16:12,422 INFO  storage.RaftLogWorker (RaftLogWorker.java:<init>(123)) - new 905349fd-0ddc-4287-bddb-3368864cef2a-RaftLogWorker for Storage Directory /opt/src/hadoop-ozone/tools/target/test-dir/MiniOzoneClusterImpl-6a91cba8-de09-4772-a400-dcfdecb732a8/datanode-1/data/ratis/7035b781-c68a-406c-82b1-8f4576da50b3
2019-06-18 09:16:12,423 INFO  server.RaftServerConfigKeys (ConfUtils.java:logGet(43)) - raft.server.log.queue.byte-limit = 2147483647 (custom)
2019-06-18 09:16:12,423 INFO  server.RaftServerConfigKeys (ConfUtils.java:logGet(43)) - raft.server.log.queue.element-limit = 1024 (custom)
2019-06-18 09:16:12,423 INFO  server.RaftServerConfigKeys (ConfUtils.java:logGet(43)) - raft.server.log.segment.size.max = 16384 (custom)
2019-06-18 09:16:12,423 INFO  server.RaftServerConfigKeys (ConfUtils.java:logGet(43)) - raft.server.log.preallocated.size = 16384 (custom)
2019-06-18 09:16:12,423 INFO  server.RaftServerConfigKeys (ConfUtils.java:logGet(43)) - raft.server.log.write.buffer.size = 33554432 (custom)
2019-06-18 09:16:12,423 INFO  server.RaftServerConfigKeys (ConfUtils.java:logGet(43)) - raft.server.log.force.sync.num = 128 (default)
2019-06-18 09:16:12,423 INFO  server.RaftServerConfigKeys (ConfUtils.java:logGet(43)) - raft.server.log.statemachine.data.sync = true (default)
2019-06-18 09:16:12,423 INFO  server.RaftServerConfigKeys (ConfUtils.java:logGet(43)) - raft.server.log.statemachine.data.sync.timeout = 10s (default)
2019-06-18 09:16:12,423 INFO  server.RaftServerConfigKeys (ConfUtils.java:logGet(43)) - raft.server.log.statemachine.data.sync.timeout.retry = -1 (default)
2019-06-18 09:16:12,424 INFO  server.RaftServerConfigKeys (ConfUtils.java:logGet(43)) - raft.server.log.statemachine.data.caching.enabled = true (custom)
2019-06-18 09:16:12,424 INFO  server.RaftServerConfigKeys (ConfUtils.java:logGet(43)) - raft.server.snapshot.auto.trigger.enabled = true (custom)
2019-06-18 09:16:12,424 INFO  server.RaftServerConfigKeys (ConfUtils.java:logGet(43)) - raft.server.snapshot.auto.trigger.threshold = 10000 (custom)
2019-06-18 09:16:12,424 INFO  server.RaftServerConfigKeys (ConfUtils.java:logGet(43)) - raft.server.retrycache.expirytime = 600000ms (custom)
2019-06-18 09:16:12,424 INFO  impl.RaftServerImpl (RaftServerImpl.java:start(173)) - 905349fd-0ddc-4287-bddb-3368864cef2a: start group-8F4576DA50B3
2019-06-18 09:16:12,424 INFO  impl.RaftServerImpl (RaftServerImpl.java:setRole(164)) - 905349fd-0ddc-4287-bddb-3368864cef2a:group-8F4576DA50B3 changes role from null to FOLLOWER at term 0 for startAsFollower
2019-06-18 09:16:12,417 INFO  server.RaftServerConfigKeys (ConfUtils.java:logGet(43)) - raft.server.log.force.sync.num = 128 (default)
2019-06-18 09:16:12,425 INFO  impl.RoleInfo (RoleInfo.java:updateAndGet(143)) - 905349fd-0ddc-4287-bddb-3368864cef2a: start FollowerState
2019-06-18 09:16:12,425 INFO  server.RaftServerConfigKeys (ConfUtils.java:logGet(43)) - raft.server.log.statemachine.data.sync = true (default)
2019-06-18 09:16:12,425 INFO  server.RaftServerConfigKeys (ConfUtils.java:logGet(43)) - raft.server.log.statemachine.data.sync.timeout = 10s (default)
2019-06-18 09:16:12,425 INFO  server.RaftServerConfigKeys (ConfUtils.java:logGet(43)) - raft.server.log.statemachine.data.sync.timeout.retry = -1 (default)
2019-06-18 09:16:12,425 INFO  server.RaftServerConfigKeys (ConfUtils.java:logGet(43)) - raft.server.log.statemachine.data.caching.enabled = true (custom)
2019-06-18 09:16:12,426 INFO  util.JmxRegister (JmxRegister.java:tryRegister(44)) - Successfully registered JMX Bean with object name Ratis:service=RaftServer,group=group-8F4576DA50B3,id=905349fd-0ddc-4287-bddb-3368864cef2a
2019-06-18 09:16:12,427 INFO  server.RaftServerConfigKeys (ConfUtils.java:logGet(43)) - raft.server.snapshot.auto.trigger.enabled = true (custom)
2019-06-18 09:16:12,427 INFO  server.RaftServerConfigKeys (ConfUtils.java:logGet(43)) - raft.server.snapshot.auto.trigger.threshold = 10000 (custom)
2019-06-18 09:16:12,427 INFO  server.RaftServerConfigKeys (ConfUtils.java:logGet(43)) - raft.server.retrycache.expirytime = 600000ms (custom)
2019-06-18 09:16:12,428 INFO  impl.RaftServerImpl (RaftServerImpl.java:start(173)) - 54c91d56-a6b8-4622-a61c-de46d8b81a5e: start group-8F4576DA50B3
2019-06-18 09:16:12,428 INFO  impl.RaftServerImpl (RaftServerImpl.java:setRole(164)) - 54c91d56-a6b8-4622-a61c-de46d8b81a5e:group-8F4576DA50B3 changes role from null to FOLLOWER at term 0 for startAsFollower
2019-06-18 09:16:12,428 INFO  impl.RoleInfo (RoleInfo.java:updateAndGet(143)) - 54c91d56-a6b8-4622-a61c-de46d8b81a5e: start FollowerState
2019-06-18 09:16:12,428 INFO  util.JmxRegister (JmxRegister.java:tryRegister(44)) - Successfully registered JMX Bean with object name Ratis:service=RaftServer,group=group-8F4576DA50B3,id=54c91d56-a6b8-4622-a61c-de46d8b81a5e
2019-06-18 09:16:12,450 INFO  pipeline.PipelineStateManager (PipelineStateManager.java:addPipeline(56)) - Created pipeline Pipeline[ Id: 7035b781-c68a-406c-82b1-8f4576da50b3, Nodes: 905349fd-0ddc-4287-bddb-3368864cef2a{ip: 192.168.46.50, host: ozone-unit-076618677d396fw8-2484198397, networkLocation: /default-rack, certSerialId: null}257d68ee-ec95-424d-9fd4-83d5efff9bfc{ip: 192.168.46.50, host: ozone-unit-076618677d396fw8-2484198397, networkLocation: /default-rack, certSerialId: null}54c91d56-a6b8-4622-a61c-de46d8b81a5e{ip: 192.168.46.50, host: ozone-unit-076618677d396fw8-2484198397, networkLocation: /default-rack, certSerialId: null}, Type:RATIS, Factor:THREE, State:OPEN]
2019-06-18 09:16:12,968 INFO  ozone.MiniOzoneClusterImpl (MiniOzoneClusterImpl.java:lambda$waitForClusterToBeReady$0(142)) - Cluster is ready. Got 3 of 3 DN Heartbeats.
]]></system-out>
    <system-err><![CDATA[ERROR StatusLogger No Log4j 2 configuration file found. Using default configuration (logging only errors to the console), or user programmatically provided configurations. Set system property 'log4j2.debug' to show Log4j 2 internal initialization logging. See https://logging.apache.org/log4j/2.x/manual/configuration.html for instructions on how to configure Log4j 2
Jun 18, 2019 9:16:06 AM com.sun.jersey.server.impl.application.WebApplicationImpl _initiate
INFO: Initiating Jersey application, version 'Jersey: 1.19 02/11/2015 03:25 AM'
Jun 18, 2019 9:16:07 AM com.sun.jersey.server.impl.application.WebApplicationImpl _initiate
INFO: Initiating Jersey application, version 'Jersey: 1.19 02/11/2015 03:25 AM'
Jun 18, 2019 9:16:07 AM com.sun.jersey.server.impl.application.WebApplicationImpl _initiate
INFO: Initiating Jersey application, version 'Jersey: 1.19 02/11/2015 03:25 AM'
]]></system-err>
  </testcase>
</testsuite>